The seed number is set to 123
SuperConvK3BNRELU(3,16,2,1)SuperResIDWE1K3(16,32,2,32,4)SuperResIDWE4K3(32,64,2,80,2)SuperResIDWE1K3(64,80,2,120,2)SuperResIDWE4K5(80,88,2,240,3)SuperConvK1BNRELU(88,2048,1,1)
loop_count=100/10000, time=0.00528754h,
max_trainability=-0.0947246, min_trainability=-0.573647
max_complexity=3.63232e+08, min_complexity=2.05726e+08

SuperConvK3BNRELU(3,8,2,1)SuperResIDWE4K3(8,24,2,16,2)SuperResIDWE6K3(24,120,2,24,2)SuperResIDWE4K5(120,96,2,96,3)SuperResIDWE2K5(96,128,2,120,2)SuperConvK1BNRELU(128,2048,1,1)
loop_count=200/10000, time=0.0105734h,
max_trainability=-0.102772, min_trainability=-0.587828
max_complexity=4.3787e+08, min_complexity=9.50972e+07

SuperConvK3BNRELU(3,8,2,1)SuperResIDWE4K3(8,24,2,32,4)SuperResIDWE2K5(24,24,2,16,2)SuperResIDWE2K5(24,64,2,32,2)SuperResIDWE4K3(64,344,2,128,2)SuperConvK1BNRELU(344,2048,1,1)
loop_count=300/10000, time=0.0155786h,
max_trainability=-0.0596159, min_trainability=-0.587828
max_complexity=3.66829e+08, min_complexity=9.50972e+07

SuperConvK3BNRELU(3,16,2,1)SuperResIDWE2K3(16,32,2,24,5)SuperResIDWE4K3(32,64,2,80,2)SuperResIDWE1K3(64,80,2,120,2)SuperResIDWE4K5(80,88,2,240,3)SuperConvK1BNRELU(88,2048,1,1)
loop_count=400/10000, time=0.0214527h,
max_trainability=-0.0858229, min_trainability=-0.587828
max_complexity=4.44887e+08, min_complexity=9.50972e+07

SuperConvK3BNRELU(3,16,2,1)SuperResIDWE2K3(16,32,2,24,5)SuperResIDWE4K3(32,64,2,80,2)SuperResIDWE1K3(64,80,2,120,2)SuperResIDWE4K3(80,112,2,120,3)SuperConvK1BNRELU(112,2048,1,1)
loop_count=500/10000, time=0.0269377h,
max_trainability=-0.0374187, min_trainability=-0.816409
max_complexity=4.03863e+08, min_complexity=1.33822e+08

SuperConvK3BNRELU(3,40,2,1)SuperResIDWE2K3(40,32,2,24,5)SuperResIDWE4K3(32,64,2,80,2)SuperResIDWE1K3(64,80,2,120,2)SuperResIDWE4K3(80,112,2,120,3)SuperConvK1BNRELU(112,2048,1,1)
loop_count=600/10000, time=0.0341021h,
max_trainability=-0.0425495, min_trainability=-0.816409
max_complexity=4.27195e+08, min_complexity=1.33822e+08

SuperConvK3BNRELU(3,40,2,1)SuperResIDWE2K3(40,32,2,24,5)SuperResIDWE4K3(32,64,2,80,2)SuperResIDWE1K3(64,80,2,120,2)SuperResIDWE4K3(80,112,2,120,3)SuperConvK1BNRELU(112,2048,1,1)
loop_count=700/10000, time=0.0408862h,
max_trainability=-0.0425495, min_trainability=-0.816409
max_complexity=4.27195e+08, min_complexity=1.33822e+08

SuperConvK3BNRELU(3,16,2,1)SuperResIDWE2K3(16,32,2,16,2)SuperResIDWE6K5(32,64,2,48,4)SuperResIDWE1K5(64,120,2,64,1)SuperResIDWE1K7(120,208,2,96,3)SuperConvK1BNRELU(208,2048,1,1)
loop_count=800/10000, time=0.047259h,
max_trainability=-0.0452657, min_trainability=-0.816409
max_complexity=4.32549e+08, min_complexity=1.33822e+08

SuperConvK3BNRELU(3,16,2,1)SuperResIDWE2K3(16,32,2,16,2)SuperResIDWE6K5(32,64,2,48,4)SuperResIDWE1K5(64,120,2,64,1)SuperResIDWE1K7(120,208,2,96,3)SuperConvK1BNRELU(208,2048,1,1)
loop_count=900/10000, time=0.0537431h,
max_trainability=-0.0452657, min_trainability=-0.816409
max_complexity=4.32549e+08, min_complexity=1.33822e+08

SuperConvK3BNRELU(3,16,2,1)SuperResIDWE2K3(16,32,2,16,2)SuperResIDWE6K5(32,64,2,48,4)SuperResIDWE1K5(64,120,2,64,1)SuperResIDWE1K7(120,208,2,96,3)SuperConvK1BNRELU(208,2048,1,1)
loop_count=1000/10000, time=0.0601097h,
max_trainability=-0.0452657, min_trainability=-0.816409
max_complexity=4.32549e+08, min_complexity=1.33822e+08

SuperConvK3BNRELU(3,16,2,1)SuperResIDWE2K3(16,32,2,16,2)SuperResIDWE6K5(32,64,2,48,4)SuperResIDWE1K5(64,120,2,64,1)SuperResIDWE1K7(120,208,2,96,3)SuperConvK1BNRELU(208,2048,1,1)
loop_count=1100/10000, time=0.0666568h,
max_trainability=-0.0452657, min_trainability=-0.816409
max_complexity=4.32549e+08, min_complexity=1.33822e+08

SuperConvK3BNRELU(3,16,2,1)SuperResIDWE2K3(16,32,2,16,2)SuperResIDWE6K5(32,64,2,48,4)SuperResIDWE1K5(64,120,2,64,1)SuperResIDWE1K7(120,208,2,96,3)SuperConvK1BNRELU(208,2048,1,1)
loop_count=1200/10000, time=0.072598h,
max_trainability=-0.0452657, min_trainability=-0.816409
max_complexity=4.32549e+08, min_complexity=1.33822e+08

SuperConvK3BNRELU(3,16,2,1)SuperResIDWE2K3(16,32,2,16,2)SuperResIDWE6K5(32,64,2,48,4)SuperResIDWE1K5(64,120,2,64,1)SuperResIDWE1K7(120,208,2,96,3)SuperConvK1BNRELU(208,2048,1,1)
loop_count=1300/10000, time=0.0800556h,
max_trainability=-0.0452657, min_trainability=-0.816409
max_complexity=4.32549e+08, min_complexity=1.33822e+08

SuperConvK3BNRELU(3,16,2,1)SuperResIDWE2K3(16,32,2,16,2)SuperResIDWE6K5(32,64,2,48,4)SuperResIDWE1K5(64,120,2,64,1)SuperResIDWE1K7(120,208,2,96,3)SuperConvK1BNRELU(208,2048,1,1)
loop_count=1400/10000, time=0.0876766h,
max_trainability=-0.0452657, min_trainability=-0.816409
max_complexity=4.32549e+08, min_complexity=1.33822e+08

SuperConvK3BNRELU(3,16,2,1)SuperResIDWE2K3(16,32,2,16,2)SuperResIDWE6K5(32,64,2,48,4)SuperResIDWE1K5(64,120,2,64,1)SuperResIDWE1K7(120,208,2,96,3)SuperConvK1BNRELU(208,2048,1,1)
loop_count=1500/10000, time=0.095523h,
max_trainability=-0.0452657, min_trainability=-0.816409
max_complexity=4.32549e+08, min_complexity=1.33822e+08

SuperConvK3BNRELU(3,16,2,1)SuperResIDWE2K5(16,48,2,40,2)SuperResIDWE4K3(48,72,2,40,1)SuperResIDWE6K3(72,144,2,96,2)SuperResIDWE6K7(144,64,2,64,3)SuperConvK1BNRELU(64,2048,1,1)
loop_count=1600/10000, time=0.102047h,
max_trainability=-0.0177868, min_trainability=-0.816409
max_complexity=4.23847e+08, min_complexity=1.33822e+08

SuperConvK3BNRELU(3,16,2,1)SuperResIDWE2K5(16,48,2,40,2)SuperResIDWE4K3(48,72,2,40,1)SuperResIDWE6K3(72,144,2,96,2)SuperResIDWE6K7(144,64,2,64,3)SuperConvK1BNRELU(64,2048,1,1)
loop_count=1700/10000, time=0.108686h,
max_trainability=-0.0177868, min_trainability=-0.816409
max_complexity=4.23847e+08, min_complexity=1.33822e+08

SuperConvK3BNRELU(3,16,2,1)SuperResIDWE2K5(16,48,2,40,2)SuperResIDWE4K3(48,72,2,40,1)SuperResIDWE6K3(72,144,2,96,2)SuperResIDWE6K7(144,64,2,64,3)SuperConvK1BNRELU(64,2048,1,1)
loop_count=1800/10000, time=0.115723h,
max_trainability=-0.0177868, min_trainability=-0.816409
max_complexity=4.23847e+08, min_complexity=1.33822e+08

SuperConvK3BNRELU(3,16,2,1)SuperResIDWE2K5(16,48,2,40,2)SuperResIDWE4K3(48,72,2,40,1)SuperResIDWE6K3(72,144,2,96,2)SuperResIDWE6K7(144,64,2,64,3)SuperConvK1BNRELU(64,2048,1,1)
loop_count=1900/10000, time=0.122891h,
max_trainability=-0.0177868, min_trainability=-0.816409
max_complexity=4.23847e+08, min_complexity=1.33822e+08

SuperConvK3BNRELU(3,16,2,1)SuperResIDWE2K5(16,48,2,40,2)SuperResIDWE4K3(48,72,2,40,1)SuperResIDWE6K3(72,144,2,96,2)SuperResIDWE6K7(144,64,2,64,3)SuperConvK1BNRELU(64,2048,1,1)
loop_count=2000/10000, time=0.12957h,
max_trainability=-0.0177868, min_trainability=-0.816409
max_complexity=4.23847e+08, min_complexity=1.33822e+08

SuperConvK3BNRELU(3,16,2,1)SuperResIDWE2K5(16,48,2,40,2)SuperResIDWE4K3(48,72,2,40,1)SuperResIDWE6K3(72,144,2,96,2)SuperResIDWE6K7(144,64,2,64,3)SuperConvK1BNRELU(64,2048,1,1)
loop_count=2100/10000, time=0.136549h,
max_trainability=-0.0177868, min_trainability=-0.816409
max_complexity=4.23847e+08, min_complexity=1.33822e+08

SuperConvK3BNRELU(3,16,2,1)SuperResIDWE2K5(16,48,2,40,2)SuperResIDWE4K3(48,72,2,40,1)SuperResIDWE6K3(72,144,2,96,2)SuperResIDWE6K7(144,64,2,64,3)SuperConvK1BNRELU(64,2048,1,1)
loop_count=2200/10000, time=0.142888h,
max_trainability=-0.0177868, min_trainability=-0.816409
max_complexity=4.23847e+08, min_complexity=1.33822e+08

SuperConvK3BNRELU(3,16,2,1)SuperResIDWE6K3(16,32,2,8,1)SuperResIDWE2K5(32,80,2,200,2)SuperResIDWE4K3(80,144,2,40,1)SuperResIDWE2K3(144,48,2,48,4)SuperConvK1BNRELU(48,2048,1,1)
loop_count=2300/10000, time=0.150969h,
max_trainability=-0.013548, min_trainability=-0.816409
max_complexity=4.24308e+08, min_complexity=1.33822e+08

SuperConvK3BNRELU(3,16,2,1)SuperResIDWE6K3(16,32,2,8,1)SuperResIDWE2K5(32,80,2,200,2)SuperResIDWE4K3(80,144,2,40,1)SuperResIDWE2K3(144,48,2,48,4)SuperConvK1BNRELU(48,2048,1,1)
loop_count=2400/10000, time=0.157318h,
max_trainability=-0.013548, min_trainability=-0.816409
max_complexity=4.24308e+08, min_complexity=1.33822e+08

SuperConvK3BNRELU(3,16,2,1)SuperResIDWE6K3(16,32,2,8,1)SuperResIDWE2K5(32,80,2,200,2)SuperResIDWE4K3(80,144,2,40,1)SuperResIDWE2K3(144,48,2,48,4)SuperConvK1BNRELU(48,2048,1,1)
loop_count=2500/10000, time=0.163984h,
max_trainability=-0.013548, min_trainability=-0.816409
max_complexity=4.24308e+08, min_complexity=1.33822e+08

SuperConvK3BNRELU(3,16,2,1)SuperResIDWE6K3(16,32,2,8,1)SuperResIDWE2K5(32,80,2,200,2)SuperResIDWE4K3(80,144,2,40,1)SuperResIDWE2K3(144,48,2,48,4)SuperConvK1BNRELU(48,2048,1,1)
loop_count=2600/10000, time=0.171566h,
max_trainability=-0.013548, min_trainability=-0.816409
max_complexity=4.24308e+08, min_complexity=1.33822e+08

SuperConvK3BNRELU(3,16,2,1)SuperResIDWE6K3(16,32,2,8,1)SuperResIDWE2K5(32,80,2,200,2)SuperResIDWE4K3(80,144,2,40,1)SuperResIDWE2K3(144,48,2,48,4)SuperConvK1BNRELU(48,2048,1,1)
loop_count=2700/10000, time=0.178228h,
max_trainability=-0.013548, min_trainability=-0.816409
max_complexity=4.24308e+08, min_complexity=1.33822e+08

SuperConvK3BNRELU(3,16,2,1)SuperResIDWE6K3(16,32,2,8,1)SuperResIDWE2K5(32,80,2,200,2)SuperResIDWE4K3(80,144,2,40,1)SuperResIDWE2K3(144,48,2,48,4)SuperConvK1BNRELU(48,2048,1,1)
loop_count=2800/10000, time=0.183428h,
max_trainability=-0.013548, min_trainability=-0.816409
max_complexity=4.24308e+08, min_complexity=1.33822e+08

SuperConvK3BNRELU(3,16,2,1)SuperResIDWE6K3(16,32,2,8,1)SuperResIDWE2K5(32,80,2,200,2)SuperResIDWE4K3(80,144,2,40,1)SuperResIDWE2K3(144,48,2,48,4)SuperConvK1BNRELU(48,2048,1,1)
loop_count=2900/10000, time=0.189207h,
max_trainability=-0.013548, min_trainability=-0.816409
max_complexity=4.24308e+08, min_complexity=1.33822e+08

SuperConvK3BNRELU(3,32,2,1)SuperResIDWE1K7(32,24,2,32,5)SuperResIDWE4K3(24,64,2,80,2)SuperResIDWE4K3(64,80,2,96,3)SuperResIDWE2K7(80,224,2,120,1)SuperConvK1BNRELU(224,2048,1,1)
loop_count=3000/10000, time=0.195091h,
max_trainability=-0.00140549, min_trainability=-0.816409
max_complexity=4.4116e+08, min_complexity=1.33822e+08

SuperConvK3BNRELU(3,32,2,1)SuperResIDWE1K7(32,24,2,32,5)SuperResIDWE4K3(24,64,2,80,2)SuperResIDWE4K3(64,80,2,96,3)SuperResIDWE2K7(80,224,2,120,1)SuperConvK1BNRELU(224,2048,1,1)
loop_count=3100/10000, time=0.200717h,
max_trainability=-0.00140549, min_trainability=-0.816409
max_complexity=4.4116e+08, min_complexity=1.33822e+08

SuperConvK3BNRELU(3,32,2,1)SuperResIDWE1K7(32,24,2,32,5)SuperResIDWE4K3(24,64,2,80,2)SuperResIDWE4K3(64,80,2,96,3)SuperResIDWE2K7(80,224,2,120,1)SuperConvK1BNRELU(224,2048,1,1)
loop_count=3200/10000, time=0.208229h,
max_trainability=-0.00140549, min_trainability=-0.816409
max_complexity=4.4116e+08, min_complexity=1.33822e+08

SuperConvK3BNRELU(3,32,2,1)SuperResIDWE1K7(32,24,2,32,5)SuperResIDWE4K3(24,64,2,80,2)SuperResIDWE4K3(64,80,2,96,3)SuperResIDWE2K7(80,224,2,120,1)SuperConvK1BNRELU(224,2048,1,1)
loop_count=3300/10000, time=0.216854h,
max_trainability=-0.00140549, min_trainability=-0.816409
max_complexity=4.4116e+08, min_complexity=1.33822e+08

SuperConvK3BNRELU(3,32,2,1)SuperResIDWE1K7(32,24,2,32,5)SuperResIDWE4K3(24,64,2,80,2)SuperResIDWE4K3(64,80,2,96,3)SuperResIDWE2K7(80,224,2,120,1)SuperConvK1BNRELU(224,2048,1,1)
loop_count=3400/10000, time=0.224826h,
max_trainability=-0.00140549, min_trainability=-0.816409
max_complexity=4.4116e+08, min_complexity=1.33822e+08

SuperConvK3BNRELU(3,40,2,1)SuperResIDWE1K7(40,24,2,32,5)SuperResIDWE4K3(24,64,2,80,2)SuperResIDWE4K3(64,80,2,96,3)SuperResIDWE2K7(80,224,2,120,1)SuperConvK1BNRELU(224,2048,1,1)
loop_count=3500/10000, time=0.232684h,
max_trainability=-0.00870342, min_trainability=-0.816409
max_complexity=4.47381e+08, min_complexity=1.33822e+08

SuperConvK3BNRELU(3,40,2,1)SuperResIDWE1K7(40,24,2,32,5)SuperResIDWE4K3(24,64,2,80,2)SuperResIDWE4K3(64,80,2,96,3)SuperResIDWE2K7(80,224,2,120,1)SuperConvK1BNRELU(224,2048,1,1)
loop_count=3600/10000, time=0.239066h,
max_trainability=-0.00870342, min_trainability=-0.816409
max_complexity=4.47381e+08, min_complexity=1.33822e+08

SuperConvK3BNRELU(3,40,2,1)SuperResIDWE1K7(40,24,2,32,5)SuperResIDWE4K3(24,64,2,80,2)SuperResIDWE4K3(64,80,2,96,3)SuperResIDWE2K7(80,224,2,120,1)SuperConvK1BNRELU(224,2048,1,1)
loop_count=3700/10000, time=0.245155h,
max_trainability=-0.00870342, min_trainability=-0.816409
max_complexity=4.47381e+08, min_complexity=1.33822e+08

SuperConvK3BNRELU(3,40,2,1)SuperResIDWE1K7(40,24,2,32,5)SuperResIDWE4K3(24,64,2,80,2)SuperResIDWE4K3(64,80,2,96,3)SuperResIDWE2K7(80,224,2,120,1)SuperConvK1BNRELU(224,2048,1,1)
loop_count=3800/10000, time=0.25055h,
max_trainability=-0.00870342, min_trainability=-0.816409
max_complexity=4.47381e+08, min_complexity=1.33822e+08

SuperConvK3BNRELU(3,40,2,1)SuperResIDWE1K7(40,24,2,32,5)SuperResIDWE4K3(24,64,2,80,2)SuperResIDWE4K3(64,80,2,96,3)SuperResIDWE2K7(80,224,2,120,1)SuperConvK1BNRELU(224,2048,1,1)
loop_count=3900/10000, time=0.25717h,
max_trainability=-0.00870342, min_trainability=-0.816409
max_complexity=4.47381e+08, min_complexity=1.33822e+08

SuperConvK3BNRELU(3,32,2,1)SuperResIDWE1K7(32,24,2,32,5)SuperResIDWE4K3(24,64,2,80,2)SuperResIDWE4K3(64,80,2,96,3)SuperResIDWE2K7(80,224,2,120,1)SuperConvK1BNRELU(224,2048,1,1)
loop_count=4000/10000, time=0.263682h,
max_trainability=-0.00140549, min_trainability=-0.816409
max_complexity=4.4116e+08, min_complexity=1.33822e+08

SuperConvK3BNRELU(3,32,2,1)SuperResIDWE1K7(32,24,2,32,5)SuperResIDWE4K3(24,64,2,80,2)SuperResIDWE4K3(64,80,2,96,3)SuperResIDWE2K7(80,224,2,120,1)SuperConvK1BNRELU(224,2048,1,1)
loop_count=4100/10000, time=0.269858h,
max_trainability=-0.00140549, min_trainability=-0.816409
max_complexity=4.4116e+08, min_complexity=1.33822e+08

SuperConvK3BNRELU(3,40,2,1)SuperResIDWE1K7(40,24,2,32,5)SuperResIDWE4K3(24,64,2,80,2)SuperResIDWE4K3(64,80,2,96,3)SuperResIDWE2K7(80,224,2,120,1)SuperConvK1BNRELU(224,2048,1,1)
loop_count=4200/10000, time=0.275256h,
max_trainability=-0.00504738, min_trainability=-0.816409
max_complexity=4.47381e+08, min_complexity=1.33822e+08

SuperConvK3BNRELU(3,40,2,1)SuperResIDWE1K7(40,24,2,32,5)SuperResIDWE4K3(24,64,2,80,2)SuperResIDWE4K3(64,80,2,96,3)SuperResIDWE2K7(80,224,2,120,1)SuperConvK1BNRELU(224,2048,1,1)
loop_count=4300/10000, time=0.281696h,
max_trainability=-0.00504738, min_trainability=-0.816409
max_complexity=4.47381e+08, min_complexity=1.33822e+08

SuperConvK3BNRELU(3,40,2,1)SuperResIDWE1K7(40,24,2,32,5)SuperResIDWE4K3(24,64,2,80,2)SuperResIDWE4K3(64,80,2,96,3)SuperResIDWE2K7(80,224,2,120,1)SuperConvK1BNRELU(224,2048,1,1)
loop_count=4400/10000, time=0.289217h,
max_trainability=-0.00504738, min_trainability=-0.816409
max_complexity=4.47381e+08, min_complexity=1.33822e+08

SuperConvK3BNRELU(3,40,2,1)SuperResIDWE1K7(40,24,2,32,5)SuperResIDWE4K3(24,64,2,80,2)SuperResIDWE4K3(64,80,2,96,3)SuperResIDWE2K7(80,224,2,120,1)SuperConvK1BNRELU(224,2048,1,1)
loop_count=4500/10000, time=0.296907h,
max_trainability=-0.00504738, min_trainability=-0.816409
max_complexity=4.47381e+08, min_complexity=1.33822e+08

SuperConvK3BNRELU(3,40,2,1)SuperResIDWE1K7(40,24,2,32,5)SuperResIDWE4K3(24,64,2,80,2)SuperResIDWE4K3(64,80,2,96,3)SuperResIDWE2K7(80,224,2,120,1)SuperConvK1BNRELU(224,2048,1,1)
loop_count=4600/10000, time=0.3042h,
max_trainability=-0.00504738, min_trainability=-0.816409
max_complexity=4.47381e+08, min_complexity=1.33822e+08

SuperConvK3BNRELU(3,40,2,1)SuperResIDWE1K7(40,24,2,32,5)SuperResIDWE4K3(24,64,2,80,2)SuperResIDWE4K3(64,80,2,96,3)SuperResIDWE2K7(80,224,2,120,1)SuperConvK1BNRELU(224,2048,1,1)
loop_count=4700/10000, time=0.311526h,
max_trainability=-0.00504738, min_trainability=-0.816409
max_complexity=4.47381e+08, min_complexity=1.33822e+08

SuperConvK3BNRELU(3,40,2,1)SuperResIDWE1K7(40,24,2,32,5)SuperResIDWE4K3(24,64,2,80,2)SuperResIDWE4K3(64,80,2,96,3)SuperResIDWE2K7(80,224,2,120,1)SuperConvK1BNRELU(224,2048,1,1)
loop_count=4800/10000, time=0.317691h,
max_trainability=-0.00504738, min_trainability=-0.816409
max_complexity=4.47381e+08, min_complexity=1.33822e+08

SuperConvK3BNRELU(3,40,2,1)SuperResIDWE1K7(40,24,2,32,5)SuperResIDWE4K3(24,64,2,80,2)SuperResIDWE4K3(64,80,2,96,3)SuperResIDWE2K7(80,224,2,120,1)SuperConvK1BNRELU(224,2048,1,1)
loop_count=4900/10000, time=0.323429h,
max_trainability=-0.00504738, min_trainability=-0.816409
max_complexity=4.47381e+08, min_complexity=1.33822e+08

SuperConvK3BNRELU(3,40,2,1)SuperResIDWE1K7(40,24,2,32,5)SuperResIDWE4K3(24,64,2,80,2)SuperResIDWE4K3(64,80,2,96,3)SuperResIDWE2K7(80,224,2,120,1)SuperConvK1BNRELU(224,2048,1,1)
loop_count=5000/10000, time=0.329806h,
max_trainability=-0.00504738, min_trainability=-0.816409
max_complexity=4.47381e+08, min_complexity=1.33822e+08

SuperConvK3BNRELU(3,40,2,1)SuperResIDWE1K7(40,24,2,32,5)SuperResIDWE4K3(24,64,2,80,2)SuperResIDWE4K3(64,80,2,96,3)SuperResIDWE2K7(80,224,2,120,1)SuperConvK1BNRELU(224,2048,1,1)
loop_count=5100/10000, time=0.334867h,
max_trainability=-0.00504738, min_trainability=-0.816409
max_complexity=4.47381e+08, min_complexity=1.33822e+08

SuperConvK3BNRELU(3,40,2,1)SuperResIDWE1K7(40,24,2,32,5)SuperResIDWE4K3(24,64,2,80,2)SuperResIDWE4K3(64,80,2,96,3)SuperResIDWE2K7(80,224,2,120,1)SuperConvK1BNRELU(224,2048,1,1)
loop_count=5200/10000, time=0.339907h,
max_trainability=-0.00504738, min_trainability=-0.816409
max_complexity=4.47381e+08, min_complexity=1.33822e+08

SuperConvK3BNRELU(3,40,2,1)SuperResIDWE1K7(40,24,2,32,5)SuperResIDWE4K3(24,64,2,80,2)SuperResIDWE4K3(64,80,2,96,3)SuperResIDWE2K7(80,224,2,120,1)SuperConvK1BNRELU(224,2048,1,1)
loop_count=5300/10000, time=0.345773h,
max_trainability=-0.00504738, min_trainability=-0.816409
max_complexity=4.47381e+08, min_complexity=1.33822e+08

SuperConvK3BNRELU(3,40,2,1)SuperResIDWE1K7(40,24,2,32,5)SuperResIDWE4K3(24,64,2,80,2)SuperResIDWE4K3(64,80,2,96,3)SuperResIDWE2K7(80,224,2,120,1)SuperConvK1BNRELU(224,2048,1,1)
loop_count=5400/10000, time=0.351399h,
max_trainability=-0.00504738, min_trainability=-0.816409
max_complexity=4.47381e+08, min_complexity=1.33822e+08

SuperConvK3BNRELU(3,40,2,1)SuperResIDWE1K7(40,24,2,32,5)SuperResIDWE4K3(24,64,2,80,2)SuperResIDWE4K3(64,80,2,96,3)SuperResIDWE2K7(80,224,2,120,1)SuperConvK1BNRELU(224,2048,1,1)
loop_count=5500/10000, time=0.356552h,
max_trainability=-0.00504738, min_trainability=-0.816409
max_complexity=4.47381e+08, min_complexity=1.33822e+08

SuperConvK3BNRELU(3,40,2,1)SuperResIDWE1K7(40,24,2,32,5)SuperResIDWE4K3(24,64,2,80,2)SuperResIDWE4K3(64,80,2,96,3)SuperResIDWE2K7(80,224,2,120,1)SuperConvK1BNRELU(224,2048,1,1)
loop_count=5600/10000, time=0.362519h,
max_trainability=-0.00504738, min_trainability=-0.816409
max_complexity=4.47381e+08, min_complexity=1.33822e+08

SuperConvK3BNRELU(3,40,2,1)SuperResIDWE1K7(40,24,2,32,5)SuperResIDWE4K3(24,64,2,80,2)SuperResIDWE4K3(64,80,2,96,3)SuperResIDWE2K7(80,224,2,120,1)SuperConvK1BNRELU(224,2048,1,1)
loop_count=5700/10000, time=0.368131h,
max_trainability=-0.00504738, min_trainability=-0.816409
max_complexity=4.47381e+08, min_complexity=1.33822e+08

SuperConvK3BNRELU(3,40,2,1)SuperResIDWE1K7(40,24,2,32,5)SuperResIDWE4K3(24,64,2,80,2)SuperResIDWE4K3(64,80,2,96,3)SuperResIDWE2K7(80,224,2,120,1)SuperConvK1BNRELU(224,2048,1,1)
loop_count=5800/10000, time=0.375659h,
max_trainability=-0.0049821, min_trainability=-0.816409
max_complexity=4.47381e+08, min_complexity=1.33822e+08

SuperConvK3BNRELU(3,40,2,1)SuperResIDWE1K7(40,24,2,32,5)SuperResIDWE4K3(24,64,2,80,2)SuperResIDWE4K3(64,80,2,96,3)SuperResIDWE2K7(80,224,2,120,1)SuperConvK1BNRELU(224,2048,1,1)
loop_count=5900/10000, time=0.381718h,
max_trainability=-0.0049821, min_trainability=-0.816409
max_complexity=4.47381e+08, min_complexity=1.33822e+08

SuperConvK3BNRELU(3,40,2,1)SuperResIDWE1K7(40,24,2,32,5)SuperResIDWE4K3(24,64,2,80,2)SuperResIDWE4K3(64,80,2,96,3)SuperResIDWE2K7(80,224,2,120,1)SuperConvK1BNRELU(224,2048,1,1)
loop_count=6000/10000, time=0.386739h,
max_trainability=-0.0049821, min_trainability=-0.816409
max_complexity=4.47381e+08, min_complexity=1.33822e+08

SuperConvK3BNRELU(3,40,2,1)SuperResIDWE1K7(40,24,2,32,5)SuperResIDWE4K3(24,64,2,80,2)SuperResIDWE4K3(64,80,2,96,3)SuperResIDWE2K7(80,224,2,120,1)SuperConvK1BNRELU(224,2048,1,1)
loop_count=6100/10000, time=0.39211h,
max_trainability=-0.0049821, min_trainability=-0.816409
max_complexity=4.47381e+08, min_complexity=1.33822e+08

SuperConvK3BNRELU(3,40,2,1)SuperResIDWE1K7(40,24,2,32,5)SuperResIDWE4K3(24,64,2,80,2)SuperResIDWE4K3(64,80,2,96,3)SuperResIDWE2K7(80,224,2,120,1)SuperConvK1BNRELU(224,2048,1,1)
loop_count=6200/10000, time=0.39786h,
max_trainability=-0.0049821, min_trainability=-0.816409
max_complexity=4.47381e+08, min_complexity=1.33822e+08

SuperConvK3BNRELU(3,40,2,1)SuperResIDWE1K7(40,24,2,32,5)SuperResIDWE4K3(24,64,2,80,2)SuperResIDWE4K3(64,80,2,96,3)SuperResIDWE2K7(80,224,2,120,1)SuperConvK1BNRELU(224,2048,1,1)
loop_count=6300/10000, time=0.40398h,
max_trainability=-0.0049821, min_trainability=-0.816409
max_complexity=4.47381e+08, min_complexity=1.33822e+08

SuperConvK3BNRELU(3,40,2,1)SuperResIDWE1K7(40,24,2,32,5)SuperResIDWE4K3(24,64,2,80,2)SuperResIDWE4K3(64,80,2,96,3)SuperResIDWE2K7(80,224,2,120,1)SuperConvK1BNRELU(224,2048,1,1)
loop_count=6400/10000, time=0.409275h,
max_trainability=-0.0049821, min_trainability=-0.816409
max_complexity=4.47381e+08, min_complexity=1.33822e+08

SuperConvK3BNRELU(3,40,2,1)SuperResIDWE1K7(40,24,2,32,5)SuperResIDWE4K3(24,64,2,80,2)SuperResIDWE4K3(64,80,2,96,3)SuperResIDWE2K7(80,224,2,120,1)SuperConvK1BNRELU(224,2048,1,1)
loop_count=6500/10000, time=0.415571h,
max_trainability=-0.0049821, min_trainability=-0.816409
max_complexity=4.47381e+08, min_complexity=1.33822e+08

SuperConvK3BNRELU(3,40,2,1)SuperResIDWE1K7(40,24,2,32,5)SuperResIDWE4K3(24,64,2,80,2)SuperResIDWE4K3(64,80,2,96,3)SuperResIDWE2K7(80,224,2,120,1)SuperConvK1BNRELU(224,2048,1,1)
loop_count=6600/10000, time=0.421182h,
max_trainability=-0.0049821, min_trainability=-0.816409
max_complexity=4.47381e+08, min_complexity=1.33822e+08

SuperConvK3BNRELU(3,40,2,1)SuperResIDWE1K7(40,24,2,32,5)SuperResIDWE4K3(24,64,2,80,2)SuperResIDWE4K3(64,80,2,96,3)SuperResIDWE2K7(80,224,2,120,1)SuperConvK1BNRELU(224,2048,1,1)
loop_count=6700/10000, time=0.427073h,
max_trainability=-0.0049821, min_trainability=-0.816409
max_complexity=4.47381e+08, min_complexity=1.33822e+08

SuperConvK3BNRELU(3,40,2,1)SuperResIDWE1K7(40,24,2,32,5)SuperResIDWE4K3(24,64,2,80,2)SuperResIDWE4K3(64,80,2,96,3)SuperResIDWE2K7(80,224,2,120,1)SuperConvK1BNRELU(224,2048,1,1)
loop_count=6800/10000, time=0.434622h,
max_trainability=-0.0049821, min_trainability=-0.816409
max_complexity=4.47381e+08, min_complexity=1.33822e+08

SuperConvK3BNRELU(3,40,2,1)SuperResIDWE1K7(40,24,2,32,5)SuperResIDWE4K3(24,64,2,80,2)SuperResIDWE4K3(64,80,2,96,3)SuperResIDWE2K7(80,224,2,120,1)SuperConvK1BNRELU(224,2048,1,1)
loop_count=6900/10000, time=0.440452h,
max_trainability=-0.0049821, min_trainability=-0.816409
max_complexity=4.47381e+08, min_complexity=1.33822e+08

SuperConvK3BNRELU(3,40,2,1)SuperResIDWE1K7(40,24,2,32,5)SuperResIDWE4K3(24,64,2,80,2)SuperResIDWE4K3(64,80,2,96,3)SuperResIDWE2K7(80,224,2,120,1)SuperConvK1BNRELU(224,2048,1,1)
loop_count=7000/10000, time=0.446281h,
max_trainability=-0.0049821, min_trainability=-0.816409
max_complexity=4.47381e+08, min_complexity=1.33822e+08

SuperConvK3BNRELU(3,40,2,1)SuperResIDWE1K7(40,24,2,32,5)SuperResIDWE4K3(24,64,2,80,2)SuperResIDWE4K3(64,80,2,96,3)SuperResIDWE2K7(80,224,2,120,1)SuperConvK1BNRELU(224,2048,1,1)
loop_count=7100/10000, time=0.451651h,
max_trainability=-0.0049821, min_trainability=-0.816409
max_complexity=4.47381e+08, min_complexity=1.33822e+08

SuperConvK3BNRELU(3,40,2,1)SuperResIDWE1K7(40,24,2,32,5)SuperResIDWE4K3(24,64,2,80,2)SuperResIDWE4K3(64,80,2,96,3)SuperResIDWE2K7(80,224,2,120,1)SuperConvK1BNRELU(224,2048,1,1)
loop_count=7200/10000, time=0.457246h,
max_trainability=-0.0049821, min_trainability=-0.816409
max_complexity=4.47381e+08, min_complexity=1.33822e+08

SuperConvK3BNRELU(3,40,2,1)SuperResIDWE1K7(40,24,2,32,5)SuperResIDWE4K3(24,64,2,80,2)SuperResIDWE4K3(64,80,2,96,3)SuperResIDWE2K7(80,224,2,120,1)SuperConvK1BNRELU(224,2048,1,1)
loop_count=7300/10000, time=0.463682h,
max_trainability=-0.0049821, min_trainability=-0.816409
max_complexity=4.47381e+08, min_complexity=1.33822e+08

SuperConvK3BNRELU(3,40,2,1)SuperResIDWE1K7(40,24,2,32,5)SuperResIDWE4K3(24,64,2,80,2)SuperResIDWE4K3(64,80,2,96,3)SuperResIDWE2K7(80,224,2,120,1)SuperConvK1BNRELU(224,2048,1,1)
loop_count=7400/10000, time=0.470542h,
max_trainability=-0.0049821, min_trainability=-0.816409
max_complexity=4.47381e+08, min_complexity=1.33822e+08

SuperConvK3BNRELU(3,40,2,1)SuperResIDWE1K7(40,24,2,32,5)SuperResIDWE4K3(24,64,2,80,2)SuperResIDWE4K3(64,80,2,96,3)SuperResIDWE2K7(80,224,2,120,1)SuperConvK1BNRELU(224,2048,1,1)
loop_count=7500/10000, time=0.476891h,
max_trainability=-0.0049821, min_trainability=-0.816409
max_complexity=4.47381e+08, min_complexity=1.33822e+08

SuperConvK3BNRELU(3,40,2,1)SuperResIDWE1K7(40,24,2,32,5)SuperResIDWE4K3(24,64,2,80,2)SuperResIDWE4K3(64,80,2,96,3)SuperResIDWE2K7(80,224,2,120,1)SuperConvK1BNRELU(224,2048,1,1)
loop_count=7600/10000, time=0.484168h,
max_trainability=-0.0049821, min_trainability=-0.816409
max_complexity=4.47381e+08, min_complexity=1.33822e+08

SuperConvK3BNRELU(3,40,2,1)SuperResIDWE1K7(40,24,2,32,5)SuperResIDWE4K3(24,64,2,80,2)SuperResIDWE4K3(64,80,2,96,3)SuperResIDWE2K7(80,224,2,120,1)SuperConvK1BNRELU(224,2048,1,1)
loop_count=7700/10000, time=0.490773h,
max_trainability=-0.0049821, min_trainability=-0.816409
max_complexity=4.47381e+08, min_complexity=1.33822e+08

SuperConvK3BNRELU(3,40,2,1)SuperResIDWE1K7(40,24,2,32,5)SuperResIDWE4K3(24,64,2,80,2)SuperResIDWE4K3(64,80,2,96,3)SuperResIDWE2K7(80,224,2,120,1)SuperConvK1BNRELU(224,2048,1,1)
loop_count=7800/10000, time=0.497252h,
max_trainability=-0.0049821, min_trainability=-0.816409
max_complexity=4.47381e+08, min_complexity=1.33822e+08

SuperConvK3BNRELU(3,40,2,1)SuperResIDWE1K7(40,24,2,32,5)SuperResIDWE4K3(24,64,2,80,2)SuperResIDWE4K3(64,120,2,96,2)SuperResIDWE2K7(120,224,2,120,1)SuperConvK1BNRELU(224,2048,1,1)
loop_count=7900/10000, time=0.503746h,
max_trainability=-0.0012205, min_trainability=-0.816409
max_complexity=4.44994e+08, min_complexity=1.33822e+08

SuperConvK3BNRELU(3,40,2,1)SuperResIDWE1K7(40,24,2,32,5)SuperResIDWE4K3(24,64,2,80,2)SuperResIDWE4K3(64,120,2,96,2)SuperResIDWE2K7(120,224,2,120,1)SuperConvK1BNRELU(224,2048,1,1)
loop_count=8000/10000, time=0.509482h,
max_trainability=-0.0012205, min_trainability=-0.816409
max_complexity=4.44994e+08, min_complexity=1.33822e+08

SuperConvK3BNRELU(3,32,2,1)SuperResIDWE2K5(32,120,2,8,1)SuperResIDWE2K5(120,96,2,64,3)SuperResIDWE2K5(96,48,2,80,1)SuperResIDWE4K3(48,160,2,160,3)SuperConvK1BNRELU(160,2048,1,1)
loop_count=8100/10000, time=0.515383h,
max_trainability=-0.00306469, min_trainability=-0.816409
max_complexity=4.4741e+08, min_complexity=1.33822e+08

SuperConvK3BNRELU(3,32,2,1)SuperResIDWE2K5(32,120,2,8,1)SuperResIDWE2K5(120,96,2,64,3)SuperResIDWE2K5(96,48,2,80,1)SuperResIDWE4K3(48,160,2,160,3)SuperConvK1BNRELU(160,2048,1,1)
loop_count=8200/10000, time=0.51989h,
max_trainability=-0.00306469, min_trainability=-0.816409
max_complexity=4.4741e+08, min_complexity=1.33822e+08

SuperConvK3BNRELU(3,32,2,1)SuperResIDWE2K5(32,120,2,8,1)SuperResIDWE2K5(120,96,2,64,3)SuperResIDWE2K5(96,48,2,80,1)SuperResIDWE4K3(48,160,2,160,3)SuperConvK1BNRELU(160,2048,1,1)
loop_count=8300/10000, time=0.525177h,
max_trainability=-0.00306469, min_trainability=-0.816409
max_complexity=4.4741e+08, min_complexity=1.33822e+08

SuperConvK3BNRELU(3,32,2,1)SuperResIDWE2K5(32,120,2,8,1)SuperResIDWE2K5(120,96,2,64,3)SuperResIDWE2K5(96,48,2,80,1)SuperResIDWE4K3(48,160,2,160,3)SuperConvK1BNRELU(160,2048,1,1)
loop_count=8400/10000, time=0.529868h,
max_trainability=-0.00306469, min_trainability=-0.816409
max_complexity=4.4741e+08, min_complexity=1.33822e+08

SuperConvK3BNRELU(3,16,2,1)SuperResIDWE4K3(16,32,2,32,3)SuperResIDWE2K7(32,48,2,64,4)SuperResIDWE4K3(48,96,2,64,3)SuperResIDWE1K5(96,200,2,144,1)SuperConvK1BNRELU(200,2048,1,1)
loop_count=8500/10000, time=0.536552h,
max_trainability=-0.00187667, min_trainability=-0.816409
max_complexity=4.49157e+08, min_complexity=1.33822e+08

SuperConvK3BNRELU(3,16,2,1)SuperResIDWE4K3(16,32,2,32,3)SuperResIDWE2K7(32,48,2,64,4)SuperResIDWE4K3(48,96,2,64,3)SuperResIDWE1K5(96,200,2,144,1)SuperConvK1BNRELU(200,2048,1,1)
loop_count=8600/10000, time=0.543435h,
max_trainability=-0.00187667, min_trainability=-0.816409
max_complexity=4.49157e+08, min_complexity=1.33822e+08

SuperConvK3BNRELU(3,16,2,1)SuperResIDWE4K3(16,32,2,32,3)SuperResIDWE2K7(32,48,2,64,4)SuperResIDWE4K3(48,96,2,64,3)SuperResIDWE1K5(96,200,2,144,1)SuperConvK1BNRELU(200,2048,1,1)
loop_count=8700/10000, time=0.550022h,
max_trainability=-0.00187667, min_trainability=-0.816409
max_complexity=4.49157e+08, min_complexity=1.33822e+08

SuperConvK3BNRELU(3,16,2,1)SuperResIDWE4K3(16,32,2,32,3)SuperResIDWE2K7(32,48,2,64,4)SuperResIDWE4K3(48,96,2,64,3)SuperResIDWE1K5(96,200,2,144,1)SuperConvK1BNRELU(200,2048,1,1)
loop_count=8800/10000, time=0.555998h,
max_trainability=-0.00187667, min_trainability=-0.816409
max_complexity=4.49157e+08, min_complexity=1.33822e+08

SuperConvK3BNRELU(3,16,2,1)SuperResIDWE4K3(16,32,2,32,3)SuperResIDWE2K7(32,48,2,64,4)SuperResIDWE4K3(48,96,2,64,3)SuperResIDWE1K5(96,200,2,144,1)SuperConvK1BNRELU(200,2048,1,1)
loop_count=8900/10000, time=0.561904h,
max_trainability=-0.00187667, min_trainability=-0.816409
max_complexity=4.49157e+08, min_complexity=1.33822e+08

SuperConvK3BNRELU(3,16,2,1)SuperResIDWE4K3(16,32,2,32,3)SuperResIDWE2K7(32,48,2,64,4)SuperResIDWE4K3(48,96,2,64,3)SuperResIDWE1K5(96,200,2,144,1)SuperConvK1BNRELU(200,2048,1,1)
loop_count=9000/10000, time=0.567473h,
max_trainability=-0.00187667, min_trainability=-0.816409
max_complexity=4.49157e+08, min_complexity=1.33822e+08

SuperConvK3BNRELU(3,16,2,1)SuperResIDWE4K3(16,32,2,32,3)SuperResIDWE2K7(32,48,2,64,4)SuperResIDWE4K3(48,96,2,64,3)SuperResIDWE1K5(96,200,2,144,1)SuperConvK1BNRELU(200,2048,1,1)
loop_count=9100/10000, time=0.572482h,
max_trainability=-0.00187667, min_trainability=-0.816409
max_complexity=4.49157e+08, min_complexity=1.33822e+08

SuperConvK3BNRELU(3,16,2,1)SuperResIDWE4K3(16,32,2,32,3)SuperResIDWE2K7(32,48,2,64,4)SuperResIDWE4K3(48,96,2,64,3)SuperResIDWE1K5(96,200,2,144,1)SuperConvK1BNRELU(200,2048,1,1)
loop_count=9200/10000, time=0.578204h,
max_trainability=-0.00187667, min_trainability=-0.816409
max_complexity=4.49157e+08, min_complexity=1.33822e+08

SuperConvK3BNRELU(3,16,2,1)SuperResIDWE4K3(16,32,2,32,3)SuperResIDWE2K7(32,48,2,64,4)SuperResIDWE4K3(48,96,2,64,3)SuperResIDWE1K5(96,200,2,144,1)SuperConvK1BNRELU(200,2048,1,1)
loop_count=9300/10000, time=0.583945h,
max_trainability=-0.00187667, min_trainability=-0.816409
max_complexity=4.49157e+08, min_complexity=1.33822e+08

SuperConvK3BNRELU(3,16,2,1)SuperResIDWE4K3(16,32,2,32,3)SuperResIDWE2K7(32,48,2,64,4)SuperResIDWE4K3(48,96,2,64,3)SuperResIDWE1K5(96,200,2,144,1)SuperConvK1BNRELU(200,2048,1,1)
loop_count=9400/10000, time=0.588676h,
max_trainability=-0.00187667, min_trainability=-0.816409
max_complexity=4.49157e+08, min_complexity=1.33822e+08

SuperConvK3BNRELU(3,16,2,1)SuperResIDWE4K3(16,32,2,32,3)SuperResIDWE2K7(32,48,2,64,4)SuperResIDWE4K3(48,96,2,64,3)SuperResIDWE1K5(96,200,2,144,1)SuperConvK1BNRELU(200,2048,1,1)
loop_count=9500/10000, time=0.593953h,
max_trainability=-0.00187667, min_trainability=-0.816409
max_complexity=4.49157e+08, min_complexity=1.33822e+08

SuperConvK3BNRELU(3,16,2,1)SuperResIDWE4K3(16,32,2,32,3)SuperResIDWE2K7(32,48,2,64,4)SuperResIDWE4K3(48,96,2,64,3)SuperResIDWE1K5(96,200,2,144,1)SuperConvK1BNRELU(200,2048,1,1)
loop_count=9600/10000, time=0.599285h,
max_trainability=-0.00187667, min_trainability=-0.816409
max_complexity=4.49157e+08, min_complexity=1.33822e+08

SuperConvK3BNRELU(3,16,2,1)SuperResIDWE4K3(16,32,2,32,3)SuperResIDWE2K7(32,48,2,64,4)SuperResIDWE4K3(48,96,2,64,3)SuperResIDWE1K5(96,200,2,144,1)SuperConvK1BNRELU(200,2048,1,1)
loop_count=9700/10000, time=0.605004h,
max_trainability=-0.00187667, min_trainability=-0.816409
max_complexity=4.49157e+08, min_complexity=1.33822e+08

SuperConvK3BNRELU(3,16,2,1)SuperResIDWE4K3(16,32,2,32,3)SuperResIDWE2K7(32,48,2,64,4)SuperResIDWE4K3(48,96,2,64,3)SuperResIDWE1K5(96,200,2,144,1)SuperConvK1BNRELU(200,2048,1,1)
loop_count=9800/10000, time=0.611482h,
max_trainability=-0.00187667, min_trainability=-0.816409
max_complexity=4.49157e+08, min_complexity=1.33822e+08

SuperConvK3BNRELU(3,16,2,1)SuperResIDWE4K3(16,32,2,32,3)SuperResIDWE2K7(32,48,2,64,4)SuperResIDWE4K3(48,96,2,64,3)SuperResIDWE1K5(96,200,2,144,1)SuperConvK1BNRELU(200,2048,1,1)
loop_count=9900/10000, time=0.6177h,
max_trainability=-0.00187667, min_trainability=-0.816409
max_complexity=4.49157e+08, min_complexity=1.33822e+08

