The seed number is set to 123
SuperConvK3BNRELU(3,8,2,1)SuperResIDWE6K3(8,32,2,8,1)SuperResIDWE6K5(32,96,2,40,3)SuperResIDWE6K3(96,96,2,48,1)SuperResIDWE2K5(96,64,2,80,3)SuperConvK1BNRELU(64,2048,1,1)
loop_count=100/10000, time=0.0073859h,
max_trainability=-0.00391959, min_trainability=-0.373647
max_complexity=4.41655e+08, min_complexity=2.05726e+08

SuperConvK3BNRELU(3,8,2,1)SuperResIDWE6K3(8,32,2,8,1)SuperResIDWE6K5(32,96,2,40,3)SuperResIDWE6K3(96,96,2,48,1)SuperResIDWE2K5(96,64,2,80,3)SuperConvK1BNRELU(64,2048,1,1)
loop_count=200/10000, time=0.01443h,
max_trainability=-0.00391959, min_trainability=-0.387828
max_complexity=4.41655e+08, min_complexity=9.50972e+07

SuperConvK3BNRELU(3,8,2,1)SuperResIDWE6K3(8,32,2,8,1)SuperResIDWE6K5(32,96,2,40,3)SuperResIDWE6K3(96,96,2,48,1)SuperResIDWE2K5(96,64,2,80,3)SuperConvK1BNRELU(64,2048,1,1)
loop_count=300/10000, time=0.0205746h,
max_trainability=-0.00391959, min_trainability=-0.387828
max_complexity=4.41655e+08, min_complexity=9.50972e+07

SuperConvK3BNRELU(3,8,2,1)SuperResIDWE6K3(8,32,2,8,1)SuperResIDWE6K5(32,96,2,40,3)SuperResIDWE6K3(96,96,2,48,1)SuperResIDWE2K5(96,64,2,80,3)SuperConvK1BNRELU(64,2048,1,1)
loop_count=400/10000, time=0.02685h,
max_trainability=-0.00391959, min_trainability=-0.387828
max_complexity=4.41655e+08, min_complexity=9.50972e+07

SuperConvK3BNRELU(3,8,2,1)SuperResIDWE6K3(8,32,2,8,1)SuperResIDWE6K5(32,96,2,40,3)SuperResIDWE6K3(96,96,2,48,1)SuperResIDWE2K5(96,64,2,80,3)SuperConvK1BNRELU(64,2048,1,1)
loop_count=500/10000, time=0.0336597h,
max_trainability=-0.00391959, min_trainability=-0.616409
max_complexity=4.41655e+08, min_complexity=1.33822e+08

SuperConvK3BNRELU(3,8,2,1)SuperResIDWE6K3(8,32,2,8,1)SuperResIDWE6K5(32,96,2,40,3)SuperResIDWE6K3(96,96,2,48,1)SuperResIDWE2K5(96,64,2,80,3)SuperConvK1BNRELU(64,2048,1,1)
loop_count=600/10000, time=0.0415467h,
max_trainability=-0.00391959, min_trainability=-0.409896
max_complexity=4.41655e+08, min_complexity=9.38601e+07

SuperConvK3BNRELU(3,8,2,1)SuperResIDWE6K3(8,32,2,8,1)SuperResIDWE6K5(32,96,2,40,3)SuperResIDWE6K3(96,96,2,48,1)SuperResIDWE2K5(96,64,2,80,3)SuperConvK1BNRELU(64,2048,1,1)
loop_count=700/10000, time=0.0485465h,
max_trainability=-0.00391959, min_trainability=-0.409896
max_complexity=4.41655e+08, min_complexity=9.38601e+07

SuperConvK3BNRELU(3,8,2,1)SuperResIDWE6K3(8,32,2,8,1)SuperResIDWE6K5(32,96,2,40,3)SuperResIDWE6K3(96,96,2,48,1)SuperResIDWE2K5(96,64,2,80,3)SuperConvK1BNRELU(64,2048,1,1)
loop_count=800/10000, time=0.0558438h,
max_trainability=-0.00391959, min_trainability=-0.409896
max_complexity=4.41655e+08, min_complexity=9.38601e+07

SuperConvK3BNRELU(3,8,2,1)SuperResIDWE6K3(8,32,2,8,1)SuperResIDWE6K5(32,96,2,40,3)SuperResIDWE6K3(96,96,2,48,1)SuperResIDWE2K5(96,64,2,80,3)SuperConvK1BNRELU(64,2048,1,1)
loop_count=900/10000, time=0.0632376h,
max_trainability=-0.00391959, min_trainability=-0.409896
max_complexity=4.41655e+08, min_complexity=9.38601e+07

SuperConvK3BNRELU(3,8,2,1)SuperResIDWE6K3(8,32,2,8,1)SuperResIDWE6K5(32,96,2,40,3)SuperResIDWE6K3(96,96,2,48,1)SuperResIDWE2K5(96,64,2,80,3)SuperConvK1BNRELU(64,2048,1,1)
loop_count=1000/10000, time=0.0697912h,
max_trainability=-0.00391959, min_trainability=-0.409896
max_complexity=4.41655e+08, min_complexity=9.38601e+07

SuperConvK3BNRELU(3,8,2,1)SuperResIDWE6K3(8,32,2,8,1)SuperResIDWE6K5(32,96,2,40,3)SuperResIDWE6K3(96,96,2,48,1)SuperResIDWE2K5(96,64,2,80,3)SuperConvK1BNRELU(64,2048,1,1)
loop_count=1100/10000, time=0.0767904h,
max_trainability=-0.00391959, min_trainability=-0.409896
max_complexity=4.41655e+08, min_complexity=9.38601e+07

SuperConvK3BNRELU(3,8,2,1)SuperResIDWE6K3(8,32,2,8,1)SuperResIDWE6K5(32,96,2,40,3)SuperResIDWE6K3(96,96,2,48,1)SuperResIDWE2K5(96,64,2,80,3)SuperConvK1BNRELU(64,2048,1,1)
loop_count=1200/10000, time=0.0832922h,
max_trainability=-0.00391959, min_trainability=-0.409896
max_complexity=4.41655e+08, min_complexity=9.38601e+07

SuperConvK3BNRELU(3,8,2,1)SuperResIDWE6K3(8,32,2,8,1)SuperResIDWE6K5(32,96,2,40,3)SuperResIDWE6K3(96,96,2,48,1)SuperResIDWE2K5(96,64,2,80,3)SuperConvK1BNRELU(64,2048,1,1)
loop_count=1300/10000, time=0.0905001h,
max_trainability=-0.00391959, min_trainability=-0.409896
max_complexity=4.41655e+08, min_complexity=9.38601e+07

SuperConvK3BNRELU(3,8,2,1)SuperResIDWE6K3(8,32,2,8,1)SuperResIDWE6K5(32,96,2,40,3)SuperResIDWE6K3(96,96,2,48,1)SuperResIDWE2K5(96,64,2,80,3)SuperConvK1BNRELU(64,2048,1,1)
loop_count=1400/10000, time=0.0982971h,
max_trainability=-0.00391959, min_trainability=-0.409896
max_complexity=4.41655e+08, min_complexity=9.38601e+07

SuperConvK3BNRELU(3,8,2,1)SuperResIDWE6K3(8,32,2,8,1)SuperResIDWE6K5(32,96,2,40,3)SuperResIDWE6K3(96,96,2,48,1)SuperResIDWE2K5(96,64,2,80,3)SuperConvK1BNRELU(64,2048,1,1)
loop_count=1500/10000, time=0.105129h,
max_trainability=-0.00391959, min_trainability=-0.409896
max_complexity=4.41655e+08, min_complexity=9.38601e+07

SuperConvK3BNRELU(3,8,2,1)SuperResIDWE6K3(8,32,2,8,1)SuperResIDWE6K5(32,96,2,40,3)SuperResIDWE6K3(96,96,2,48,1)SuperResIDWE2K5(96,64,2,80,3)SuperConvK1BNRELU(64,2048,1,1)
loop_count=1600/10000, time=0.112864h,
max_trainability=-0.00391959, min_trainability=-0.409896
max_complexity=4.41655e+08, min_complexity=9.38601e+07

SuperConvK3BNRELU(3,8,2,1)SuperResIDWE6K3(8,32,2,8,1)SuperResIDWE6K5(32,96,2,40,3)SuperResIDWE6K3(96,96,2,48,1)SuperResIDWE2K5(96,64,2,80,3)SuperConvK1BNRELU(64,2048,1,1)
loop_count=1700/10000, time=0.120854h,
max_trainability=-0.00391959, min_trainability=-0.616409
max_complexity=4.41655e+08, min_complexity=1.33822e+08

SuperConvK3BNRELU(3,16,2,1)SuperResIDWE1K7(16,64,2,40,5)SuperResIDWE6K3(64,48,2,32,1)SuperResIDWE4K3(48,24,2,40,3)SuperResIDWE1K7(24,32,2,120,3)SuperConvK1BNRELU(32,2048,1,1)
loop_count=1800/10000, time=0.128191h,
max_trainability=-0.00190139, min_trainability=-0.616409
max_complexity=4.31461e+08, min_complexity=1.33822e+08

SuperConvK3BNRELU(3,16,2,1)SuperResIDWE1K7(16,64,2,40,5)SuperResIDWE6K3(64,48,2,32,1)SuperResIDWE4K3(48,24,2,40,3)SuperResIDWE1K7(24,32,2,120,3)SuperConvK1BNRELU(32,2048,1,1)
loop_count=1900/10000, time=0.134802h,
max_trainability=-0.00190139, min_trainability=-0.616409
max_complexity=4.31461e+08, min_complexity=1.33822e+08

SuperConvK3BNRELU(3,16,2,1)SuperResIDWE1K7(16,64,2,40,5)SuperResIDWE6K3(64,48,2,32,1)SuperResIDWE4K3(48,24,2,40,3)SuperResIDWE1K7(24,32,2,120,3)SuperConvK1BNRELU(32,2048,1,1)
loop_count=2000/10000, time=0.141781h,
max_trainability=-0.00190139, min_trainability=-0.616409
max_complexity=4.31461e+08, min_complexity=1.33822e+08

SuperConvK3BNRELU(3,16,2,1)SuperResIDWE1K7(16,64,2,40,5)SuperResIDWE6K3(64,48,2,32,1)SuperResIDWE4K3(48,24,2,40,3)SuperResIDWE1K7(24,32,2,120,3)SuperConvK1BNRELU(32,2048,1,1)
loop_count=2100/10000, time=0.148326h,
max_trainability=-0.00190139, min_trainability=-0.616409
max_complexity=4.31461e+08, min_complexity=1.33822e+08

SuperConvK3BNRELU(3,16,2,1)SuperResIDWE1K7(16,64,2,40,5)SuperResIDWE6K3(64,48,2,32,1)SuperResIDWE4K3(48,24,2,40,3)SuperResIDWE1K7(24,32,2,120,3)SuperConvK1BNRELU(32,2048,1,1)
loop_count=2200/10000, time=0.15442h,
max_trainability=-0.00190139, min_trainability=-0.616409
max_complexity=4.31461e+08, min_complexity=1.33822e+08

SuperConvK3BNRELU(3,16,2,1)SuperResIDWE1K7(16,64,2,40,5)SuperResIDWE6K3(64,48,2,32,1)SuperResIDWE4K3(48,24,2,40,3)SuperResIDWE1K7(24,32,2,120,3)SuperConvK1BNRELU(32,2048,1,1)
loop_count=2300/10000, time=0.160644h,
max_trainability=-0.00190139, min_trainability=-0.616409
max_complexity=4.31461e+08, min_complexity=1.33822e+08

SuperConvK3BNRELU(3,16,2,1)SuperResIDWE1K7(16,64,2,40,5)SuperResIDWE6K3(64,48,2,32,1)SuperResIDWE4K3(48,24,2,40,3)SuperResIDWE1K7(24,32,2,120,3)SuperConvK1BNRELU(32,2048,1,1)
loop_count=2400/10000, time=0.167197h,
max_trainability=-0.00190139, min_trainability=-0.409896
max_complexity=4.31461e+08, min_complexity=9.38601e+07

SuperConvK3BNRELU(3,16,2,1)SuperResIDWE1K7(16,64,2,40,5)SuperResIDWE6K3(64,48,2,32,1)SuperResIDWE4K3(48,24,2,40,3)SuperResIDWE1K7(24,32,2,120,3)SuperConvK1BNRELU(32,2048,1,1)
loop_count=2500/10000, time=0.174096h,
max_trainability=-0.00190139, min_trainability=-0.409896
max_complexity=4.31461e+08, min_complexity=9.38601e+07

SuperConvK3BNRELU(3,16,2,1)SuperResIDWE1K7(16,64,2,40,5)SuperResIDWE6K3(64,48,2,32,1)SuperResIDWE4K3(48,24,2,40,3)SuperResIDWE1K7(24,32,2,120,3)SuperConvK1BNRELU(32,2048,1,1)
loop_count=2600/10000, time=0.180364h,
max_trainability=-0.00190139, min_trainability=-0.409896
max_complexity=4.31461e+08, min_complexity=9.38601e+07

SuperConvK3BNRELU(3,16,2,1)SuperResIDWE1K7(16,64,2,40,5)SuperResIDWE6K3(64,48,2,32,1)SuperResIDWE4K3(48,24,2,40,3)SuperResIDWE1K7(24,32,2,120,3)SuperConvK1BNRELU(32,2048,1,1)
loop_count=2700/10000, time=0.187418h,
max_trainability=-0.00190139, min_trainability=-0.409896
max_complexity=4.31461e+08, min_complexity=9.38601e+07

SuperConvK3BNRELU(3,8,2,1)SuperResIDWE2K7(8,48,2,24,2)SuperResIDWE4K7(48,96,2,16,3)SuperResIDWE1K3(96,80,2,120,2)SuperResIDWE4K5(80,88,2,240,3)SuperConvK1BNRELU(88,2048,1,1)
loop_count=2800/10000, time=0.19365h,
max_trainability=-0.00101407, min_trainability=-0.409896
max_complexity=4.33296e+08, min_complexity=9.38601e+07

SuperConvK3BNRELU(3,8,2,1)SuperResIDWE2K7(8,48,2,24,2)SuperResIDWE4K7(48,96,2,16,3)SuperResIDWE1K3(96,80,2,120,2)SuperResIDWE4K5(80,88,2,240,3)SuperConvK1BNRELU(88,2048,1,1)
loop_count=2900/10000, time=0.200871h,
max_trainability=-0.00101407, min_trainability=-0.409896
max_complexity=4.33296e+08, min_complexity=9.38601e+07

SuperConvK3BNRELU(3,8,2,1)SuperResIDWE2K7(8,48,2,24,2)SuperResIDWE4K7(48,96,2,16,3)SuperResIDWE1K3(96,80,2,120,2)SuperResIDWE4K5(80,88,2,240,3)SuperConvK1BNRELU(88,2048,1,1)
loop_count=3000/10000, time=0.207857h,
max_trainability=-0.00101407, min_trainability=-0.409896
max_complexity=4.33296e+08, min_complexity=9.38601e+07

SuperConvK3BNRELU(3,8,2,1)SuperResIDWE2K7(8,48,2,24,2)SuperResIDWE4K7(48,96,2,16,3)SuperResIDWE1K3(96,80,2,120,2)SuperResIDWE4K5(80,88,2,240,3)SuperConvK1BNRELU(88,2048,1,1)
loop_count=3100/10000, time=0.214175h,
max_trainability=-0.00101407, min_trainability=-0.409896
max_complexity=4.33296e+08, min_complexity=9.38601e+07

SuperConvK3BNRELU(3,8,2,1)SuperResIDWE2K7(8,48,2,24,2)SuperResIDWE4K7(48,96,2,16,3)SuperResIDWE1K3(96,80,2,120,2)SuperResIDWE4K5(80,88,2,240,3)SuperConvK1BNRELU(88,2048,1,1)
loop_count=3200/10000, time=0.221025h,
max_trainability=-0.00101407, min_trainability=-0.409896
max_complexity=4.33296e+08, min_complexity=9.38601e+07

SuperConvK3BNRELU(3,8,2,1)SuperResIDWE2K7(8,48,2,24,2)SuperResIDWE4K7(48,96,2,16,3)SuperResIDWE1K3(96,80,2,120,2)SuperResIDWE4K5(80,88,2,240,3)SuperConvK1BNRELU(88,2048,1,1)
loop_count=3300/10000, time=0.229495h,
max_trainability=-0.00101407, min_trainability=-0.409896
max_complexity=4.33296e+08, min_complexity=9.38601e+07

SuperConvK3BNRELU(3,8,2,1)SuperResIDWE2K7(8,48,2,24,2)SuperResIDWE4K7(48,96,2,16,3)SuperResIDWE1K3(96,80,2,120,2)SuperResIDWE4K5(80,88,2,240,3)SuperConvK1BNRELU(88,2048,1,1)
loop_count=3400/10000, time=0.23612h,
max_trainability=-0.00101407, min_trainability=-0.409896
max_complexity=4.33296e+08, min_complexity=9.38601e+07

SuperConvK3BNRELU(3,8,2,1)SuperResIDWE2K7(8,48,2,24,2)SuperResIDWE4K7(48,96,2,16,3)SuperResIDWE1K3(96,80,2,120,2)SuperResIDWE4K5(80,88,2,240,3)SuperConvK1BNRELU(88,2048,1,1)
loop_count=3500/10000, time=0.242689h,
max_trainability=-0.00101407, min_trainability=-0.409896
max_complexity=4.33296e+08, min_complexity=9.38601e+07

SuperConvK3BNRELU(3,8,2,1)SuperResIDWE2K7(8,48,2,24,2)SuperResIDWE4K7(48,96,2,16,3)SuperResIDWE1K3(96,80,2,120,2)SuperResIDWE4K5(80,88,2,240,3)SuperConvK1BNRELU(88,2048,1,1)
loop_count=3600/10000, time=0.249458h,
max_trainability=-0.00101407, min_trainability=-0.409896
max_complexity=4.33296e+08, min_complexity=9.38601e+07

SuperConvK3BNRELU(3,8,2,1)SuperResIDWE2K7(8,48,2,24,2)SuperResIDWE4K7(48,96,2,16,3)SuperResIDWE1K3(96,80,2,120,2)SuperResIDWE4K5(80,88,2,240,3)SuperConvK1BNRELU(88,2048,1,1)
loop_count=3700/10000, time=0.25632h,
max_trainability=-0.00101407, min_trainability=-0.409896
max_complexity=4.33296e+08, min_complexity=9.38601e+07

SuperConvK3BNRELU(3,8,2,1)SuperResIDWE2K7(8,48,2,24,2)SuperResIDWE4K7(48,96,2,16,3)SuperResIDWE1K3(96,80,2,120,2)SuperResIDWE4K5(80,88,2,240,3)SuperConvK1BNRELU(88,2048,1,1)
loop_count=3800/10000, time=0.263067h,
max_trainability=-0.000597075, min_trainability=-0.409896
max_complexity=4.33296e+08, min_complexity=9.38601e+07

SuperConvK3BNRELU(3,8,2,1)SuperResIDWE2K7(8,48,2,24,2)SuperResIDWE4K7(48,96,2,16,3)SuperResIDWE1K3(96,80,2,120,2)SuperResIDWE4K5(80,88,2,240,3)SuperConvK1BNRELU(88,2048,1,1)
loop_count=3900/10000, time=0.268638h,
max_trainability=-0.000597075, min_trainability=-0.409896
max_complexity=4.33296e+08, min_complexity=9.38601e+07

SuperConvK3BNRELU(3,8,2,1)SuperResIDWE2K7(8,48,2,24,2)SuperResIDWE4K7(48,96,2,16,3)SuperResIDWE1K3(96,80,2,120,2)SuperResIDWE4K5(80,88,2,240,3)SuperConvK1BNRELU(88,2048,1,1)
loop_count=4000/10000, time=0.27545h,
max_trainability=-0.000597075, min_trainability=-0.409896
max_complexity=4.33296e+08, min_complexity=9.38601e+07

SuperConvK3BNRELU(3,8,2,1)SuperResIDWE2K7(8,48,2,24,2)SuperResIDWE4K7(48,96,2,16,3)SuperResIDWE1K3(96,80,2,120,2)SuperResIDWE4K5(80,88,2,240,3)SuperConvK1BNRELU(88,2048,1,1)
loop_count=4100/10000, time=0.281637h,
max_trainability=-0.000597075, min_trainability=-0.409896
max_complexity=4.33296e+08, min_complexity=9.38601e+07

SuperConvK3BNRELU(3,8,2,1)SuperResIDWE2K7(8,48,2,24,2)SuperResIDWE4K7(48,96,2,16,3)SuperResIDWE1K3(96,80,2,120,2)SuperResIDWE4K5(80,88,2,240,3)SuperConvK1BNRELU(88,2048,1,1)
loop_count=4200/10000, time=0.288749h,
max_trainability=-0.000597075, min_trainability=-0.409896
max_complexity=4.33296e+08, min_complexity=9.38601e+07

SuperConvK3BNRELU(3,8,2,1)SuperResIDWE2K7(8,48,2,24,2)SuperResIDWE4K7(48,96,2,16,3)SuperResIDWE1K3(96,80,2,120,2)SuperResIDWE4K5(80,88,2,240,3)SuperConvK1BNRELU(88,2048,1,1)
loop_count=4300/10000, time=0.296247h,
max_trainability=-0.000597075, min_trainability=-0.409896
max_complexity=4.33296e+08, min_complexity=9.38601e+07

SuperConvK3BNRELU(3,8,2,1)SuperResIDWE2K7(8,48,2,24,2)SuperResIDWE4K7(48,96,2,16,3)SuperResIDWE1K3(96,80,2,120,2)SuperResIDWE4K5(80,88,2,240,3)SuperConvK1BNRELU(88,2048,1,1)
loop_count=4400/10000, time=0.303458h,
max_trainability=-0.000597075, min_trainability=-0.409896
max_complexity=4.33296e+08, min_complexity=9.38601e+07

SuperConvK3BNRELU(3,8,2,1)SuperResIDWE2K7(8,48,2,24,2)SuperResIDWE4K7(48,96,2,16,3)SuperResIDWE1K3(96,80,2,120,2)SuperResIDWE4K5(80,88,2,240,3)SuperConvK1BNRELU(88,2048,1,1)
loop_count=4500/10000, time=0.309957h,
max_trainability=-0.000597075, min_trainability=-0.409896
max_complexity=4.33296e+08, min_complexity=9.38601e+07

SuperConvK3BNRELU(3,16,2,1)SuperResIDWE4K5(16,64,2,8,2)SuperResIDWE1K5(64,64,2,48,2)SuperResIDWE2K3(64,240,2,40,4)SuperResIDWE2K5(240,320,2,80,2)SuperConvK1BNRELU(320,2048,1,1)
loop_count=4600/10000, time=0.317391h,
max_trainability=-0.00323072, min_trainability=-0.409896
max_complexity=4.4909e+08, min_complexity=9.38601e+07

SuperConvK3BNRELU(3,16,2,1)SuperResIDWE4K5(16,64,2,8,2)SuperResIDWE1K5(64,64,2,48,2)SuperResIDWE2K3(64,240,2,40,4)SuperResIDWE2K5(240,320,2,80,2)SuperConvK1BNRELU(320,2048,1,1)
loop_count=4700/10000, time=0.324073h,
max_trainability=-0.00323072, min_trainability=-0.409896
max_complexity=4.4909e+08, min_complexity=9.38601e+07

SuperConvK3BNRELU(3,16,2,1)SuperResIDWE4K5(16,64,2,8,2)SuperResIDWE1K5(64,64,2,48,2)SuperResIDWE2K3(64,240,2,40,4)SuperResIDWE2K5(240,320,2,80,2)SuperConvK1BNRELU(320,2048,1,1)
loop_count=4800/10000, time=0.329736h,
max_trainability=-0.00323072, min_trainability=-0.409896
max_complexity=4.4909e+08, min_complexity=9.38601e+07

SuperConvK3BNRELU(3,16,2,1)SuperResIDWE4K5(16,64,2,8,2)SuperResIDWE1K5(64,64,2,48,2)SuperResIDWE2K3(64,240,2,40,4)SuperResIDWE2K5(240,320,2,80,2)SuperConvK1BNRELU(320,2048,1,1)
loop_count=4900/10000, time=0.336517h,
max_trainability=-0.00323072, min_trainability=-0.409896
max_complexity=4.4909e+08, min_complexity=9.38601e+07

SuperConvK3BNRELU(3,16,2,1)SuperResIDWE4K5(16,64,2,8,2)SuperResIDWE1K5(64,64,2,48,2)SuperResIDWE2K3(64,240,2,40,4)SuperResIDWE2K5(240,320,2,80,2)SuperConvK1BNRELU(320,2048,1,1)
loop_count=5000/10000, time=0.342089h,
max_trainability=-0.00323072, min_trainability=-0.409896
max_complexity=4.4909e+08, min_complexity=9.38601e+07

SuperConvK3BNRELU(3,24,2,1)SuperResIDWE1K3(24,40,2,64,5)SuperResIDWE4K3(40,32,2,56,1)SuperResIDWE6K5(32,48,2,96,3)SuperResIDWE1K7(48,32,2,120,3)SuperConvK1BNRELU(32,2048,1,1)
loop_count=5100/10000, time=0.34764h,
max_trainability=-0.00241745, min_trainability=-0.409896
max_complexity=4.49619e+08, min_complexity=9.38601e+07

SuperConvK3BNRELU(3,24,2,1)SuperResIDWE1K3(24,40,2,64,5)SuperResIDWE4K3(40,32,2,56,1)SuperResIDWE6K5(32,48,2,96,3)SuperResIDWE1K7(48,32,2,120,3)SuperConvK1BNRELU(32,2048,1,1)
loop_count=5200/10000, time=0.353998h,
max_trainability=-0.00241745, min_trainability=-0.409896
max_complexity=4.49619e+08, min_complexity=9.38601e+07

SuperConvK3BNRELU(3,24,2,1)SuperResIDWE1K3(24,40,2,64,5)SuperResIDWE4K3(40,32,2,56,1)SuperResIDWE6K5(32,48,2,96,3)SuperResIDWE1K7(48,32,2,120,3)SuperConvK1BNRELU(32,2048,1,1)
loop_count=5300/10000, time=0.360099h,
max_trainability=-0.00241745, min_trainability=-0.409896
max_complexity=4.49619e+08, min_complexity=9.38601e+07

SuperConvK3BNRELU(3,24,2,1)SuperResIDWE1K3(24,40,2,64,5)SuperResIDWE4K3(40,32,2,56,1)SuperResIDWE6K5(32,48,2,96,3)SuperResIDWE1K7(48,32,2,120,3)SuperConvK1BNRELU(32,2048,1,1)
loop_count=5400/10000, time=0.365498h,
max_trainability=-0.00241745, min_trainability=-0.409896
max_complexity=4.49619e+08, min_complexity=9.38601e+07

SuperConvK3BNRELU(3,24,2,1)SuperResIDWE1K3(24,40,2,64,5)SuperResIDWE4K3(40,32,2,56,1)SuperResIDWE6K5(32,48,2,96,3)SuperResIDWE1K7(48,32,2,120,3)SuperConvK1BNRELU(32,2048,1,1)
loop_count=5500/10000, time=0.371631h,
max_trainability=-0.00241745, min_trainability=-0.409896
max_complexity=4.49619e+08, min_complexity=9.38601e+07

SuperConvK3BNRELU(3,24,2,1)SuperResIDWE1K3(24,40,2,64,5)SuperResIDWE4K3(40,32,2,56,1)SuperResIDWE6K5(32,48,2,96,3)SuperResIDWE1K7(48,32,2,120,3)SuperConvK1BNRELU(32,2048,1,1)
loop_count=5600/10000, time=0.377754h,
max_trainability=-0.00241745, min_trainability=-0.409896
max_complexity=4.49619e+08, min_complexity=9.38601e+07

SuperConvK3BNRELU(3,24,2,1)SuperResIDWE1K3(24,40,2,64,5)SuperResIDWE4K3(40,32,2,56,1)SuperResIDWE6K5(32,48,2,96,3)SuperResIDWE1K7(48,32,2,120,3)SuperConvK1BNRELU(32,2048,1,1)
loop_count=5700/10000, time=0.384536h,
max_trainability=-0.00241745, min_trainability=-0.409896
max_complexity=4.49619e+08, min_complexity=9.38601e+07

SuperConvK3BNRELU(3,24,2,1)SuperResIDWE1K3(24,40,2,64,5)SuperResIDWE4K3(40,32,2,56,1)SuperResIDWE6K5(32,48,2,96,3)SuperResIDWE1K7(48,32,2,120,3)SuperConvK1BNRELU(32,2048,1,1)
loop_count=5800/10000, time=0.390692h,
max_trainability=-0.00241745, min_trainability=-0.409896
max_complexity=4.49619e+08, min_complexity=9.38601e+07

SuperConvK3BNRELU(3,24,2,1)SuperResIDWE1K3(24,40,2,64,5)SuperResIDWE4K3(40,32,2,56,1)SuperResIDWE6K5(32,48,2,96,3)SuperResIDWE1K7(48,32,2,120,3)SuperConvK1BNRELU(32,2048,1,1)
loop_count=5900/10000, time=0.395907h,
max_trainability=-0.00241745, min_trainability=-0.409896
max_complexity=4.49619e+08, min_complexity=9.38601e+07

SuperConvK3BNRELU(3,24,2,1)SuperResIDWE1K3(24,40,2,64,5)SuperResIDWE4K3(40,32,2,56,1)SuperResIDWE6K5(32,48,2,96,3)SuperResIDWE1K7(48,32,2,120,3)SuperConvK1BNRELU(32,2048,1,1)
loop_count=6000/10000, time=0.402237h,
max_trainability=-0.00241745, min_trainability=-0.409896
max_complexity=4.49619e+08, min_complexity=9.38601e+07

SuperConvK3BNRELU(3,8,2,1)SuperResIDWE6K3(8,32,2,8,1)SuperResIDWE6K5(32,96,2,40,3)SuperResIDWE2K7(96,144,2,24,3)SuperResIDWE2K5(144,64,2,80,3)SuperConvK1BNRELU(64,2048,1,1)
loop_count=6100/10000, time=0.408725h,
max_trainability=-0.000990013, min_trainability=-0.409896
max_complexity=4.48602e+08, min_complexity=9.38601e+07

SuperConvK3BNRELU(3,8,2,1)SuperResIDWE6K3(8,32,2,8,1)SuperResIDWE6K5(32,96,2,40,3)SuperResIDWE2K7(96,144,2,24,3)SuperResIDWE2K5(144,64,2,80,3)SuperConvK1BNRELU(64,2048,1,1)
loop_count=6200/10000, time=0.415821h,
max_trainability=-0.000990013, min_trainability=-0.409896
max_complexity=4.48602e+08, min_complexity=9.38601e+07

SuperConvK3BNRELU(3,8,2,1)SuperResIDWE6K3(8,32,2,8,1)SuperResIDWE6K5(32,96,2,40,3)SuperResIDWE2K7(96,144,2,24,3)SuperResIDWE2K5(144,64,2,80,3)SuperConvK1BNRELU(64,2048,1,1)
loop_count=6300/10000, time=0.42275h,
max_trainability=-0.000990013, min_trainability=-0.409896
max_complexity=4.48602e+08, min_complexity=9.38601e+07

SuperConvK3BNRELU(3,8,2,1)SuperResIDWE6K3(8,32,2,8,1)SuperResIDWE6K5(32,96,2,40,3)SuperResIDWE2K7(96,144,2,24,3)SuperResIDWE2K5(144,64,2,80,3)SuperConvK1BNRELU(64,2048,1,1)
loop_count=6400/10000, time=0.428797h,
max_trainability=-0.000990013, min_trainability=-0.409896
max_complexity=4.48602e+08, min_complexity=9.38601e+07

SuperConvK3BNRELU(3,8,2,1)SuperResIDWE6K3(8,32,2,8,1)SuperResIDWE6K5(32,96,2,40,3)SuperResIDWE2K7(96,144,2,24,3)SuperResIDWE2K5(144,64,2,80,3)SuperConvK1BNRELU(64,2048,1,1)
loop_count=6500/10000, time=0.434909h,
max_trainability=-0.000990013, min_trainability=-0.409896
max_complexity=4.48602e+08, min_complexity=9.38601e+07

SuperConvK3BNRELU(3,16,2,1)SuperResIDWE4K5(16,64,2,8,2)SuperResIDWE1K5(64,64,2,48,2)SuperResIDWE2K3(64,240,2,40,4)SuperResIDWE2K5(240,320,2,80,2)SuperConvK1BNRELU(320,2048,1,1)
loop_count=6600/10000, time=0.440969h,
max_trainability=-8.02655e-05, min_trainability=-0.409896
max_complexity=4.4909e+08, min_complexity=9.38601e+07

SuperConvK3BNRELU(3,16,2,1)SuperResIDWE4K5(16,64,2,8,2)SuperResIDWE1K5(64,64,2,48,2)SuperResIDWE2K3(64,240,2,40,4)SuperResIDWE2K5(240,320,2,80,2)SuperConvK1BNRELU(320,2048,1,1)
loop_count=6700/10000, time=0.447251h,
max_trainability=-8.02655e-05, min_trainability=-0.409896
max_complexity=4.4909e+08, min_complexity=9.38601e+07

SuperConvK3BNRELU(3,16,2,1)SuperResIDWE4K5(16,64,2,8,2)SuperResIDWE1K5(64,64,2,48,2)SuperResIDWE2K3(64,240,2,40,4)SuperResIDWE2K5(240,320,2,80,2)SuperConvK1BNRELU(320,2048,1,1)
loop_count=6800/10000, time=0.453113h,
max_trainability=-8.02655e-05, min_trainability=-0.409896
max_complexity=4.4909e+08, min_complexity=9.38601e+07

SuperConvK3BNRELU(3,16,2,1)SuperResIDWE4K5(16,64,2,8,2)SuperResIDWE1K5(64,64,2,48,2)SuperResIDWE2K3(64,240,2,40,4)SuperResIDWE2K5(240,320,2,80,2)SuperConvK1BNRELU(320,2048,1,1)
loop_count=6900/10000, time=0.459191h,
max_trainability=-8.02655e-05, min_trainability=-0.409896
max_complexity=4.4909e+08, min_complexity=9.38601e+07

SuperConvK3BNRELU(3,16,2,1)SuperResIDWE4K5(16,64,2,8,2)SuperResIDWE1K5(64,64,2,48,2)SuperResIDWE2K3(64,240,2,40,4)SuperResIDWE2K5(240,320,2,80,2)SuperConvK1BNRELU(320,2048,1,1)
loop_count=7000/10000, time=0.464966h,
max_trainability=-8.02655e-05, min_trainability=-0.409896
max_complexity=4.4909e+08, min_complexity=9.38601e+07

SuperConvK3BNRELU(3,16,2,1)SuperResIDWE4K5(16,64,2,8,2)SuperResIDWE1K5(64,64,2,48,2)SuperResIDWE2K3(64,240,2,40,4)SuperResIDWE2K5(240,320,2,80,2)SuperConvK1BNRELU(320,2048,1,1)
loop_count=7100/10000, time=0.470441h,
max_trainability=-8.02655e-05, min_trainability=-0.409896
max_complexity=4.4909e+08, min_complexity=9.38601e+07

SuperConvK3BNRELU(3,16,2,1)SuperResIDWE4K5(16,64,2,8,2)SuperResIDWE1K5(64,64,2,48,2)SuperResIDWE2K3(64,240,2,40,4)SuperResIDWE2K5(240,320,2,80,2)SuperConvK1BNRELU(320,2048,1,1)
loop_count=7200/10000, time=0.4764h,
max_trainability=-8.02655e-05, min_trainability=-0.409896
max_complexity=4.4909e+08, min_complexity=9.38601e+07

SuperConvK3BNRELU(3,16,2,1)SuperResIDWE4K5(16,64,2,8,2)SuperResIDWE1K5(64,64,2,48,2)SuperResIDWE2K3(64,240,2,40,4)SuperResIDWE2K5(240,320,2,80,2)SuperConvK1BNRELU(320,2048,1,1)
loop_count=7300/10000, time=0.482382h,
max_trainability=-8.02655e-05, min_trainability=-0.409896
max_complexity=4.4909e+08, min_complexity=9.38601e+07

SuperConvK3BNRELU(3,16,2,1)SuperResIDWE4K5(16,64,2,8,2)SuperResIDWE1K5(64,64,2,48,2)SuperResIDWE2K3(64,240,2,40,4)SuperResIDWE2K5(240,320,2,80,2)SuperConvK1BNRELU(320,2048,1,1)
loop_count=7400/10000, time=0.488444h,
max_trainability=-8.02655e-05, min_trainability=-0.409896
max_complexity=4.4909e+08, min_complexity=9.38601e+07

SuperConvK3BNRELU(3,16,2,1)SuperResIDWE4K5(16,64,2,8,2)SuperResIDWE1K5(64,64,2,48,2)SuperResIDWE2K3(64,240,2,40,4)SuperResIDWE2K5(240,320,2,80,2)SuperConvK1BNRELU(320,2048,1,1)
loop_count=7500/10000, time=0.494516h,
max_trainability=-8.02655e-05, min_trainability=-0.409896
max_complexity=4.4909e+08, min_complexity=9.38601e+07

SuperConvK3BNRELU(3,16,2,1)SuperResIDWE4K5(16,64,2,8,2)SuperResIDWE1K5(64,64,2,48,2)SuperResIDWE2K3(64,240,2,40,4)SuperResIDWE2K5(240,320,2,80,2)SuperConvK1BNRELU(320,2048,1,1)
loop_count=7600/10000, time=0.500006h,
max_trainability=-8.02655e-05, min_trainability=-0.409896
max_complexity=4.4909e+08, min_complexity=9.38601e+07

SuperConvK3BNRELU(3,16,2,1)SuperResIDWE4K5(16,64,2,8,2)SuperResIDWE1K5(64,64,2,48,2)SuperResIDWE2K3(64,240,2,40,4)SuperResIDWE2K5(240,320,2,80,2)SuperConvK1BNRELU(320,2048,1,1)
loop_count=7700/10000, time=0.506212h,
max_trainability=-8.02655e-05, min_trainability=-0.409896
max_complexity=4.4909e+08, min_complexity=9.38601e+07

SuperConvK3BNRELU(3,16,2,1)SuperResIDWE4K5(16,64,2,8,2)SuperResIDWE1K5(64,64,2,48,2)SuperResIDWE2K3(64,240,2,40,4)SuperResIDWE2K5(240,320,2,80,2)SuperConvK1BNRELU(320,2048,1,1)
loop_count=7800/10000, time=0.512156h,
max_trainability=-8.02655e-05, min_trainability=-0.409896
max_complexity=4.4909e+08, min_complexity=9.38601e+07

SuperConvK3BNRELU(3,16,2,1)SuperResIDWE4K5(16,64,2,8,2)SuperResIDWE1K5(64,64,2,48,2)SuperResIDWE2K3(64,240,2,40,4)SuperResIDWE2K5(240,320,2,80,2)SuperConvK1BNRELU(320,2048,1,1)
loop_count=7900/10000, time=0.517452h,
max_trainability=-8.02655e-05, min_trainability=-0.409896
max_complexity=4.4909e+08, min_complexity=9.38601e+07

SuperConvK3BNRELU(3,16,2,1)SuperResIDWE4K5(16,64,2,8,2)SuperResIDWE1K5(64,64,2,48,2)SuperResIDWE2K3(64,240,2,40,4)SuperResIDWE2K5(240,320,2,80,2)SuperConvK1BNRELU(320,2048,1,1)
loop_count=8000/10000, time=0.522659h,
max_trainability=-8.02655e-05, min_trainability=-0.409896
max_complexity=4.4909e+08, min_complexity=9.38601e+07

SuperConvK3BNRELU(3,16,2,1)SuperResIDWE4K5(16,64,2,8,2)SuperResIDWE1K5(64,64,2,48,2)SuperResIDWE2K3(64,240,2,40,4)SuperResIDWE2K5(240,320,2,80,2)SuperConvK1BNRELU(320,2048,1,1)
loop_count=8100/10000, time=0.52866h,
max_trainability=-8.02655e-05, min_trainability=-0.409896
max_complexity=4.4909e+08, min_complexity=9.38601e+07

SuperConvK3BNRELU(3,16,2,1)SuperResIDWE4K5(16,64,2,8,2)SuperResIDWE1K5(64,64,2,48,2)SuperResIDWE2K3(64,240,2,40,4)SuperResIDWE2K5(240,320,2,80,2)SuperConvK1BNRELU(320,2048,1,1)
loop_count=8200/10000, time=0.53424h,
max_trainability=-8.02655e-05, min_trainability=-0.409896
max_complexity=4.4909e+08, min_complexity=9.38601e+07

SuperConvK3BNRELU(3,16,2,1)SuperResIDWE4K5(16,64,2,8,2)SuperResIDWE1K5(64,64,2,48,2)SuperResIDWE2K3(64,240,2,40,4)SuperResIDWE2K5(240,320,2,80,2)SuperConvK1BNRELU(320,2048,1,1)
loop_count=8300/10000, time=0.539735h,
max_trainability=-8.02655e-05, min_trainability=-0.409896
max_complexity=4.4909e+08, min_complexity=9.38601e+07

SuperConvK3BNRELU(3,16,2,1)SuperResIDWE4K5(16,64,2,8,2)SuperResIDWE1K5(64,64,2,48,2)SuperResIDWE2K3(64,240,2,40,4)SuperResIDWE2K5(240,320,2,80,2)SuperConvK1BNRELU(320,2048,1,1)
loop_count=8400/10000, time=0.545808h,
max_trainability=-8.02655e-05, min_trainability=-0.409896
max_complexity=4.4909e+08, min_complexity=9.38601e+07

SuperConvK3BNRELU(3,16,2,1)SuperResIDWE4K5(16,64,2,8,2)SuperResIDWE1K5(64,64,2,48,2)SuperResIDWE2K3(64,240,2,40,4)SuperResIDWE2K5(240,320,2,80,2)SuperConvK1BNRELU(320,2048,1,1)
loop_count=8500/10000, time=0.551767h,
max_trainability=-8.02655e-05, min_trainability=-0.409896
max_complexity=4.4909e+08, min_complexity=9.38601e+07

SuperConvK3BNRELU(3,16,2,1)SuperResIDWE4K5(16,64,2,8,2)SuperResIDWE1K5(64,64,2,48,2)SuperResIDWE2K3(64,240,2,40,4)SuperResIDWE2K5(240,320,2,80,2)SuperConvK1BNRELU(320,2048,1,1)
loop_count=8600/10000, time=0.557062h,
max_trainability=-8.02655e-05, min_trainability=-0.409896
max_complexity=4.4909e+08, min_complexity=9.38601e+07

SuperConvK3BNRELU(3,16,2,1)SuperResIDWE4K5(16,64,2,8,2)SuperResIDWE1K5(64,64,2,48,2)SuperResIDWE2K3(64,240,2,40,4)SuperResIDWE2K5(240,320,2,80,2)SuperConvK1BNRELU(320,2048,1,1)
loop_count=8700/10000, time=0.563015h,
max_trainability=-8.02655e-05, min_trainability=-0.409896
max_complexity=4.4909e+08, min_complexity=9.38601e+07

SuperConvK3BNRELU(3,16,2,1)SuperResIDWE4K5(16,64,2,8,2)SuperResIDWE1K5(64,64,2,48,2)SuperResIDWE2K3(64,240,2,40,4)SuperResIDWE2K5(240,320,2,80,2)SuperConvK1BNRELU(320,2048,1,1)
loop_count=8800/10000, time=0.56805h,
max_trainability=-8.02655e-05, min_trainability=-0.409896
max_complexity=4.4909e+08, min_complexity=9.38601e+07

SuperConvK3BNRELU(3,16,2,1)SuperResIDWE4K5(16,64,2,8,2)SuperResIDWE1K5(64,64,2,48,2)SuperResIDWE2K3(64,240,2,40,4)SuperResIDWE2K5(240,320,2,80,2)SuperConvK1BNRELU(320,2048,1,1)
loop_count=8900/10000, time=0.574514h,
max_trainability=-8.02655e-05, min_trainability=-0.409896
max_complexity=4.4909e+08, min_complexity=9.38601e+07

SuperConvK3BNRELU(3,16,2,1)SuperResIDWE4K5(16,64,2,8,2)SuperResIDWE1K5(64,64,2,48,2)SuperResIDWE2K3(64,240,2,40,4)SuperResIDWE2K5(240,320,2,80,2)SuperConvK1BNRELU(320,2048,1,1)
loop_count=9000/10000, time=0.58019h,
max_trainability=-8.02655e-05, min_trainability=-0.409896
max_complexity=4.4909e+08, min_complexity=9.38601e+07

SuperConvK3BNRELU(3,16,2,1)SuperResIDWE4K5(16,64,2,8,2)SuperResIDWE1K5(64,64,2,48,2)SuperResIDWE2K3(64,240,2,40,4)SuperResIDWE2K5(240,320,2,80,2)SuperConvK1BNRELU(320,2048,1,1)
loop_count=9100/10000, time=0.586103h,
max_trainability=-8.02655e-05, min_trainability=-0.409896
max_complexity=4.4909e+08, min_complexity=9.38601e+07

SuperConvK3BNRELU(3,16,2,1)SuperResIDWE4K5(16,64,2,8,2)SuperResIDWE1K5(64,64,2,48,2)SuperResIDWE2K3(64,240,2,40,4)SuperResIDWE2K5(240,320,2,80,2)SuperConvK1BNRELU(320,2048,1,1)
loop_count=9200/10000, time=0.591037h,
max_trainability=-8.02655e-05, min_trainability=-0.409896
max_complexity=4.4909e+08, min_complexity=9.38601e+07

SuperConvK3BNRELU(3,16,2,1)SuperResIDWE4K5(16,64,2,8,2)SuperResIDWE1K5(64,64,2,48,2)SuperResIDWE2K3(64,240,2,40,4)SuperResIDWE2K5(240,320,2,80,2)SuperConvK1BNRELU(320,2048,1,1)
loop_count=9300/10000, time=0.595801h,
max_trainability=-8.02655e-05, min_trainability=-0.409896
max_complexity=4.4909e+08, min_complexity=9.38601e+07

SuperConvK3BNRELU(3,16,2,1)SuperResIDWE4K5(16,64,2,8,2)SuperResIDWE1K5(64,64,2,48,2)SuperResIDWE2K3(64,240,2,40,4)SuperResIDWE2K5(240,320,2,80,2)SuperConvK1BNRELU(320,2048,1,1)
loop_count=9400/10000, time=0.60116h,
max_trainability=-8.02655e-05, min_trainability=-0.409896
max_complexity=4.4909e+08, min_complexity=9.38601e+07

SuperConvK3BNRELU(3,16,2,1)SuperResIDWE4K5(16,64,2,8,2)SuperResIDWE1K5(64,64,2,48,2)SuperResIDWE2K3(64,240,2,40,4)SuperResIDWE2K5(240,320,2,80,2)SuperConvK1BNRELU(320,2048,1,1)
loop_count=9500/10000, time=0.605949h,
max_trainability=-8.02655e-05, min_trainability=-0.409896
max_complexity=4.4909e+08, min_complexity=9.38601e+07

SuperConvK3BNRELU(3,16,2,1)SuperResIDWE4K5(16,64,2,8,2)SuperResIDWE1K5(64,64,2,48,2)SuperResIDWE2K3(64,240,2,40,4)SuperResIDWE2K5(240,320,2,80,2)SuperConvK1BNRELU(320,2048,1,1)
loop_count=9600/10000, time=0.610225h,
max_trainability=-8.02655e-05, min_trainability=-0.409896
max_complexity=4.4909e+08, min_complexity=9.38601e+07

SuperConvK3BNRELU(3,16,2,1)SuperResIDWE4K5(16,64,2,8,2)SuperResIDWE1K5(64,64,2,48,2)SuperResIDWE2K3(64,240,2,40,4)SuperResIDWE2K5(240,320,2,80,2)SuperConvK1BNRELU(320,2048,1,1)
loop_count=9700/10000, time=0.614608h,
max_trainability=-8.02655e-05, min_trainability=-0.409896
max_complexity=4.4909e+08, min_complexity=9.38601e+07

SuperConvK3BNRELU(3,16,2,1)SuperResIDWE4K5(16,64,2,8,2)SuperResIDWE1K5(64,64,2,48,2)SuperResIDWE2K3(64,240,2,40,4)SuperResIDWE2K5(240,320,2,80,2)SuperConvK1BNRELU(320,2048,1,1)
loop_count=9800/10000, time=0.619263h,
max_trainability=-8.02655e-05, min_trainability=-0.409896
max_complexity=4.4909e+08, min_complexity=9.38601e+07

SuperConvK3BNRELU(3,16,2,1)SuperResIDWE4K5(16,64,2,8,2)SuperResIDWE1K5(64,64,2,48,2)SuperResIDWE2K3(64,240,2,40,4)SuperResIDWE2K5(240,320,2,80,2)SuperConvK1BNRELU(320,2048,1,1)
loop_count=9900/10000, time=0.62374h,
max_trainability=-8.02655e-05, min_trainability=-0.409896
max_complexity=4.4909e+08, min_complexity=9.38601e+07

