SuperConvK3BNRELU(3,16,2,1)SuperResIDWE4K3(16,32,2,16,3)SuperResIDWE2K3(32,40,2,32,1)SuperResIDWE6K5(40,80,2,64,2)SuperResIDWE2K3(80,256,2,120,1)SuperConvK1BNRELU(256,2048,1,1)
loop_count=100/100000, time=0.0217103h,
max_expressivity=0.948879, min_expressivity=0.905877
max_stability=-0.106065, min_stability=-0.828341
max_trainability=-0.0409384, min_trainability=-0.532218
max_capacity=3.21322e+06, min_capacity=2.49178e+06
max_complexity=2.55491e+08, min_complexity=8.61416e+07

SuperConvK3BNRELU(3,8,2,1)SuperResIDWE1K5(8,32,2,16,2)SuperResIDWE6K3(32,96,2,64,2)SuperResIDWE4K3(96,112,2,48,1)SuperResIDWE2K5(112,192,2,144,3)SuperConvK1BNRELU(192,2048,1,1)
loop_count=200/100000, time=0.0435498h,
max_expressivity=0.947048, min_expressivity=0.905877
max_stability=-0.141708, min_stability=-0.828341
max_trainability=-0.0869481, min_trainability=-0.532218
max_capacity=3.75885e+06, min_capacity=2.49178e+06
max_complexity=4.15406e+08, min_complexity=8.61416e+07

SuperConvK3BNRELU(3,8,2,1)SuperResIDWE1K5(8,32,2,16,2)SuperResIDWE6K3(32,96,2,64,2)SuperResIDWE4K3(96,112,2,48,1)SuperResIDWE2K5(112,192,2,144,3)SuperConvK1BNRELU(192,2048,1,1)
loop_count=300/100000, time=0.0636877h,
max_expressivity=0.947048, min_expressivity=0.902907
max_stability=-0.141708, min_stability=-0.915906
max_trainability=-0.0869481, min_trainability=-0.514402
max_capacity=3.75885e+06, min_capacity=2.48231e+06
max_complexity=4.15406e+08, min_complexity=7.56031e+07

SuperConvK3BNRELU(3,8,2,1)SuperResIDWE1K5(8,32,2,16,2)SuperResIDWE6K3(32,96,2,64,2)SuperResIDWE4K3(96,112,2,48,1)SuperResIDWE2K5(112,192,2,144,3)SuperConvK1BNRELU(192,2048,1,1)
loop_count=400/100000, time=0.083844h,
max_expressivity=0.947048, min_expressivity=0.902907
max_stability=-0.141708, min_stability=-0.915906
max_trainability=-0.0869481, min_trainability=-0.514402
max_capacity=3.75885e+06, min_capacity=2.48231e+06
max_complexity=4.15406e+08, min_complexity=7.56031e+07

SuperConvK3BNRELU(3,8,2,1)SuperResIDWE1K5(8,32,2,16,2)SuperResIDWE6K3(32,96,2,64,2)SuperResIDWE4K3(96,112,2,48,1)SuperResIDWE2K5(112,192,2,144,3)SuperConvK1BNRELU(192,2048,1,1)
loop_count=500/100000, time=0.104607h,
max_expressivity=0.947048, min_expressivity=0.893163
max_stability=-0.141708, min_stability=-0.952421
max_trainability=-0.0869481, min_trainability=-0.493056
max_capacity=3.75885e+06, min_capacity=2.29474e+06
max_complexity=4.15406e+08, min_complexity=8.3134e+07

SuperConvK3BNRELU(3,16,2,1)SuperResIDWE4K7(16,40,2,16,1)SuperResIDWE2K3(40,40,2,40,1)SuperResIDWE6K3(40,96,2,144,3)SuperResIDWE2K3(96,256,2,120,1)SuperConvK1BNRELU(256,2048,1,1)
loop_count=600/100000, time=0.125409h,
max_expressivity=0.953354, min_expressivity=0.893163
max_stability=-0.112617, min_stability=-0.952421
max_trainability=-0.0544664, min_trainability=-0.493056
max_capacity=4.02238e+06, min_capacity=2.29474e+06
max_complexity=3.91519e+08, min_complexity=8.3134e+07

SuperConvK3BNRELU(3,16,2,1)SuperResIDWE4K7(16,40,2,16,1)SuperResIDWE2K3(40,40,2,40,1)SuperResIDWE6K3(40,96,2,144,3)SuperResIDWE2K3(96,256,2,120,1)SuperConvK1BNRELU(256,2048,1,1)
loop_count=700/100000, time=0.144968h,
max_expressivity=0.953354, min_expressivity=0.893163
max_stability=-0.112617, min_stability=-0.952421
max_trainability=-0.0544664, min_trainability=-0.493056
max_capacity=4.02238e+06, min_capacity=2.29474e+06
max_complexity=3.91519e+08, min_complexity=8.3134e+07

SuperConvK3BNRELU(3,16,2,1)SuperResIDWE4K7(16,40,2,16,1)SuperResIDWE2K3(40,40,2,40,1)SuperResIDWE6K3(40,96,2,144,3)SuperResIDWE2K3(96,256,2,120,1)SuperConvK1BNRELU(256,2048,1,1)
loop_count=800/100000, time=0.164987h,
max_expressivity=0.953354, min_expressivity=0.893163
max_stability=-0.112617, min_stability=-0.952421
max_trainability=-0.0544664, min_trainability=-0.493056
max_capacity=4.02238e+06, min_capacity=2.29474e+06
max_complexity=3.91519e+08, min_complexity=8.3134e+07

SuperConvK3BNRELU(3,16,2,1)SuperResIDWE1K5(16,24,2,24,3)SuperResIDWE2K3(24,40,2,40,1)SuperResIDWE6K3(40,96,2,144,3)SuperResIDWE4K3(96,512,2,96,1)SuperConvK1BNRELU(512,2048,1,1)
loop_count=900/100000, time=0.187065h,
max_expressivity=0.956077, min_expressivity=0.893163
max_stability=-0.121375, min_stability=-0.952421
max_trainability=-0.0712944, min_trainability=-0.493056
max_capacity=5.6421e+06, min_capacity=2.29474e+06
max_complexity=4.24353e+08, min_complexity=8.3134e+07

SuperConvK3BNRELU(3,16,2,1)SuperResIDWE1K5(16,24,2,24,3)SuperResIDWE2K3(24,40,2,40,1)SuperResIDWE6K3(40,96,2,144,3)SuperResIDWE4K3(96,512,2,96,1)SuperConvK1BNRELU(512,2048,1,1)
loop_count=1000/100000, time=0.205633h,
max_expressivity=0.956077, min_expressivity=0.893163
max_stability=-0.121375, min_stability=-0.952421
max_trainability=-0.0712944, min_trainability=-0.493056
max_capacity=5.6421e+06, min_capacity=2.29474e+06
max_complexity=4.24353e+08, min_complexity=8.3134e+07

SuperConvK3BNRELU(3,16,2,1)SuperResIDWE1K5(16,24,2,24,3)SuperResIDWE2K3(24,40,2,40,1)SuperResIDWE6K3(40,96,2,144,3)SuperResIDWE4K3(96,512,2,96,1)SuperConvK1BNRELU(512,2048,1,1)
loop_count=1100/100000, time=0.224644h,
max_expressivity=0.956077, min_expressivity=0.893163
max_stability=-0.121375, min_stability=-0.952421
max_trainability=-0.0712944, min_trainability=-0.493056
max_capacity=5.6421e+06, min_capacity=2.29474e+06
max_complexity=4.24353e+08, min_complexity=8.3134e+07

SuperConvK3BNRELU(3,16,2,1)SuperResIDWE1K5(16,24,2,24,3)SuperResIDWE2K3(24,40,2,40,1)SuperResIDWE6K3(40,96,2,144,3)SuperResIDWE4K3(96,512,2,96,1)SuperConvK1BNRELU(512,2048,1,1)
loop_count=1200/100000, time=0.245816h,
max_expressivity=0.956077, min_expressivity=0.905231
max_stability=-0.121375, min_stability=-0.951409
max_trainability=-0.0712944, min_trainability=-0.573845
max_capacity=5.6421e+06, min_capacity=2.23759e+06
max_complexity=4.24353e+08, min_complexity=8.7865e+07

SuperConvK3BNRELU(3,16,2,1)SuperResIDWE1K5(16,24,2,24,3)SuperResIDWE2K3(24,40,2,40,1)SuperResIDWE6K3(40,96,2,144,3)SuperResIDWE4K3(96,512,2,96,1)SuperConvK1BNRELU(512,2048,1,1)
loop_count=1300/100000, time=0.265444h,
max_expressivity=0.956077, min_expressivity=0.925933
max_stability=-0.121375, min_stability=-0.827157
max_trainability=-0.0712944, min_trainability=-0.745998
max_capacity=5.6421e+06, min_capacity=2.77693e+06
max_complexity=4.24353e+08, min_complexity=2.88629e+08

SuperConvK3BNRELU(3,16,2,1)SuperResIDWE1K5(16,24,2,24,3)SuperResIDWE2K3(24,40,2,40,1)SuperResIDWE6K3(40,96,2,144,3)SuperResIDWE4K3(96,512,2,96,1)SuperConvK1BNRELU(512,2048,1,1)
loop_count=1400/100000, time=0.284176h,
max_expressivity=0.956077, min_expressivity=0.926119
max_stability=-0.121375, min_stability=-0.501402
max_trainability=-0.0712944, min_trainability=-0.532261
max_capacity=5.6421e+06, min_capacity=2.93576e+06
max_complexity=4.24353e+08, min_complexity=1.31511e+08

SuperConvK3BNRELU(3,16,2,1)SuperResIDWE1K5(16,24,2,24,3)SuperResIDWE2K3(24,40,2,40,1)SuperResIDWE6K3(40,96,2,144,3)SuperResIDWE4K3(96,512,2,96,1)SuperConvK1BNRELU(512,2048,1,1)
loop_count=1500/100000, time=0.302522h,
max_expressivity=0.956077, min_expressivity=0.929075
max_stability=-0.121375, min_stability=-0.494745
max_trainability=-0.0712944, min_trainability=-0.251997
max_capacity=5.6421e+06, min_capacity=2.58950e+06
max_complexity=4.24353e+08, min_complexity=1.17573e+08

SuperConvK3BNRELU(3,32,2,1)SuperResIDWE1K5(32,24,2,24,3)SuperResIDWE2K3(24,40,2,40,1)SuperResIDWE6K3(40,96,2,144,3)SuperResIDWE1K5(96,408,2,192,3)SuperConvK1BNRELU(408,2048,1,1)
loop_count=1600/100000, time=0.323418h,
max_expressivity=0.952406, min_expressivity=0.930277
max_stability=-0.0937804, min_stability=-0.451502
max_trainability=-0.0600446, min_trainability=-0.426584
max_capacity=5.50748e+06, min_capacity=2.67499e+06
max_complexity=4.25355e+08, min_complexity=1.99498e+08

SuperConvK3BNRELU(3,32,2,1)SuperResIDWE1K5(32,24,2,24,3)SuperResIDWE2K3(24,40,2,40,1)SuperResIDWE6K3(40,96,2,144,3)SuperResIDWE1K5(96,408,2,192,3)SuperConvK1BNRELU(408,2048,1,1)
loop_count=1700/100000, time=0.34425h,
max_expressivity=0.952406, min_expressivity=0.931374
max_stability=-0.0937804, min_stability=-0.552089
max_trainability=-0.0600446, min_trainability=-0.291363
max_capacity=5.50748e+06, min_capacity=2.70827e+06
max_complexity=4.25355e+08, min_complexity=1.88999e+08

SuperConvK3BNRELU(3,32,2,1)SuperResIDWE1K5(32,24,2,24,3)SuperResIDWE2K3(24,40,2,40,1)SuperResIDWE6K3(40,96,2,144,3)SuperResIDWE1K5(96,408,2,192,3)SuperConvK1BNRELU(408,2048,1,1)
loop_count=1800/100000, time=0.363058h,
max_expressivity=0.952406, min_expressivity=0.936344
max_stability=-0.0937804, min_stability=-0.509255
max_trainability=-0.0600446, min_trainability=-0.380632
max_capacity=5.50748e+06, min_capacity=2.84294e+06
max_complexity=4.25355e+08, min_complexity=1.68407e+08

SuperConvK3BNRELU(3,32,2,1)SuperResIDWE1K5(32,24,2,24,3)SuperResIDWE2K3(24,40,2,40,1)SuperResIDWE6K3(40,96,2,144,3)SuperResIDWE1K5(96,408,2,192,3)SuperConvK1BNRELU(408,2048,1,1)
loop_count=1900/100000, time=0.381501h,
max_expressivity=0.952406, min_expressivity=0.933142
max_stability=-0.0937804, min_stability=-0.471948
max_trainability=-0.0600446, min_trainability=-0.342021
max_capacity=5.50748e+06, min_capacity=2.73079e+06
max_complexity=4.25355e+08, min_complexity=3.06632e+08

SuperConvK3BNRELU(3,32,2,1)SuperResIDWE1K5(32,24,2,24,3)SuperResIDWE2K3(24,40,2,40,1)SuperResIDWE6K3(40,96,2,144,3)SuperResIDWE1K5(96,408,2,192,3)SuperConvK1BNRELU(408,2048,1,1)
loop_count=2000/100000, time=0.400994h,
max_expressivity=0.952406, min_expressivity=0.934569
max_stability=-0.0937804, min_stability=-0.424454
max_trainability=-0.0600446, min_trainability=-0.402435
max_capacity=5.50748e+06, min_capacity=3.47992e+06
max_complexity=4.25355e+08, min_complexity=2.85862e+08

SuperConvK3BNRELU(3,32,2,1)SuperResIDWE1K5(32,24,2,24,3)SuperResIDWE2K3(24,40,2,40,1)SuperResIDWE6K3(40,96,2,144,3)SuperResIDWE1K5(96,408,2,192,3)SuperConvK1BNRELU(408,2048,1,1)
loop_count=2100/100000, time=0.418599h,
max_expressivity=0.952406, min_expressivity=0.935662
max_stability=-0.0937804, min_stability=-0.367613
max_trainability=-0.0600446, min_trainability=-0.251425
max_capacity=5.50748e+06, min_capacity=3.11767e+06
max_complexity=4.25355e+08, min_complexity=1.33521e+08

SuperConvK3BNRELU(3,32,2,1)SuperResIDWE1K5(32,24,2,24,3)SuperResIDWE2K3(24,40,2,40,1)SuperResIDWE6K3(40,96,2,144,3)SuperResIDWE1K5(96,408,2,192,3)SuperConvK1BNRELU(408,2048,1,1)
loop_count=2200/100000, time=0.437228h,
max_expressivity=0.952406, min_expressivity=0.937499
max_stability=-0.0937804, min_stability=-0.40326
max_trainability=-0.0600446, min_trainability=-0.206527
max_capacity=5.50748e+06, min_capacity=2.70877e+06
max_complexity=4.25355e+08, min_complexity=1.62403e+08

SuperConvK3BNRELU(3,32,2,1)SuperResIDWE1K5(32,24,2,24,3)SuperResIDWE2K3(24,40,2,40,1)SuperResIDWE6K3(40,96,2,144,3)SuperResIDWE1K5(96,408,2,192,3)SuperConvK1BNRELU(408,2048,1,1)
loop_count=2300/100000, time=0.456247h,
max_expressivity=0.952406, min_expressivity=0.941507
max_stability=-0.0937804, min_stability=-0.465754
max_trainability=-0.0600446, min_trainability=-0.31583
max_capacity=5.50748e+06, min_capacity=3.50949e+06
max_complexity=4.25355e+08, min_complexity=2.36686e+08

SuperConvK3BNRELU(3,32,2,1)SuperResIDWE1K5(32,24,2,24,3)SuperResIDWE2K3(24,40,2,40,1)SuperResIDWE6K3(40,96,2,144,3)SuperResIDWE1K5(96,408,2,192,3)SuperConvK1BNRELU(408,2048,1,1)
loop_count=2400/100000, time=0.474801h,
max_expressivity=0.952406, min_expressivity=0.935264
max_stability=-0.0937804, min_stability=-0.314863
max_trainability=-0.0600446, min_trainability=-0.200912
max_capacity=5.50748e+06, min_capacity=2.95589e+06
max_complexity=4.25355e+08, min_complexity=1.60277e+08

SuperConvK3BNRELU(3,32,2,1)SuperResIDWE1K5(32,24,2,24,3)SuperResIDWE2K3(24,40,2,40,1)SuperResIDWE6K3(40,96,2,144,3)SuperResIDWE1K5(96,408,2,192,3)SuperConvK1BNRELU(408,2048,1,1)
loop_count=2500/100000, time=0.494706h,
max_expressivity=0.952406, min_expressivity=0.940803
max_stability=-0.0937804, min_stability=-0.408274
max_trainability=-0.0600446, min_trainability=-0.312259
max_capacity=5.50748e+06, min_capacity=3.4341e+06
max_complexity=4.25355e+08, min_complexity=2.33121e+08

SuperConvK3BNRELU(3,32,2,1)SuperResIDWE1K5(32,24,2,24,3)SuperResIDWE2K3(24,40,2,40,1)SuperResIDWE6K3(40,96,2,144,3)SuperResIDWE1K5(96,408,2,192,3)SuperConvK1BNRELU(408,2048,1,1)
loop_count=2600/100000, time=0.5143h,
max_expressivity=0.952406, min_expressivity=0.935598
max_stability=-0.0937804, min_stability=-0.344982
max_trainability=-0.0600446, min_trainability=-0.23811
max_capacity=5.50748e+06, min_capacity=3.03526e+06
max_complexity=4.25355e+08, min_complexity=2.19482e+08

SuperConvK3BNRELU(3,32,2,1)SuperResIDWE1K5(32,24,2,24,3)SuperResIDWE2K3(24,40,2,40,1)SuperResIDWE6K3(40,96,2,144,3)SuperResIDWE1K5(96,408,2,192,3)SuperConvK1BNRELU(408,2048,1,1)
loop_count=2700/100000, time=0.532623h,
max_expressivity=0.952406, min_expressivity=0.935828
max_stability=-0.0937804, min_stability=-0.244795
max_trainability=-0.0600446, min_trainability=-0.0884803
max_capacity=5.50748e+06, min_capacity=2.82270e+06
max_complexity=4.25355e+08, min_complexity=1.66105e+08

SuperConvK3BNRELU(3,32,2,1)SuperResIDWE1K5(32,24,2,24,3)SuperResIDWE2K3(24,40,2,40,1)SuperResIDWE6K3(40,96,2,144,3)SuperResIDWE1K5(96,408,2,192,3)SuperConvK1BNRELU(408,2048,1,1)
loop_count=2800/100000, time=0.552903h,
max_expressivity=0.952406, min_expressivity=0.943827
max_stability=-0.0937804, min_stability=-0.369858
max_trainability=-0.0600446, min_trainability=-0.164249
max_capacity=5.50748e+06, min_capacity=2.86515e+06
max_complexity=4.25355e+08, min_complexity=1.96168e+08

SuperConvK3BNRELU(3,32,2,1)SuperResIDWE1K5(32,24,2,24,3)SuperResIDWE2K3(24,40,2,40,1)SuperResIDWE6K3(40,96,2,144,3)SuperResIDWE1K5(96,408,2,192,3)SuperConvK1BNRELU(408,2048,1,1)
loop_count=2900/100000, time=0.574628h,
max_expressivity=0.952406, min_expressivity=0.940661
max_stability=-0.0937804, min_stability=-0.339154
max_trainability=-0.0600446, min_trainability=-0.244514
max_capacity=5.50748e+06, min_capacity=2.92813e+06
max_complexity=4.25355e+08, min_complexity=2.28743e+08

SuperConvK3BNRELU(3,32,2,1)SuperResIDWE1K5(32,24,2,24,3)SuperResIDWE2K3(24,40,2,40,1)SuperResIDWE6K3(40,96,2,144,3)SuperResIDWE1K5(96,408,2,192,3)SuperConvK1BNRELU(408,2048,1,1)
loop_count=3000/100000, time=0.593167h,
max_expressivity=0.952406, min_expressivity=0.938226
max_stability=-0.0937804, min_stability=-0.225648
max_trainability=-0.0600446, min_trainability=-0.177584
max_capacity=5.50748e+06, min_capacity=3.20767e+06
max_complexity=4.25355e+08, min_complexity=1.5099e+08

SuperConvK3BNRELU(3,32,2,1)SuperResIDWE1K5(32,24,2,24,3)SuperResIDWE2K3(24,40,2,40,1)SuperResIDWE6K3(40,96,2,144,3)SuperResIDWE1K5(96,408,2,192,3)SuperConvK1BNRELU(408,2048,1,1)
loop_count=3100/100000, time=0.610336h,
max_expressivity=0.952406, min_expressivity=0.945255
max_stability=-0.0937804, min_stability=-0.359834
max_trainability=-0.0600446, min_trainability=-0.245122
max_capacity=5.50748e+06, min_capacity=3.28046e+06
max_complexity=4.25355e+08, min_complexity=3.59821e+08

SuperConvK3BNRELU(3,32,2,1)SuperResIDWE1K5(32,24,2,24,3)SuperResIDWE2K3(24,40,2,40,1)SuperResIDWE6K3(40,96,2,144,3)SuperResIDWE1K5(96,408,2,192,3)SuperConvK1BNRELU(408,2048,1,1)
loop_count=3200/100000, time=0.630385h,
max_expressivity=0.952406, min_expressivity=0.942714
max_stability=-0.0937804, min_stability=-0.320617
max_trainability=-0.0600446, min_trainability=-0.218261
max_capacity=5.50748e+06, min_capacity=2.87092e+06
max_complexity=4.25355e+08, min_complexity=2.1817e+08

SuperConvK3BNRELU(3,32,2,1)SuperResIDWE1K5(32,24,2,24,3)SuperResIDWE2K3(24,40,2,40,1)SuperResIDWE6K3(40,96,2,144,3)SuperResIDWE1K5(96,408,2,192,3)SuperConvK1BNRELU(408,2048,1,1)
loop_count=3300/100000, time=0.650636h,
max_expressivity=0.952406, min_expressivity=0.94218
max_stability=-0.0937804, min_stability=-0.215718
max_trainability=-0.0600446, min_trainability=-0.164553
max_capacity=5.50748e+06, min_capacity=2.63888e+06
max_complexity=4.25355e+08, min_complexity=2.05676e+08

SuperConvK3BNRELU(3,32,2,1)SuperResIDWE1K5(32,24,2,24,3)SuperResIDWE2K3(24,40,2,40,1)SuperResIDWE6K3(40,96,2,144,3)SuperResIDWE1K5(96,408,2,192,3)SuperConvK1BNRELU(408,2048,1,1)
loop_count=3400/100000, time=0.670126h,
max_expressivity=0.952406, min_expressivity=0.938771
max_stability=-0.0937804, min_stability=-0.217031
max_trainability=-0.0600446, min_trainability=-0.172133
max_capacity=5.50748e+06, min_capacity=3.19819e+06
max_complexity=4.25355e+08, min_complexity=1.80347e+08

SuperConvK3BNRELU(3,32,2,1)SuperResIDWE1K5(32,24,2,24,3)SuperResIDWE2K3(24,40,2,40,1)SuperResIDWE6K3(40,96,2,144,3)SuperResIDWE1K5(96,408,2,192,3)SuperConvK1BNRELU(408,2048,1,1)
loop_count=3500/100000, time=0.703544h,
max_expressivity=0.952406, min_expressivity=0.942481
max_stability=-0.0937804, min_stability=-0.346064
max_trainability=-0.0600446, min_trainability=-0.163142
max_capacity=5.50748e+06, min_capacity=2.97243e+06
max_complexity=4.25355e+08, min_complexity=3.03598e+08

SuperConvK3BNRELU(3,32,2,1)SuperResIDWE1K5(32,24,2,24,3)SuperResIDWE2K3(24,40,2,40,1)SuperResIDWE6K3(40,96,2,144,3)SuperResIDWE1K5(96,408,2,192,3)SuperConvK1BNRELU(408,2048,1,1)
loop_count=3600/100000, time=0.730422h,
max_expressivity=0.952406, min_expressivity=0.940681
max_stability=-0.0937804, min_stability=-0.297932
max_trainability=-0.0600446, min_trainability=-0.186487
max_capacity=5.50748e+06, min_capacity=4.16211e+06
max_complexity=4.25355e+08, min_complexity=2.24011e+08

SuperConvK3BNRELU(3,32,2,1)SuperResIDWE1K5(32,24,2,24,3)SuperResIDWE2K3(24,40,2,40,1)SuperResIDWE6K3(40,96,2,144,3)SuperResIDWE1K5(96,408,2,192,3)SuperConvK1BNRELU(408,2048,1,1)
loop_count=3700/100000, time=0.754651h,
max_expressivity=0.952406, min_expressivity=0.947027
max_stability=-0.0937804, min_stability=-0.33525
max_trainability=-0.0600446, min_trainability=-0.169048
max_capacity=5.50748e+06, min_capacity=3.09533e+06
max_complexity=4.25355e+08, min_complexity=4.28878e+08

SuperConvK3BNRELU(3,32,2,1)SuperResIDWE1K5(32,24,2,24,3)SuperResIDWE2K3(24,40,2,40,1)SuperResIDWE6K3(40,96,2,144,3)SuperResIDWE1K5(96,408,2,192,3)SuperConvK1BNRELU(408,2048,1,1)
loop_count=3800/100000, time=0.774099h,
max_expressivity=0.952406, min_expressivity=0.942887
max_stability=-0.0937804, min_stability=-0.305251
max_trainability=-0.0600446, min_trainability=-0.155643
max_capacity=5.50748e+06, min_capacity=4.43912e+06
max_complexity=4.25355e+08, min_complexity=3.08499e+08

SuperConvK3BNRELU(3,32,2,1)SuperResIDWE1K5(32,24,2,24,3)SuperResIDWE2K3(24,40,2,40,1)SuperResIDWE6K3(40,96,2,144,3)SuperResIDWE1K5(96,408,2,192,3)SuperConvK1BNRELU(408,2048,1,1)
loop_count=3900/100000, time=0.792724h,
max_expressivity=0.952406, min_expressivity=0.947459
max_stability=-0.0937804, min_stability=-0.236975
max_trainability=-0.0600446, min_trainability=-0.153385
max_capacity=5.50748e+06, min_capacity=2.70513e+06
max_complexity=4.25355e+08, min_complexity=2.15387e+08

SuperConvK3BNRELU(3,16,2,1)SuperResIDWE4K3(16,24,2,16,1)SuperResIDWE4K3(24,96,2,48,3)SuperResIDWE4K7(96,56,2,64,4)SuperResIDWE6K5(56,128,2,96,4)SuperConvK1BNRELU(128,2048,1,1)
loop_count=4000/100000, time=0.82773h,
max_expressivity=0.955486, min_expressivity=0.944282
max_stability=-0.0955509, min_stability=-0.288939
max_trainability=-0.046139, min_trainability=-0.149892
max_capacity=4.37192e+06, min_capacity=3.87330e+06
max_complexity=4.45462e+08, min_complexity=2.76398e+08

SuperConvK3BNRELU(3,16,2,1)SuperResIDWE4K3(16,24,2,16,1)SuperResIDWE4K3(24,96,2,48,3)SuperResIDWE4K7(96,56,2,64,4)SuperResIDWE6K5(56,128,2,96,4)SuperConvK1BNRELU(128,2048,1,1)
loop_count=4100/100000, time=0.857608h,
max_expressivity=0.955486, min_expressivity=0.936492
max_stability=-0.0955509, min_stability=-0.120311
max_trainability=-0.046139, min_trainability=-0.0781258
max_capacity=4.37192e+06, min_capacity=3.03966e+06
max_complexity=4.45462e+08, min_complexity=2.40014e+08

SuperConvK3BNRELU(3,16,2,1)SuperResIDWE6K3(16,32,2,8,1)SuperResIDWE1K5(32,40,2,80,3)SuperResIDWE1K3(40,304,2,240,2)SuperResIDWE4K5(304,256,2,192,2)SuperConvK1BNRELU(256,2048,1,1)
loop_count=100/100000, time=0.0212898h,
max_expressivity=0.94586, min_expressivity=0.923961
max_stability=-0.173951, min_stability=-1.06629
max_trainability=-0.116986, min_trainability=-1.24443
max_capacity=5.3763e+06, min_capacity=3.19030e+06
max_complexity=4.22167e+08, min_complexity=3.92493e+08

SuperConvK3BNRELU(3,16,2,1)SuperResIDWE4K3(16,48,2,16,2)SuperResIDWE1K5(48,72,2,80,3)SuperResIDWE4K7(72,40,2,120,1)SuperResIDWE4K7(40,256,2,192,2)SuperConvK1BNRELU(256,2048,1,1)
loop_count=100/100000, time=0.0215944h,
max_expressivity=0.948802, min_expressivity=0.920709
max_stability=-0.168028, min_stability=-0.899013
max_trainability=-0.0927146, min_trainability=-0.703969
max_capacity=4.67082e+06, min_capacity=2.95448e+06
max_complexity=4.04617e+08, min_complexity=2.50917e+08

SuperConvK3BNRELU(3,8,2,1)SuperResIDWE6K7(8,24,2,24,1)SuperResIDWE4K7(24,48,2,64,3)SuperResIDWE2K7(48,72,2,48,3)SuperResIDWE6K3(72,128,2,144,2)SuperConvK1BNRELU(128,2048,1,1)
loop_count=200/100000, time=0.0418233h,
max_expressivity=0.954103, min_expressivity=0.908799
max_stability=-0.141289, min_stability=-1.08581
max_trainability=-0.0594968, min_trainability=-0.575821
max_capacity=3.65258e+06, min_capacity=2.48303e+06
max_complexity=3.92452e+08, min_complexity=1.18901e+08

SuperConvK3BNRELU(3,8,2,1)SuperResIDWE6K7(8,24,2,24,1)SuperResIDWE4K7(24,48,2,64,3)SuperResIDWE2K7(48,72,2,48,3)SuperResIDWE6K3(72,128,2,144,2)SuperConvK1BNRELU(128,2048,1,1)
loop_count=300/100000, time=0.0615976h,
max_expressivity=0.954103, min_expressivity=0.908799
max_stability=-0.141289, min_stability=-1.08581
max_trainability=-0.0594968, min_trainability=-0.575821
max_capacity=3.65258e+06, min_capacity=2.48303e+06
max_complexity=3.92452e+08, min_complexity=1.18901e+08

SuperConvK3BNRELU(3,16,2,1)SuperResIDWE1K7(16,32,2,24,4)SuperResIDWE1K5(32,72,2,80,3)SuperResIDWE4K7(72,40,2,120,1)SuperResIDWE6K7(40,208,2,128,4)SuperConvK1BNRELU(208,2048,1,1)
loop_count=400/100000, time=0.0799387h,
max_expressivity=0.950421, min_expressivity=0.911928
max_stability=-0.10249, min_stability=-1.57101
max_trainability=-0.0369331, min_trainability=-1.25479
max_capacity=5.96705e+06, min_capacity=3.76171e+06
max_complexity=4.28428e+08, min_complexity=2.00506e+08

SuperConvK3BNRELU(3,16,2,1)SuperResIDWE1K7(16,32,2,24,4)SuperResIDWE1K5(32,72,2,80,3)SuperResIDWE4K7(72,40,2,120,1)SuperResIDWE6K7(40,208,2,128,4)SuperConvK1BNRELU(208,2048,1,1)
loop_count=500/100000, time=0.0998863h,
max_expressivity=0.950421, min_expressivity=0.911928
max_stability=-0.10249, min_stability=-1.57101
max_trainability=-0.0369331, min_trainability=-1.25479
max_capacity=5.96705e+06, min_capacity=3.76171e+06
max_complexity=4.28428e+08, min_complexity=2.00506e+08

SuperConvK3BNRELU(3,16,2,1)SuperResIDWE1K7(16,32,2,24,4)SuperResIDWE1K5(32,72,2,80,3)SuperResIDWE4K7(72,40,2,120,1)SuperResIDWE6K7(40,208,2,128,4)SuperConvK1BNRELU(208,2048,1,1)
loop_count=600/100000, time=0.120467h,
max_expressivity=0.950421, min_expressivity=0.911928
max_stability=-0.10249, min_stability=-1.57101
max_trainability=-0.0369331, min_trainability=-1.25479
max_capacity=5.96705e+06, min_capacity=3.76171e+06
max_complexity=4.28428e+08, min_complexity=2.00506e+08

SuperConvK3BNRELU(3,16,2,1)SuperResIDWE1K7(16,32,2,24,4)SuperResIDWE1K5(32,72,2,80,3)SuperResIDWE4K7(72,40,2,120,1)SuperResIDWE6K7(40,208,2,128,4)SuperConvK1BNRELU(208,2048,1,1)
loop_count=700/100000, time=0.139973h,
max_expressivity=0.950421, min_expressivity=0.904848
max_stability=-0.10249, min_stability=-1.8236
max_trainability=-0.0369331, min_trainability=-1.22139
max_capacity=5.96705e+06, min_capacity=3.04012e+06
max_complexity=4.28428e+08, min_complexity=1.72731e+08

SuperConvK3BNRELU(3,16,2,1)SuperResIDWE1K7(16,32,2,24,4)SuperResIDWE1K5(32,72,2,80,3)SuperResIDWE4K7(72,40,2,120,1)SuperResIDWE6K7(40,208,2,128,4)SuperConvK1BNRELU(208,2048,1,1)
loop_count=800/100000, time=0.160051h,
max_expressivity=0.950421, min_expressivity=0.904848
max_stability=-0.10249, min_stability=-1.8236
max_trainability=-0.0369331, min_trainability=-1.22139
max_capacity=5.96705e+06, min_capacity=3.04012e+06
max_complexity=4.28428e+08, min_complexity=1.72731e+08

SuperConvK3BNRELU(3,16,2,1)SuperResIDWE1K7(16,32,2,24,4)SuperResIDWE1K5(32,72,2,80,3)SuperResIDWE4K7(72,40,2,120,1)SuperResIDWE6K7(40,208,2,128,4)SuperConvK1BNRELU(208,2048,1,1)
loop_count=900/100000, time=0.178567h,
max_expressivity=0.950421, min_expressivity=0.904848
max_stability=-0.10249, min_stability=-1.8236
max_trainability=-0.0369331, min_trainability=-1.22139
max_capacity=5.96705e+06, min_capacity=3.04012e+06
max_complexity=4.28428e+08, min_complexity=1.72731e+08

SuperConvK3BNRELU(3,16,2,1)SuperResIDWE1K7(16,32,2,24,4)SuperResIDWE1K5(32,72,2,80,3)SuperResIDWE4K7(72,40,2,120,1)SuperResIDWE6K7(40,208,2,128,4)SuperConvK1BNRELU(208,2048,1,1)
loop_count=1000/100000, time=0.198289h,
max_expressivity=0.950421, min_expressivity=0.904848
max_stability=-0.10249, min_stability=-1.8236
max_trainability=-0.0369331, min_trainability=-1.22139
max_capacity=5.96705e+06, min_capacity=3.04012e+06
max_complexity=4.28428e+08, min_complexity=1.72731e+08

SuperConvK3BNRELU(3,16,2,1)SuperResIDWE1K7(16,32,2,24,4)SuperResIDWE1K5(32,72,2,80,3)SuperResIDWE4K7(72,40,2,120,1)SuperResIDWE6K7(40,208,2,128,4)SuperConvK1BNRELU(208,2048,1,1)
loop_count=1100/100000, time=0.215875h,
max_expressivity=0.950421, min_expressivity=0.904848
max_stability=-0.10249, min_stability=-1.8236
max_trainability=-0.0369331, min_trainability=-1.22139
max_capacity=5.96705e+06, min_capacity=3.04012e+06
max_complexity=4.28428e+08, min_complexity=1.72731e+08

SuperConvK3BNRELU(3,16,2,1)SuperResIDWE1K7(16,32,2,24,4)SuperResIDWE1K5(32,72,2,80,3)SuperResIDWE4K7(72,40,2,120,1)SuperResIDWE6K7(40,208,2,128,4)SuperConvK1BNRELU(208,2048,1,1)
loop_count=1200/100000, time=0.235237h,
max_expressivity=0.950421, min_expressivity=0.904848
max_stability=-0.10249, min_stability=-1.8236
max_trainability=-0.0369331, min_trainability=-1.22139
max_capacity=5.96705e+06, min_capacity=3.04012e+06
max_complexity=4.28428e+08, min_complexity=1.72731e+08

SuperConvK3BNRELU(3,16,2,1)SuperResIDWE1K7(16,32,2,24,4)SuperResIDWE1K5(32,72,2,80,3)SuperResIDWE4K7(72,40,2,120,1)SuperResIDWE6K7(40,208,2,128,4)SuperConvK1BNRELU(208,2048,1,1)
loop_count=1300/100000, time=0.253416h,
max_expressivity=0.950421, min_expressivity=0.928144
max_stability=-0.10249, min_stability=-0.716874
max_trainability=-0.0369331, min_trainability=-0.647694
max_capacity=5.96705e+06, min_capacity=3.19804e+06
max_complexity=4.28428e+08, min_complexity=2.824e+08

SuperConvK3BNRELU(3,16,2,1)SuperResIDWE1K7(16,32,2,24,4)SuperResIDWE1K5(32,72,2,80,3)SuperResIDWE4K7(72,40,2,120,1)SuperResIDWE6K7(40,208,2,128,4)SuperConvK1BNRELU(208,2048,1,1)
loop_count=1400/100000, time=0.272108h,
max_expressivity=0.950421, min_expressivity=0.930126
max_stability=-0.10249, min_stability=-0.618342
max_trainability=-0.0369331, min_trainability=-0.457021
max_capacity=5.96705e+06, min_capacity=2.73384e+06
max_complexity=4.28428e+08, min_complexity=2.01686e+08

SuperConvK3BNRELU(3,16,2,1)SuperResIDWE1K7(16,32,2,24,4)SuperResIDWE1K5(32,72,2,80,3)SuperResIDWE4K7(72,40,2,120,1)SuperResIDWE6K7(40,208,2,128,4)SuperConvK1BNRELU(208,2048,1,1)
loop_count=1500/100000, time=0.291214h,
max_expressivity=0.950421, min_expressivity=0.928693
max_stability=-0.10249, min_stability=-0.452518
max_trainability=-0.0369331, min_trainability=-0.349949
max_capacity=5.96705e+06, min_capacity=2.74669e+06
max_complexity=4.28428e+08, min_complexity=1.35203e+08

SuperConvK3BNRELU(3,16,2,1)SuperResIDWE1K7(16,32,2,24,4)SuperResIDWE1K5(32,72,2,80,3)SuperResIDWE4K7(72,40,2,120,1)SuperResIDWE6K7(40,208,2,128,4)SuperConvK1BNRELU(208,2048,1,1)
loop_count=1600/100000, time=0.309264h,
max_expressivity=0.950421, min_expressivity=0.936048
max_stability=-0.10249, min_stability=-0.512483
max_trainability=-0.0369331, min_trainability=-0.421885
max_capacity=5.96705e+06, min_capacity=2.80701e+06
max_complexity=4.28428e+08, min_complexity=3.10414e+08

SuperConvK3BNRELU(3,16,2,1)SuperResIDWE1K7(16,32,2,24,4)SuperResIDWE1K5(32,72,2,80,3)SuperResIDWE4K7(72,40,2,120,1)SuperResIDWE6K7(40,208,2,128,4)SuperConvK1BNRELU(208,2048,1,1)
loop_count=1700/100000, time=0.325755h,
max_expressivity=0.950421, min_expressivity=0.944213
max_stability=-0.10249, min_stability=-0.227936
max_trainability=-0.0369331, min_trainability=-0.185193
max_capacity=5.96705e+06, min_capacity=2.53026e+06
max_complexity=4.28428e+08, min_complexity=9.42532e+07

SuperConvK3BNRELU(3,16,2,1)SuperResIDWE1K7(16,32,2,24,4)SuperResIDWE1K5(32,72,2,80,3)SuperResIDWE4K7(72,40,2,120,1)SuperResIDWE6K7(40,208,2,128,4)SuperConvK1BNRELU(208,2048,1,1)
loop_count=1800/100000, time=0.342912h,
max_expressivity=0.950421, min_expressivity=0.943304
max_stability=-0.10249, min_stability=-0.514782
max_trainability=-0.0369331, min_trainability=-0.319047
max_capacity=5.96705e+06, min_capacity=2.91707e+06
max_complexity=4.28428e+08, min_complexity=2.31542e+08

SuperConvK3BNRELU(3,16,2,1)SuperResIDWE1K7(16,32,2,24,4)SuperResIDWE1K5(32,72,2,80,3)SuperResIDWE4K7(72,40,2,120,1)SuperResIDWE6K7(40,208,2,128,4)SuperConvK1BNRELU(208,2048,1,1)
loop_count=1900/100000, time=0.361337h,
max_expressivity=0.950421, min_expressivity=0.934454
max_stability=-0.10249, min_stability=-0.486638
max_trainability=-0.0369331, min_trainability=-0.211011
max_capacity=5.96705e+06, min_capacity=3.06114e+06
max_complexity=4.28428e+08, min_complexity=2.65591e+08

SuperConvK3BNRELU(3,16,2,1)SuperResIDWE1K7(16,32,2,24,4)SuperResIDWE1K5(32,72,2,80,3)SuperResIDWE4K7(72,40,2,120,1)SuperResIDWE6K7(40,208,2,128,4)SuperConvK1BNRELU(208,2048,1,1)
loop_count=2000/100000, time=0.381033h,
max_expressivity=0.950421, min_expressivity=0.937401
max_stability=-0.10249, min_stability=-0.299534
max_trainability=-0.0369331, min_trainability=-0.183649
max_capacity=5.96705e+06, min_capacity=2.40384e+06
max_complexity=4.28428e+08, min_complexity=3.08037e+08

SuperConvK3BNRELU(3,16,2,1)SuperResIDWE1K7(16,32,2,24,4)SuperResIDWE1K5(32,72,2,80,3)SuperResIDWE4K7(72,40,2,120,1)SuperResIDWE6K7(40,208,2,128,4)SuperConvK1BNRELU(208,2048,1,1)
loop_count=2100/100000, time=0.398561h,
max_expressivity=0.950421, min_expressivity=0.939046
max_stability=-0.10249, min_stability=-0.437942
max_trainability=-0.0369331, min_trainability=-0.301289
max_capacity=5.96705e+06, min_capacity=3.32288e+06
max_complexity=4.28428e+08, min_complexity=2.96902e+08

SuperConvK3BNRELU(3,16,2,1)SuperResIDWE1K7(16,32,2,24,4)SuperResIDWE1K5(32,72,2,80,3)SuperResIDWE4K7(72,40,2,120,1)SuperResIDWE6K7(40,208,2,128,4)SuperConvK1BNRELU(208,2048,1,1)
loop_count=2200/100000, time=0.417217h,
max_expressivity=0.950421, min_expressivity=0.938614
max_stability=-0.10249, min_stability=-0.33941
max_trainability=-0.0369331, min_trainability=-0.236975
max_capacity=5.96705e+06, min_capacity=2.78314e+06
max_complexity=4.28428e+08, min_complexity=1.47631e+08

SuperConvK3BNRELU(3,16,2,1)SuperResIDWE1K7(16,32,2,24,4)SuperResIDWE1K5(32,72,2,80,3)SuperResIDWE4K7(72,40,2,120,1)SuperResIDWE6K7(40,208,2,128,4)SuperConvK1BNRELU(208,2048,1,1)
loop_count=2300/100000, time=0.43474h,
max_expressivity=0.950421, min_expressivity=0.944298
max_stability=-0.10249, min_stability=-0.509757
max_trainability=-0.0369331, min_trainability=-0.244201
max_capacity=5.96705e+06, min_capacity=6.03899e+06
max_complexity=4.28428e+08, min_complexity=4.34323e+08

