The seed number is set to 123
SuperConvK3BNRELU(3,16,2,1)SuperResIDWE1K3(16,32,2,32,4)SuperResIDWE4K3(32,64,2,80,2)SuperResIDWE1K3(64,80,2,120,2)SuperResIDWE4K5(80,88,2,240,3)SuperConvK1BNRELU(88,2048,1,1)
loop_count=100/10000, time=0.00746888h,
max_trainability=-0.0052754, min_trainability=-0.473647
max_complexity=3.63232e+08, min_complexity=2.05726e+08

SuperConvK3BNRELU(3,8,2,1)SuperResIDWE4K3(8,24,2,16,2)SuperResIDWE6K3(24,120,2,24,2)SuperResIDWE4K5(120,96,2,96,3)SuperResIDWE2K5(96,128,2,120,2)SuperConvK1BNRELU(128,2048,1,1)
loop_count=200/10000, time=0.015108h,
max_trainability=-0.00277249, min_trainability=-0.487828
max_complexity=4.3787e+08, min_complexity=9.50972e+07

SuperConvK3BNRELU(3,8,2,1)SuperResIDWE4K3(8,24,2,16,2)SuperResIDWE6K3(24,120,2,24,2)SuperResIDWE4K5(120,96,2,96,3)SuperResIDWE2K5(96,128,2,120,2)SuperConvK1BNRELU(128,2048,1,1)
loop_count=300/10000, time=0.0220449h,
max_trainability=-0.00277249, min_trainability=-0.487828
max_complexity=4.3787e+08, min_complexity=9.50972e+07

SuperConvK3BNRELU(3,32,2,1)SuperResIDWE1K3(32,32,2,32,4)SuperResIDWE4K3(32,64,2,80,2)SuperResIDWE4K3(64,40,2,120,3)SuperResIDWE4K5(40,88,2,240,3)SuperConvK1BNRELU(88,2048,1,1)
loop_count=400/10000, time=0.028444h,
max_trainability=-0.000591885, min_trainability=-0.487828
max_complexity=4.31323e+08, min_complexity=9.50972e+07

SuperConvK3BNRELU(3,32,2,1)SuperResIDWE1K3(32,32,2,32,4)SuperResIDWE4K3(32,64,2,80,2)SuperResIDWE4K3(64,40,2,120,3)SuperResIDWE4K5(40,88,2,240,3)SuperConvK1BNRELU(88,2048,1,1)
loop_count=500/10000, time=0.0354092h,
max_trainability=-0.000591885, min_trainability=-0.716409
max_complexity=4.31323e+08, min_complexity=1.33822e+08

SuperConvK3BNRELU(3,32,2,1)SuperResIDWE1K3(32,32,2,32,4)SuperResIDWE4K3(32,64,2,80,2)SuperResIDWE4K3(64,40,2,120,3)SuperResIDWE4K5(40,88,2,240,3)SuperConvK1BNRELU(88,2048,1,1)
loop_count=600/10000, time=0.0427151h,
max_trainability=-0.000591885, min_trainability=-0.716409
max_complexity=4.31323e+08, min_complexity=1.33822e+08

SuperConvK3BNRELU(3,32,2,1)SuperResIDWE1K3(32,32,2,32,4)SuperResIDWE4K3(32,64,2,80,2)SuperResIDWE4K3(64,40,2,120,3)SuperResIDWE4K5(40,88,2,240,3)SuperConvK1BNRELU(88,2048,1,1)
loop_count=700/10000, time=0.0495683h,
max_trainability=-0.000591885, min_trainability=-0.509896
max_complexity=4.31323e+08, min_complexity=9.38601e+07

SuperConvK3BNRELU(3,32,2,1)SuperResIDWE1K3(32,32,2,32,4)SuperResIDWE4K3(32,64,2,80,2)SuperResIDWE4K3(64,40,2,120,3)SuperResIDWE4K5(40,88,2,240,3)SuperConvK1BNRELU(88,2048,1,1)
loop_count=800/10000, time=0.0572602h,
max_trainability=-0.000591885, min_trainability=-0.509896
max_complexity=4.31323e+08, min_complexity=9.38601e+07

SuperConvK3BNRELU(3,32,2,1)SuperResIDWE1K3(32,32,2,32,4)SuperResIDWE4K3(32,64,2,80,2)SuperResIDWE4K3(64,40,2,120,3)SuperResIDWE4K5(40,88,2,240,3)SuperConvK1BNRELU(88,2048,1,1)
loop_count=900/10000, time=0.0652463h,
max_trainability=-0.000591885, min_trainability=-0.509896
max_complexity=4.31323e+08, min_complexity=9.38601e+07

SuperConvK3BNRELU(3,32,2,1)SuperResIDWE1K3(32,32,2,32,4)SuperResIDWE4K3(32,64,2,80,2)SuperResIDWE4K3(64,40,2,120,3)SuperResIDWE4K5(40,88,2,240,3)SuperConvK1BNRELU(88,2048,1,1)
loop_count=1000/10000, time=0.0717745h,
max_trainability=-0.000591885, min_trainability=-0.509896
max_complexity=4.31323e+08, min_complexity=9.38601e+07

SuperConvK3BNRELU(3,32,2,1)SuperResIDWE1K3(32,32,2,32,4)SuperResIDWE4K3(32,64,2,80,2)SuperResIDWE4K3(64,40,2,120,3)SuperResIDWE4K5(40,88,2,240,3)SuperConvK1BNRELU(88,2048,1,1)
loop_count=1100/10000, time=0.0789323h,
max_trainability=-0.000591885, min_trainability=-0.509896
max_complexity=4.31323e+08, min_complexity=9.38601e+07

SuperConvK3BNRELU(3,32,2,1)SuperResIDWE1K3(32,32,2,32,4)SuperResIDWE4K3(32,64,2,80,2)SuperResIDWE4K3(64,40,2,120,3)SuperResIDWE4K5(40,88,2,240,3)SuperConvK1BNRELU(88,2048,1,1)
loop_count=1200/10000, time=0.0859975h,
max_trainability=-0.000591885, min_trainability=-0.509896
max_complexity=4.31323e+08, min_complexity=9.38601e+07

SuperConvK3BNRELU(3,16,2,1)SuperResIDWE6K3(16,32,2,16,3)SuperResIDWE6K5(32,40,2,64,2)SuperResIDWE6K3(40,96,2,48,1)SuperResIDWE4K5(96,160,2,48,4)SuperConvK1BNRELU(160,2048,1,1)
loop_count=1300/10000, time=0.0925838h,
max_trainability=-0.00275142, min_trainability=-0.509896
max_complexity=4.39903e+08, min_complexity=9.38601e+07

SuperConvK3BNRELU(3,16,2,1)SuperResIDWE6K3(16,32,2,16,3)SuperResIDWE6K5(32,40,2,64,2)SuperResIDWE6K3(40,96,2,48,1)SuperResIDWE4K5(96,160,2,48,4)SuperConvK1BNRELU(160,2048,1,1)
loop_count=1400/10000, time=0.101372h,
max_trainability=-0.00275142, min_trainability=-0.509896
max_complexity=4.39903e+08, min_complexity=9.38601e+07

SuperConvK3BNRELU(3,16,2,1)SuperResIDWE6K3(16,32,2,16,3)SuperResIDWE6K5(32,40,2,64,2)SuperResIDWE6K3(40,96,2,48,1)SuperResIDWE4K5(96,160,2,48,4)SuperConvK1BNRELU(160,2048,1,1)
loop_count=1500/10000, time=0.109064h,
max_trainability=-0.00275142, min_trainability=-0.509896
max_complexity=4.39903e+08, min_complexity=9.38601e+07

SuperConvK3BNRELU(3,32,2,1)SuperResIDWE1K3(32,32,2,32,4)SuperResIDWE4K3(32,64,2,80,2)SuperResIDWE4K3(64,40,2,120,3)SuperResIDWE4K5(40,88,2,240,3)SuperConvK1BNRELU(88,2048,1,1)
loop_count=1600/10000, time=0.116515h,
max_trainability=-0.000591885, min_trainability=-0.509896
max_complexity=4.31323e+08, min_complexity=9.38601e+07

SuperConvK3BNRELU(3,32,2,1)SuperResIDWE1K3(32,32,2,32,4)SuperResIDWE4K3(32,64,2,80,2)SuperResIDWE4K3(64,40,2,120,3)SuperResIDWE4K5(40,88,2,240,3)SuperConvK1BNRELU(88,2048,1,1)
loop_count=1700/10000, time=0.124583h,
max_trainability=-0.000591885, min_trainability=-0.509896
max_complexity=4.31323e+08, min_complexity=9.38601e+07

SuperConvK3BNRELU(3,16,2,1)SuperResIDWE6K3(16,32,2,16,3)SuperResIDWE6K5(32,40,2,64,2)SuperResIDWE6K3(40,96,2,48,1)SuperResIDWE4K5(96,160,2,48,4)SuperConvK1BNRELU(160,2048,1,1)
loop_count=1800/10000, time=0.1315h,
max_trainability=-0.00275142, min_trainability=-0.509896
max_complexity=4.39903e+08, min_complexity=9.38601e+07

SuperConvK3BNRELU(3,8,2,1)SuperResIDWE2K7(8,48,2,32,4)SuperResIDWE2K5(48,64,2,96,1)SuperResIDWE6K7(64,120,2,32,1)SuperResIDWE2K3(120,120,2,48,5)SuperConvK1BNRELU(120,2048,1,1)
loop_count=1900/10000, time=0.138453h,
max_trainability=-0.00359635, min_trainability=-0.509896
max_complexity=4.47272e+08, min_complexity=9.38601e+07

SuperConvK3BNRELU(3,8,2,1)SuperResIDWE2K7(8,48,2,32,4)SuperResIDWE2K5(48,64,2,96,1)SuperResIDWE6K7(64,120,2,32,1)SuperResIDWE2K3(120,120,2,48,5)SuperConvK1BNRELU(120,2048,1,1)
loop_count=2000/10000, time=0.14542h,
max_trainability=-0.00359635, min_trainability=-0.509896
max_complexity=4.47272e+08, min_complexity=9.38601e+07

SuperConvK3BNRELU(3,8,2,1)SuperResIDWE2K7(8,48,2,32,4)SuperResIDWE2K5(48,64,2,96,1)SuperResIDWE6K7(64,120,2,32,1)SuperResIDWE2K3(120,120,2,48,5)SuperConvK1BNRELU(120,2048,1,1)
loop_count=2100/10000, time=0.153471h,
max_trainability=-0.00359635, min_trainability=-0.509896
max_complexity=4.47272e+08, min_complexity=9.38601e+07

SuperConvK3BNRELU(3,16,2,1)SuperResIDWE6K3(16,32,2,16,3)SuperResIDWE6K5(32,40,2,64,2)SuperResIDWE6K3(40,96,2,48,1)SuperResIDWE4K5(96,160,2,48,4)SuperConvK1BNRELU(160,2048,1,1)
loop_count=2200/10000, time=0.160585h,
max_trainability=-0.00026707, min_trainability=-0.509896
max_complexity=4.39903e+08, min_complexity=9.38601e+07

SuperConvK3BNRELU(3,16,2,1)SuperResIDWE6K3(16,32,2,16,3)SuperResIDWE6K5(32,40,2,64,2)SuperResIDWE6K3(40,96,2,48,1)SuperResIDWE4K5(96,160,2,48,4)SuperConvK1BNRELU(160,2048,1,1)
loop_count=2300/10000, time=0.167594h,
max_trainability=-0.00026707, min_trainability=-0.509896
max_complexity=4.39903e+08, min_complexity=9.38601e+07

SuperConvK3BNRELU(3,16,2,1)SuperResIDWE6K3(16,32,2,16,3)SuperResIDWE6K5(32,40,2,64,2)SuperResIDWE6K3(40,96,2,48,1)SuperResIDWE4K5(96,160,2,48,4)SuperConvK1BNRELU(160,2048,1,1)
loop_count=2400/10000, time=0.176031h,
max_trainability=-0.00026707, min_trainability=-0.509896
max_complexity=4.39903e+08, min_complexity=9.38601e+07

SuperConvK3BNRELU(3,16,2,1)SuperResIDWE6K3(16,32,2,16,3)SuperResIDWE6K5(32,40,2,64,2)SuperResIDWE6K3(40,96,2,48,1)SuperResIDWE4K5(96,160,2,48,4)SuperConvK1BNRELU(160,2048,1,1)
loop_count=2500/10000, time=0.184229h,
max_trainability=-0.00026707, min_trainability=-0.509896
max_complexity=4.39903e+08, min_complexity=9.38601e+07

SuperConvK3BNRELU(3,16,2,1)SuperResIDWE6K3(16,32,2,16,3)SuperResIDWE6K5(32,40,2,64,2)SuperResIDWE6K3(40,96,2,48,1)SuperResIDWE4K5(96,160,2,48,4)SuperConvK1BNRELU(160,2048,1,1)
loop_count=2600/10000, time=0.191747h,
max_trainability=-0.00026707, min_trainability=-0.509896
max_complexity=4.39903e+08, min_complexity=9.38601e+07

SuperConvK3BNRELU(3,16,2,1)SuperResIDWE6K3(16,32,2,16,3)SuperResIDWE6K5(32,40,2,64,2)SuperResIDWE6K3(40,96,2,48,1)SuperResIDWE4K5(96,160,2,48,4)SuperConvK1BNRELU(160,2048,1,1)
loop_count=2700/10000, time=0.199197h,
max_trainability=-0.00026707, min_trainability=-0.509896
max_complexity=4.39903e+08, min_complexity=9.38601e+07

SuperConvK3BNRELU(3,16,2,1)SuperResIDWE6K3(16,32,2,16,3)SuperResIDWE6K5(32,40,2,64,2)SuperResIDWE6K3(40,96,2,48,1)SuperResIDWE4K5(96,160,2,48,4)SuperConvK1BNRELU(160,2048,1,1)
loop_count=2800/10000, time=0.206887h,
max_trainability=-0.00026707, min_trainability=-0.509896
max_complexity=4.39903e+08, min_complexity=9.38601e+07

SuperConvK3BNRELU(3,16,2,1)SuperResIDWE6K3(16,32,2,16,3)SuperResIDWE6K5(32,40,2,64,2)SuperResIDWE6K3(40,96,2,48,1)SuperResIDWE4K5(96,160,2,48,4)SuperConvK1BNRELU(160,2048,1,1)
loop_count=2900/10000, time=0.214066h,
max_trainability=-0.00026707, min_trainability=-0.509896
max_complexity=4.39903e+08, min_complexity=9.38601e+07

SuperConvK3BNRELU(3,16,2,1)SuperResIDWE6K3(16,32,2,16,3)SuperResIDWE6K5(32,40,2,64,2)SuperResIDWE6K3(40,96,2,48,1)SuperResIDWE4K5(96,160,2,48,4)SuperConvK1BNRELU(160,2048,1,1)
loop_count=3000/10000, time=0.22016h,
max_trainability=-0.00026707, min_trainability=-0.509896
max_complexity=4.39903e+08, min_complexity=9.38601e+07

SuperConvK3BNRELU(3,16,2,1)SuperResIDWE6K3(16,32,2,16,3)SuperResIDWE6K5(32,40,2,64,2)SuperResIDWE6K3(40,96,2,48,1)SuperResIDWE4K5(96,160,2,48,4)SuperConvK1BNRELU(160,2048,1,1)
loop_count=3100/10000, time=0.227139h,
max_trainability=-0.00026707, min_trainability=-0.509896
max_complexity=4.39903e+08, min_complexity=9.38601e+07

SuperConvK3BNRELU(3,16,2,1)SuperResIDWE6K3(16,32,2,16,3)SuperResIDWE6K5(32,40,2,64,2)SuperResIDWE6K3(40,96,2,48,1)SuperResIDWE4K5(96,160,2,48,4)SuperConvK1BNRELU(160,2048,1,1)
loop_count=3200/10000, time=0.234279h,
max_trainability=-0.00026707, min_trainability=-0.509896
max_complexity=4.39903e+08, min_complexity=9.38601e+07

SuperConvK3BNRELU(3,16,2,1)SuperResIDWE6K3(16,32,2,16,3)SuperResIDWE6K5(32,40,2,64,2)SuperResIDWE6K3(40,96,2,48,1)SuperResIDWE4K5(96,160,2,48,4)SuperConvK1BNRELU(160,2048,1,1)
loop_count=3300/10000, time=0.240482h,
max_trainability=-0.00026707, min_trainability=-0.509896
max_complexity=4.39903e+08, min_complexity=9.38601e+07

SuperConvK3BNRELU(3,16,2,1)SuperResIDWE6K3(16,32,2,16,3)SuperResIDWE6K5(32,40,2,64,2)SuperResIDWE6K3(40,96,2,48,1)SuperResIDWE4K5(96,160,2,48,4)SuperConvK1BNRELU(160,2048,1,1)
loop_count=3400/10000, time=0.246294h,
max_trainability=-0.00026707, min_trainability=-0.509896
max_complexity=4.39903e+08, min_complexity=9.38601e+07

SuperConvK3BNRELU(3,8,2,1)SuperResIDWE2K5(8,24,2,16,3)SuperResIDWE4K5(24,48,2,80,4)SuperResIDWE2K5(48,56,2,40,2)SuperResIDWE4K5(56,88,2,240,3)SuperConvK1BNRELU(88,2048,1,1)
loop_count=3500/10000, time=0.252473h,
max_trainability=-0.000227114, min_trainability=-0.509896
max_complexity=4.4938e+08, min_complexity=9.38601e+07

SuperConvK3BNRELU(3,8,2,1)SuperResIDWE2K5(8,24,2,16,3)SuperResIDWE4K5(24,48,2,80,4)SuperResIDWE2K5(48,56,2,40,2)SuperResIDWE4K5(56,88,2,240,3)SuperConvK1BNRELU(88,2048,1,1)
loop_count=3600/10000, time=0.25851h,
max_trainability=-0.000227114, min_trainability=-0.509896
max_complexity=4.4938e+08, min_complexity=9.38601e+07

SuperConvK3BNRELU(3,8,2,1)SuperResIDWE2K5(8,24,2,16,3)SuperResIDWE4K5(24,48,2,80,4)SuperResIDWE2K5(48,56,2,40,2)SuperResIDWE4K5(56,88,2,240,3)SuperConvK1BNRELU(88,2048,1,1)
loop_count=3700/10000, time=0.265126h,
max_trainability=-0.000227114, min_trainability=-0.509896
max_complexity=4.4938e+08, min_complexity=9.38601e+07

SuperConvK3BNRELU(3,8,2,1)SuperResIDWE2K5(8,24,2,16,3)SuperResIDWE4K5(24,48,2,80,4)SuperResIDWE2K5(48,56,2,40,2)SuperResIDWE4K5(56,88,2,240,3)SuperConvK1BNRELU(88,2048,1,1)
loop_count=3800/10000, time=0.272683h,
max_trainability=-0.000227114, min_trainability=-0.509896
max_complexity=4.4938e+08, min_complexity=9.38601e+07

SuperConvK3BNRELU(3,8,2,1)SuperResIDWE2K5(8,24,2,16,3)SuperResIDWE4K5(24,48,2,80,4)SuperResIDWE2K5(48,56,2,40,2)SuperResIDWE4K5(56,88,2,240,3)SuperConvK1BNRELU(88,2048,1,1)
loop_count=3900/10000, time=0.281195h,
max_trainability=-0.000227114, min_trainability=-0.509896
max_complexity=4.4938e+08, min_complexity=9.38601e+07

SuperConvK3BNRELU(3,8,2,1)SuperResIDWE2K5(8,24,2,16,3)SuperResIDWE4K5(24,48,2,80,4)SuperResIDWE2K5(48,56,2,40,2)SuperResIDWE4K5(56,88,2,240,3)SuperConvK1BNRELU(88,2048,1,1)
loop_count=4000/10000, time=0.288555h,
max_trainability=-0.000227114, min_trainability=-0.509896
max_complexity=4.4938e+08, min_complexity=9.38601e+07

SuperConvK3BNRELU(3,8,2,1)SuperResIDWE2K5(8,24,2,16,3)SuperResIDWE4K5(24,48,2,80,4)SuperResIDWE2K5(48,56,2,40,2)SuperResIDWE4K5(56,88,2,240,3)SuperConvK1BNRELU(88,2048,1,1)
loop_count=4100/10000, time=0.295106h,
max_trainability=-0.000227114, min_trainability=-0.509896
max_complexity=4.4938e+08, min_complexity=9.38601e+07

SuperConvK3BNRELU(3,8,2,1)SuperResIDWE2K5(8,24,2,16,3)SuperResIDWE4K5(24,48,2,80,4)SuperResIDWE2K5(48,56,2,40,2)SuperResIDWE4K5(56,88,2,240,3)SuperConvK1BNRELU(88,2048,1,1)
loop_count=4200/10000, time=0.303342h,
max_trainability=-0.000227114, min_trainability=-0.509896
max_complexity=4.4938e+08, min_complexity=9.38601e+07

SuperConvK3BNRELU(3,8,2,1)SuperResIDWE2K5(8,24,2,16,3)SuperResIDWE4K5(24,48,2,80,4)SuperResIDWE2K5(48,56,2,40,2)SuperResIDWE4K5(56,88,2,240,3)SuperConvK1BNRELU(88,2048,1,1)
loop_count=4300/10000, time=0.311234h,
max_trainability=-0.000227114, min_trainability=-0.509896
max_complexity=4.4938e+08, min_complexity=9.38601e+07

SuperConvK3BNRELU(3,8,2,1)SuperResIDWE2K5(8,24,2,16,3)SuperResIDWE4K5(24,48,2,80,4)SuperResIDWE2K5(48,56,2,40,2)SuperResIDWE4K5(56,88,2,240,3)SuperConvK1BNRELU(88,2048,1,1)
loop_count=4400/10000, time=0.318192h,
max_trainability=-0.000227114, min_trainability=-0.509896
max_complexity=4.4938e+08, min_complexity=9.38601e+07

SuperConvK3BNRELU(3,8,2,1)SuperResIDWE2K5(8,24,2,16,3)SuperResIDWE4K5(24,48,2,80,4)SuperResIDWE2K5(48,56,2,40,2)SuperResIDWE4K5(56,88,2,240,3)SuperConvK1BNRELU(88,2048,1,1)
loop_count=4500/10000, time=0.324832h,
max_trainability=-0.000227114, min_trainability=-0.509896
max_complexity=4.4938e+08, min_complexity=9.38601e+07

SuperConvK3BNRELU(3,8,2,1)SuperResIDWE2K5(8,24,2,16,3)SuperResIDWE4K5(24,48,2,80,4)SuperResIDWE2K5(48,56,2,40,2)SuperResIDWE4K5(56,88,2,240,3)SuperConvK1BNRELU(88,2048,1,1)
loop_count=4600/10000, time=0.330495h,
max_trainability=-0.000227114, min_trainability=-0.509896
max_complexity=4.4938e+08, min_complexity=9.38601e+07

SuperConvK3BNRELU(3,8,2,1)SuperResIDWE2K5(8,24,2,16,3)SuperResIDWE4K5(24,48,2,80,4)SuperResIDWE2K5(48,56,2,40,2)SuperResIDWE4K5(56,88,2,240,3)SuperConvK1BNRELU(88,2048,1,1)
loop_count=4700/10000, time=0.336845h,
max_trainability=-0.000227114, min_trainability=-0.509896
max_complexity=4.4938e+08, min_complexity=9.38601e+07

SuperConvK3BNRELU(3,8,2,1)SuperResIDWE2K5(8,24,2,16,3)SuperResIDWE4K5(24,48,2,80,4)SuperResIDWE2K5(48,56,2,40,2)SuperResIDWE4K5(56,88,2,240,3)SuperConvK1BNRELU(88,2048,1,1)
loop_count=4800/10000, time=0.342359h,
max_trainability=-0.000227114, min_trainability=-0.509896
max_complexity=4.4938e+08, min_complexity=9.38601e+07

SuperConvK3BNRELU(3,8,2,1)SuperResIDWE2K5(8,24,2,16,3)SuperResIDWE4K5(24,48,2,80,4)SuperResIDWE2K5(48,56,2,40,2)SuperResIDWE4K5(56,88,2,240,3)SuperConvK1BNRELU(88,2048,1,1)
loop_count=4900/10000, time=0.347597h,
max_trainability=-0.000227114, min_trainability=-0.509896
max_complexity=4.4938e+08, min_complexity=9.38601e+07

SuperConvK3BNRELU(3,8,2,1)SuperResIDWE2K5(8,24,2,16,3)SuperResIDWE4K5(24,48,2,80,4)SuperResIDWE2K5(48,56,2,40,2)SuperResIDWE4K5(56,88,2,240,3)SuperConvK1BNRELU(88,2048,1,1)
loop_count=5000/10000, time=0.353257h,
max_trainability=-0.000227114, min_trainability=-0.509896
max_complexity=4.4938e+08, min_complexity=9.38601e+07

SuperConvK3BNRELU(3,8,2,1)SuperResIDWE2K5(8,24,2,16,3)SuperResIDWE4K5(24,48,2,80,4)SuperResIDWE2K5(48,56,2,40,2)SuperResIDWE4K5(56,88,2,240,3)SuperConvK1BNRELU(88,2048,1,1)
loop_count=5100/10000, time=0.358988h,
max_trainability=-0.000227114, min_trainability=-0.509896
max_complexity=4.4938e+08, min_complexity=9.38601e+07

SuperConvK3BNRELU(3,8,2,1)SuperResIDWE2K5(8,24,2,16,3)SuperResIDWE4K5(24,48,2,80,4)SuperResIDWE2K5(48,56,2,40,2)SuperResIDWE4K5(56,88,2,240,3)SuperConvK1BNRELU(88,2048,1,1)
loop_count=5200/10000, time=0.365015h,
max_trainability=-0.000227114, min_trainability=-0.509896
max_complexity=4.4938e+08, min_complexity=9.38601e+07

SuperConvK3BNRELU(3,8,2,1)SuperResIDWE2K5(8,24,2,16,3)SuperResIDWE4K5(24,48,2,80,4)SuperResIDWE2K5(48,56,2,40,2)SuperResIDWE4K5(56,88,2,240,3)SuperConvK1BNRELU(88,2048,1,1)
loop_count=5300/10000, time=0.37162h,
max_trainability=-0.000227114, min_trainability=-0.509896
max_complexity=4.4938e+08, min_complexity=9.38601e+07

SuperConvK3BNRELU(3,8,2,1)SuperResIDWE2K5(8,24,2,16,3)SuperResIDWE4K5(24,48,2,80,4)SuperResIDWE2K5(48,56,2,40,2)SuperResIDWE4K5(56,88,2,240,3)SuperConvK1BNRELU(88,2048,1,1)
loop_count=5400/10000, time=0.376776h,
max_trainability=-0.000227114, min_trainability=-0.509896
max_complexity=4.4938e+08, min_complexity=9.38601e+07

SuperConvK3BNRELU(3,8,2,1)SuperResIDWE2K5(8,24,2,16,3)SuperResIDWE4K5(24,48,2,80,4)SuperResIDWE2K5(48,56,2,40,2)SuperResIDWE4K5(56,88,2,240,3)SuperConvK1BNRELU(88,2048,1,1)
loop_count=5500/10000, time=0.382644h,
max_trainability=-0.000227114, min_trainability=-0.509896
max_complexity=4.4938e+08, min_complexity=9.38601e+07

SuperConvK3BNRELU(3,8,2,1)SuperResIDWE2K5(8,24,2,16,3)SuperResIDWE4K5(24,48,2,80,4)SuperResIDWE2K5(48,56,2,40,2)SuperResIDWE4K5(56,88,2,240,3)SuperConvK1BNRELU(88,2048,1,1)
loop_count=5600/10000, time=0.388171h,
max_trainability=-0.000227114, min_trainability=-0.509896
max_complexity=4.4938e+08, min_complexity=9.38601e+07

SuperConvK3BNRELU(3,8,2,1)SuperResIDWE2K5(8,24,2,16,3)SuperResIDWE4K5(24,48,2,80,4)SuperResIDWE2K5(48,56,2,40,2)SuperResIDWE4K5(56,88,2,240,3)SuperConvK1BNRELU(88,2048,1,1)
loop_count=5700/10000, time=0.394426h,
max_trainability=-0.000227114, min_trainability=-0.509896
max_complexity=4.4938e+08, min_complexity=9.38601e+07

SuperConvK3BNRELU(3,8,2,1)SuperResIDWE2K5(8,24,2,16,3)SuperResIDWE4K5(24,48,2,80,4)SuperResIDWE2K5(48,56,2,40,2)SuperResIDWE4K5(56,88,2,240,3)SuperConvK1BNRELU(88,2048,1,1)
loop_count=5800/10000, time=0.400512h,
max_trainability=-0.000227114, min_trainability=-0.509896
max_complexity=4.4938e+08, min_complexity=9.38601e+07

SuperConvK3BNRELU(3,8,2,1)SuperResIDWE2K5(8,24,2,16,3)SuperResIDWE4K5(24,48,2,80,4)SuperResIDWE2K5(48,56,2,40,2)SuperResIDWE4K5(56,88,2,240,3)SuperConvK1BNRELU(88,2048,1,1)
loop_count=5900/10000, time=0.406551h,
max_trainability=-0.000227114, min_trainability=-0.509896
max_complexity=4.4938e+08, min_complexity=9.38601e+07

SuperConvK3BNRELU(3,8,2,1)SuperResIDWE2K5(8,24,2,16,3)SuperResIDWE4K5(24,48,2,80,4)SuperResIDWE2K5(48,56,2,40,2)SuperResIDWE4K5(56,88,2,240,3)SuperConvK1BNRELU(88,2048,1,1)
loop_count=6000/10000, time=0.412215h,
max_trainability=-0.000227114, min_trainability=-0.509896
max_complexity=4.4938e+08, min_complexity=9.38601e+07

SuperConvK3BNRELU(3,8,2,1)SuperResIDWE2K5(8,24,2,16,3)SuperResIDWE4K5(24,48,2,80,4)SuperResIDWE2K5(48,56,2,40,2)SuperResIDWE4K5(56,88,2,240,3)SuperConvK1BNRELU(88,2048,1,1)
loop_count=6100/10000, time=0.418968h,
max_trainability=-0.000227114, min_trainability=-0.509896
max_complexity=4.4938e+08, min_complexity=9.38601e+07

SuperConvK3BNRELU(3,8,2,1)SuperResIDWE2K5(8,24,2,16,3)SuperResIDWE4K5(24,48,2,80,4)SuperResIDWE2K5(48,56,2,40,2)SuperResIDWE4K5(56,88,2,240,3)SuperConvK1BNRELU(88,2048,1,1)
loop_count=6200/10000, time=0.425842h,
max_trainability=-0.000227114, min_trainability=-0.509896
max_complexity=4.4938e+08, min_complexity=9.38601e+07

SuperConvK3BNRELU(3,8,2,1)SuperResIDWE2K5(8,24,2,16,3)SuperResIDWE4K5(24,48,2,80,4)SuperResIDWE2K5(48,56,2,40,2)SuperResIDWE4K5(56,88,2,240,3)SuperConvK1BNRELU(88,2048,1,1)
loop_count=6300/10000, time=0.430392h,
max_trainability=-0.000227114, min_trainability=-0.509896
max_complexity=4.4938e+08, min_complexity=9.38601e+07

SuperConvK3BNRELU(3,8,2,1)SuperResIDWE2K5(8,24,2,16,3)SuperResIDWE4K5(24,48,2,80,4)SuperResIDWE2K5(48,56,2,40,2)SuperResIDWE4K5(56,88,2,240,3)SuperConvK1BNRELU(88,2048,1,1)
loop_count=6400/10000, time=0.436604h,
max_trainability=-0.000227114, min_trainability=-0.509896
max_complexity=4.4938e+08, min_complexity=9.38601e+07

SuperConvK3BNRELU(3,8,2,1)SuperResIDWE2K5(8,24,2,16,3)SuperResIDWE4K5(24,48,2,80,4)SuperResIDWE2K5(48,56,2,40,2)SuperResIDWE4K5(56,88,2,240,3)SuperConvK1BNRELU(88,2048,1,1)
loop_count=6500/10000, time=0.441525h,
max_trainability=-0.000227114, min_trainability=-0.509896
max_complexity=4.4938e+08, min_complexity=9.38601e+07

SuperConvK3BNRELU(3,8,2,1)SuperResIDWE2K5(8,24,2,16,3)SuperResIDWE4K5(24,48,2,80,4)SuperResIDWE2K5(48,56,2,40,2)SuperResIDWE4K5(56,88,2,240,3)SuperConvK1BNRELU(88,2048,1,1)
loop_count=6600/10000, time=0.447342h,
max_trainability=-0.000227114, min_trainability=-0.509896
max_complexity=4.4938e+08, min_complexity=9.38601e+07

SuperConvK3BNRELU(3,8,2,1)SuperResIDWE2K5(8,24,2,16,3)SuperResIDWE4K5(24,48,2,80,4)SuperResIDWE2K5(48,56,2,40,2)SuperResIDWE4K5(56,88,2,240,3)SuperConvK1BNRELU(88,2048,1,1)
loop_count=6700/10000, time=0.452985h,
max_trainability=-0.000227114, min_trainability=-0.509896
max_complexity=4.4938e+08, min_complexity=9.38601e+07

SuperConvK3BNRELU(3,8,2,1)SuperResIDWE2K5(8,24,2,16,3)SuperResIDWE4K5(24,48,2,80,4)SuperResIDWE2K5(48,56,2,40,2)SuperResIDWE4K5(56,88,2,240,3)SuperConvK1BNRELU(88,2048,1,1)
loop_count=6800/10000, time=0.458777h,
max_trainability=-0.000227114, min_trainability=-0.509896
max_complexity=4.4938e+08, min_complexity=9.38601e+07

SuperConvK3BNRELU(3,8,2,1)SuperResIDWE2K5(8,24,2,16,3)SuperResIDWE4K5(24,48,2,80,4)SuperResIDWE2K5(48,56,2,40,2)SuperResIDWE4K5(56,88,2,240,3)SuperConvK1BNRELU(88,2048,1,1)
loop_count=6900/10000, time=0.464196h,
max_trainability=-0.000227114, min_trainability=-0.509896
max_complexity=4.4938e+08, min_complexity=9.38601e+07

SuperConvK3BNRELU(3,8,2,1)SuperResIDWE2K5(8,24,2,16,3)SuperResIDWE4K5(24,48,2,80,4)SuperResIDWE2K5(48,56,2,40,2)SuperResIDWE4K5(56,88,2,240,3)SuperConvK1BNRELU(88,2048,1,1)
loop_count=7000/10000, time=0.469791h,
max_trainability=-0.000227114, min_trainability=-0.509896
max_complexity=4.4938e+08, min_complexity=9.38601e+07

SuperConvK3BNRELU(3,8,2,1)SuperResIDWE2K5(8,24,2,16,3)SuperResIDWE4K5(24,48,2,80,4)SuperResIDWE2K5(48,56,2,40,2)SuperResIDWE4K5(56,88,2,240,3)SuperConvK1BNRELU(88,2048,1,1)
loop_count=7100/10000, time=0.475434h,
max_trainability=-0.000227114, min_trainability=-0.509896
max_complexity=4.4938e+08, min_complexity=9.38601e+07

SuperConvK3BNRELU(3,8,2,1)SuperResIDWE2K5(8,24,2,16,3)SuperResIDWE4K5(24,48,2,80,4)SuperResIDWE2K5(48,56,2,40,2)SuperResIDWE4K5(56,88,2,240,3)SuperConvK1BNRELU(88,2048,1,1)
loop_count=7200/10000, time=0.480871h,
max_trainability=-0.000227114, min_trainability=-0.509896
max_complexity=4.4938e+08, min_complexity=9.38601e+07

SuperConvK3BNRELU(3,8,2,1)SuperResIDWE2K5(8,24,2,16,3)SuperResIDWE4K5(24,48,2,80,4)SuperResIDWE2K5(48,56,2,40,2)SuperResIDWE4K5(56,88,2,240,3)SuperConvK1BNRELU(88,2048,1,1)
loop_count=7300/10000, time=0.48641h,
max_trainability=-0.000227114, min_trainability=-0.509896
max_complexity=4.4938e+08, min_complexity=9.38601e+07

SuperConvK3BNRELU(3,8,2,1)SuperResIDWE2K5(8,24,2,16,3)SuperResIDWE4K5(24,48,2,80,4)SuperResIDWE2K5(48,56,2,40,2)SuperResIDWE4K5(56,88,2,240,3)SuperConvK1BNRELU(88,2048,1,1)
loop_count=7400/10000, time=0.491013h,
max_trainability=-0.000227114, min_trainability=-0.509896
max_complexity=4.4938e+08, min_complexity=9.38601e+07

SuperConvK3BNRELU(3,8,2,1)SuperResIDWE2K5(8,24,2,16,3)SuperResIDWE4K5(24,48,2,80,4)SuperResIDWE2K5(48,56,2,40,2)SuperResIDWE4K5(56,88,2,240,3)SuperConvK1BNRELU(88,2048,1,1)
loop_count=7500/10000, time=0.496472h,
max_trainability=-0.000227114, min_trainability=-0.509896
max_complexity=4.4938e+08, min_complexity=9.38601e+07

SuperConvK3BNRELU(3,8,2,1)SuperResIDWE2K5(8,24,2,16,3)SuperResIDWE4K5(24,48,2,80,4)SuperResIDWE2K5(48,56,2,40,2)SuperResIDWE4K5(56,88,2,240,3)SuperConvK1BNRELU(88,2048,1,1)
loop_count=7600/10000, time=0.501452h,
max_trainability=-0.000227114, min_trainability=-0.509896
max_complexity=4.4938e+08, min_complexity=9.38601e+07

SuperConvK3BNRELU(3,8,2,1)SuperResIDWE2K5(8,24,2,16,3)SuperResIDWE4K5(24,48,2,80,4)SuperResIDWE2K5(48,56,2,40,2)SuperResIDWE4K5(56,88,2,240,3)SuperConvK1BNRELU(88,2048,1,1)
loop_count=7700/10000, time=0.508507h,
max_trainability=-0.000227114, min_trainability=-0.509896
max_complexity=4.4938e+08, min_complexity=9.38601e+07

SuperConvK3BNRELU(3,8,2,1)SuperResIDWE2K5(8,24,2,16,3)SuperResIDWE4K5(24,48,2,80,4)SuperResIDWE2K5(48,56,2,40,2)SuperResIDWE4K5(56,88,2,240,3)SuperConvK1BNRELU(88,2048,1,1)
loop_count=7800/10000, time=0.515534h,
max_trainability=-0.000227114, min_trainability=-0.509896
max_complexity=4.4938e+08, min_complexity=9.38601e+07

SuperConvK3BNRELU(3,8,2,1)SuperResIDWE2K5(8,24,2,16,3)SuperResIDWE4K5(24,48,2,80,4)SuperResIDWE2K5(48,56,2,40,2)SuperResIDWE4K5(56,88,2,240,3)SuperConvK1BNRELU(88,2048,1,1)
loop_count=7900/10000, time=0.520329h,
max_trainability=-0.000227114, min_trainability=-0.509896
max_complexity=4.4938e+08, min_complexity=9.38601e+07

SuperConvK3BNRELU(3,8,2,1)SuperResIDWE2K5(8,24,2,16,3)SuperResIDWE4K5(24,48,2,80,4)SuperResIDWE2K5(48,56,2,40,2)SuperResIDWE4K5(56,88,2,240,3)SuperConvK1BNRELU(88,2048,1,1)
loop_count=8000/10000, time=0.526904h,
max_trainability=-0.000227114, min_trainability=-0.509896
max_complexity=4.4938e+08, min_complexity=9.38601e+07

SuperConvK3BNRELU(3,8,2,1)SuperResIDWE2K5(8,24,2,16,3)SuperResIDWE4K5(24,48,2,80,4)SuperResIDWE2K5(48,56,2,40,2)SuperResIDWE4K5(56,88,2,240,3)SuperConvK1BNRELU(88,2048,1,1)
loop_count=8100/10000, time=0.533322h,
max_trainability=-0.000227114, min_trainability=-0.509896
max_complexity=4.4938e+08, min_complexity=9.38601e+07

SuperConvK3BNRELU(3,8,2,1)SuperResIDWE2K5(8,24,2,16,3)SuperResIDWE4K5(24,48,2,80,4)SuperResIDWE2K5(48,56,2,40,2)SuperResIDWE4K5(56,88,2,240,3)SuperConvK1BNRELU(88,2048,1,1)
loop_count=8200/10000, time=0.538563h,
max_trainability=-0.000227114, min_trainability=-0.509896
max_complexity=4.4938e+08, min_complexity=9.38601e+07

SuperConvK3BNRELU(3,8,2,1)SuperResIDWE2K5(8,24,2,16,3)SuperResIDWE4K5(24,48,2,80,4)SuperResIDWE2K5(48,56,2,40,2)SuperResIDWE4K5(56,88,2,240,3)SuperConvK1BNRELU(88,2048,1,1)
loop_count=8300/10000, time=0.544779h,
max_trainability=-0.000227114, min_trainability=-0.509896
max_complexity=4.4938e+08, min_complexity=9.38601e+07

SuperConvK3BNRELU(3,8,2,1)SuperResIDWE2K5(8,24,2,16,3)SuperResIDWE4K5(24,48,2,80,4)SuperResIDWE2K5(48,56,2,40,2)SuperResIDWE4K5(56,88,2,240,3)SuperConvK1BNRELU(88,2048,1,1)
loop_count=8400/10000, time=0.551834h,
max_trainability=-0.000227114, min_trainability=-0.509896
max_complexity=4.4938e+08, min_complexity=9.38601e+07

SuperConvK3BNRELU(3,8,2,1)SuperResIDWE2K5(8,24,2,16,3)SuperResIDWE4K5(24,48,2,80,4)SuperResIDWE2K5(48,56,2,40,2)SuperResIDWE4K5(56,88,2,240,3)SuperConvK1BNRELU(88,2048,1,1)
loop_count=8500/10000, time=0.558208h,
max_trainability=-0.000227114, min_trainability=-0.509896
max_complexity=4.4938e+08, min_complexity=9.38601e+07

SuperConvK3BNRELU(3,8,2,1)SuperResIDWE2K5(8,24,2,16,3)SuperResIDWE4K5(24,48,2,80,4)SuperResIDWE2K5(48,56,2,40,2)SuperResIDWE4K5(56,88,2,240,3)SuperConvK1BNRELU(88,2048,1,1)
loop_count=8600/10000, time=0.564652h,
max_trainability=-0.000227114, min_trainability=-0.509896
max_complexity=4.4938e+08, min_complexity=9.38601e+07

SuperConvK3BNRELU(3,8,2,1)SuperResIDWE2K5(8,24,2,16,3)SuperResIDWE4K5(24,48,2,80,4)SuperResIDWE2K5(48,56,2,40,2)SuperResIDWE4K5(56,88,2,240,3)SuperConvK1BNRELU(88,2048,1,1)
loop_count=8700/10000, time=0.570173h,
max_trainability=-0.000227114, min_trainability=-0.509896
max_complexity=4.4938e+08, min_complexity=9.38601e+07

SuperConvK3BNRELU(3,8,2,1)SuperResIDWE2K5(8,24,2,16,3)SuperResIDWE4K5(24,48,2,80,4)SuperResIDWE2K5(48,56,2,40,2)SuperResIDWE4K5(56,88,2,240,3)SuperConvK1BNRELU(88,2048,1,1)
loop_count=8800/10000, time=0.575842h,
max_trainability=-0.000227114, min_trainability=-0.509896
max_complexity=4.4938e+08, min_complexity=9.38601e+07

SuperConvK3BNRELU(3,8,2,1)SuperResIDWE2K5(8,24,2,16,3)SuperResIDWE4K5(24,48,2,80,4)SuperResIDWE2K5(48,56,2,40,2)SuperResIDWE4K5(56,88,2,240,3)SuperConvK1BNRELU(88,2048,1,1)
loop_count=8900/10000, time=0.58173h,
max_trainability=-0.000227114, min_trainability=-0.509896
max_complexity=4.4938e+08, min_complexity=9.38601e+07

SuperConvK3BNRELU(3,8,2,1)SuperResIDWE2K5(8,24,2,16,3)SuperResIDWE4K5(24,48,2,80,4)SuperResIDWE2K5(48,56,2,40,2)SuperResIDWE4K5(56,88,2,240,3)SuperConvK1BNRELU(88,2048,1,1)
loop_count=9000/10000, time=0.586949h,
max_trainability=-0.000227114, min_trainability=-0.509896
max_complexity=4.4938e+08, min_complexity=9.38601e+07

SuperConvK3BNRELU(3,8,2,1)SuperResIDWE2K5(8,24,2,16,3)SuperResIDWE4K5(24,48,2,80,4)SuperResIDWE2K5(48,56,2,40,2)SuperResIDWE4K5(56,88,2,240,3)SuperConvK1BNRELU(88,2048,1,1)
loop_count=9100/10000, time=0.592431h,
max_trainability=-0.000227114, min_trainability=-0.509896
max_complexity=4.4938e+08, min_complexity=9.38601e+07

SuperConvK3BNRELU(3,8,2,1)SuperResIDWE2K5(8,24,2,16,3)SuperResIDWE4K5(24,48,2,80,4)SuperResIDWE2K5(48,56,2,40,2)SuperResIDWE4K5(56,88,2,240,3)SuperConvK1BNRELU(88,2048,1,1)
loop_count=9200/10000, time=0.597633h,
max_trainability=-0.000227114, min_trainability=-0.509896
max_complexity=4.4938e+08, min_complexity=9.38601e+07

SuperConvK3BNRELU(3,8,2,1)SuperResIDWE2K5(8,24,2,16,3)SuperResIDWE4K5(24,48,2,80,4)SuperResIDWE2K5(48,56,2,40,2)SuperResIDWE4K5(56,88,2,240,3)SuperConvK1BNRELU(88,2048,1,1)
loop_count=9300/10000, time=0.603684h,
max_trainability=-0.000227114, min_trainability=-0.509896
max_complexity=4.4938e+08, min_complexity=9.38601e+07

SuperConvK3BNRELU(3,8,2,1)SuperResIDWE2K5(8,24,2,16,3)SuperResIDWE4K5(24,48,2,80,4)SuperResIDWE2K5(48,56,2,40,2)SuperResIDWE4K5(56,88,2,240,3)SuperConvK1BNRELU(88,2048,1,1)
loop_count=9400/10000, time=0.610221h,
max_trainability=-0.000227114, min_trainability=-0.509896
max_complexity=4.4938e+08, min_complexity=9.38601e+07

SuperConvK3BNRELU(3,8,2,1)SuperResIDWE2K5(8,24,2,16,3)SuperResIDWE4K5(24,48,2,80,4)SuperResIDWE2K5(48,56,2,40,2)SuperResIDWE4K5(56,88,2,240,3)SuperConvK1BNRELU(88,2048,1,1)
loop_count=9500/10000, time=0.61662h,
max_trainability=-0.000227114, min_trainability=-0.509896
max_complexity=4.4938e+08, min_complexity=9.38601e+07

SuperConvK3BNRELU(3,8,2,1)SuperResIDWE2K5(8,24,2,16,3)SuperResIDWE4K5(24,48,2,80,4)SuperResIDWE2K5(48,56,2,40,2)SuperResIDWE4K5(56,88,2,240,3)SuperConvK1BNRELU(88,2048,1,1)
loop_count=9600/10000, time=0.622109h,
max_trainability=-0.000227114, min_trainability=-0.509896
max_complexity=4.4938e+08, min_complexity=9.38601e+07

SuperConvK3BNRELU(3,8,2,1)SuperResIDWE2K5(8,24,2,16,3)SuperResIDWE4K5(24,48,2,80,4)SuperResIDWE2K5(48,56,2,40,2)SuperResIDWE4K5(56,88,2,240,3)SuperConvK1BNRELU(88,2048,1,1)
loop_count=9700/10000, time=0.626764h,
max_trainability=-0.000227114, min_trainability=-0.509896
max_complexity=4.4938e+08, min_complexity=9.38601e+07

SuperConvK3BNRELU(3,8,2,1)SuperResIDWE2K5(8,24,2,16,3)SuperResIDWE4K5(24,48,2,80,4)SuperResIDWE2K5(48,56,2,40,2)SuperResIDWE4K5(56,88,2,240,3)SuperConvK1BNRELU(88,2048,1,1)
loop_count=9800/10000, time=0.631156h,
max_trainability=-0.000227114, min_trainability=-0.509896
max_complexity=4.4938e+08, min_complexity=9.38601e+07

SuperConvK3BNRELU(3,8,2,1)SuperResIDWE2K5(8,24,2,16,3)SuperResIDWE4K5(24,48,2,80,4)SuperResIDWE2K5(48,56,2,40,2)SuperResIDWE4K5(56,88,2,240,3)SuperConvK1BNRELU(88,2048,1,1)
loop_count=9900/10000, time=0.635501h,
max_trainability=-0.000227114, min_trainability=-0.509896
max_complexity=4.4938e+08, min_complexity=9.38601e+07

