The seed number is set to 123
SuperConvK3BNRELU(3,16,2,1)SuperResIDWE1K3(16,32,2,32,4)SuperResIDWE4K3(32,64,2,80,2)SuperResIDWE1K3(64,80,2,120,2)SuperResIDWE4K5(80,88,2,240,3)SuperConvK1BNRELU(88,2048,1,1)
loop_count=100/10000, time=0.00678845h,
max_trainability=-0.194725, min_trainability=-0.673647
max_complexity=3.63232e+08, min_complexity=2.05726e+08

SuperConvK3BNRELU(3,8,2,1)SuperResIDWE4K3(8,24,2,16,2)SuperResIDWE6K3(24,120,2,24,2)SuperResIDWE4K5(120,96,2,96,3)SuperResIDWE2K5(96,128,2,120,2)SuperConvK1BNRELU(128,2048,1,1)
loop_count=200/10000, time=0.0133373h,
max_trainability=-0.202772, min_trainability=-0.687828
max_complexity=4.3787e+08, min_complexity=9.50972e+07

SuperConvK3BNRELU(3,8,2,1)SuperResIDWE4K3(8,24,2,32,4)SuperResIDWE2K5(24,24,2,16,2)SuperResIDWE2K5(24,64,2,32,2)SuperResIDWE4K3(64,344,2,128,2)SuperConvK1BNRELU(344,2048,1,1)
loop_count=300/10000, time=0.0195977h,
max_trainability=-0.159616, min_trainability=-0.687828
max_complexity=3.66829e+08, min_complexity=9.50972e+07

SuperConvK3BNRELU(3,16,2,1)SuperResIDWE2K3(16,32,2,24,5)SuperResIDWE4K3(32,64,2,80,2)SuperResIDWE1K3(64,80,2,120,2)SuperResIDWE4K5(80,88,2,240,3)SuperConvK1BNRELU(88,2048,1,1)
loop_count=400/10000, time=0.0259825h,
max_trainability=-0.185823, min_trainability=-0.687828
max_complexity=4.44887e+08, min_complexity=9.50972e+07

SuperConvK3BNRELU(3,16,2,1)SuperResIDWE2K3(16,32,2,24,5)SuperResIDWE4K3(32,64,2,80,2)SuperResIDWE1K3(64,80,2,120,2)SuperResIDWE4K3(80,112,2,120,3)SuperConvK1BNRELU(112,2048,1,1)
loop_count=500/10000, time=0.0323138h,
max_trainability=-0.137419, min_trainability=-0.916409
max_complexity=4.03863e+08, min_complexity=1.33822e+08

SuperConvK3BNRELU(3,40,2,1)SuperResIDWE2K3(40,32,2,24,5)SuperResIDWE4K3(32,64,2,80,2)SuperResIDWE1K3(64,80,2,120,2)SuperResIDWE4K3(80,112,2,120,3)SuperConvK1BNRELU(112,2048,1,1)
loop_count=600/10000, time=0.0399886h,
max_trainability=-0.14255, min_trainability=-0.916409
max_complexity=4.27195e+08, min_complexity=1.33822e+08

SuperConvK3BNRELU(3,40,2,1)SuperResIDWE2K3(40,32,2,24,5)SuperResIDWE4K3(32,64,2,80,2)SuperResIDWE1K3(64,80,2,120,2)SuperResIDWE4K3(80,112,2,120,3)SuperConvK1BNRELU(112,2048,1,1)
loop_count=700/10000, time=0.0482664h,
max_trainability=-0.14255, min_trainability=-0.916409
max_complexity=4.27195e+08, min_complexity=1.33822e+08

SuperConvK3BNRELU(3,16,2,1)SuperResIDWE2K3(16,32,2,16,2)SuperResIDWE6K5(32,64,2,48,4)SuperResIDWE1K5(64,120,2,64,1)SuperResIDWE1K7(120,208,2,96,3)SuperConvK1BNRELU(208,2048,1,1)
loop_count=800/10000, time=0.0558473h,
max_trainability=-0.145266, min_trainability=-0.916409
max_complexity=4.32549e+08, min_complexity=1.33822e+08

SuperConvK3BNRELU(3,16,2,1)SuperResIDWE2K3(16,32,2,16,2)SuperResIDWE6K5(32,64,2,48,4)SuperResIDWE1K5(64,120,2,64,1)SuperResIDWE1K7(120,208,2,96,3)SuperConvK1BNRELU(208,2048,1,1)
loop_count=900/10000, time=0.0635474h,
max_trainability=-0.145266, min_trainability=-0.916409
max_complexity=4.32549e+08, min_complexity=1.33822e+08

SuperConvK3BNRELU(3,16,2,1)SuperResIDWE2K3(16,32,2,16,2)SuperResIDWE6K5(32,64,2,48,4)SuperResIDWE1K5(64,120,2,64,1)SuperResIDWE1K7(120,208,2,96,3)SuperConvK1BNRELU(208,2048,1,1)
loop_count=1000/10000, time=0.07181h,
max_trainability=-0.145266, min_trainability=-0.916409
max_complexity=4.32549e+08, min_complexity=1.33822e+08

SuperConvK3BNRELU(3,16,2,1)SuperResIDWE2K3(16,32,2,16,2)SuperResIDWE6K5(32,64,2,48,4)SuperResIDWE1K5(64,120,2,64,1)SuperResIDWE1K7(120,208,2,96,3)SuperConvK1BNRELU(208,2048,1,1)
loop_count=1100/10000, time=0.078084h,
max_trainability=-0.145266, min_trainability=-0.916409
max_complexity=4.32549e+08, min_complexity=1.33822e+08

SuperConvK3BNRELU(3,16,2,1)SuperResIDWE2K3(16,32,2,16,2)SuperResIDWE6K5(32,64,2,48,4)SuperResIDWE1K5(64,120,2,64,1)SuperResIDWE1K7(120,208,2,96,3)SuperConvK1BNRELU(208,2048,1,1)
loop_count=1200/10000, time=0.0851866h,
max_trainability=-0.145266, min_trainability=-0.916409
max_complexity=4.32549e+08, min_complexity=1.33822e+08

SuperConvK3BNRELU(3,16,2,1)SuperResIDWE2K3(16,32,2,16,2)SuperResIDWE6K5(32,64,2,48,4)SuperResIDWE1K5(64,120,2,64,1)SuperResIDWE1K7(120,208,2,96,3)SuperConvK1BNRELU(208,2048,1,1)
loop_count=1300/10000, time=0.0914244h,
max_trainability=-0.145266, min_trainability=-0.916409
max_complexity=4.32549e+08, min_complexity=1.33822e+08

SuperConvK3BNRELU(3,16,2,1)SuperResIDWE2K3(16,32,2,16,2)SuperResIDWE6K5(32,64,2,48,4)SuperResIDWE1K5(64,120,2,64,1)SuperResIDWE1K7(120,208,2,96,3)SuperConvK1BNRELU(208,2048,1,1)
loop_count=1400/10000, time=0.0991718h,
max_trainability=-0.145266, min_trainability=-0.916409
max_complexity=4.32549e+08, min_complexity=1.33822e+08

SuperConvK3BNRELU(3,16,2,1)SuperResIDWE2K3(16,32,2,16,2)SuperResIDWE6K5(32,64,2,48,4)SuperResIDWE1K5(64,120,2,64,1)SuperResIDWE1K7(120,208,2,96,3)SuperConvK1BNRELU(208,2048,1,1)
loop_count=1500/10000, time=0.107172h,
max_trainability=-0.145266, min_trainability=-0.916409
max_complexity=4.32549e+08, min_complexity=1.33822e+08

SuperConvK3BNRELU(3,8,2,1)SuperResIDWE6K3(8,32,2,16,2)SuperResIDWE4K7(32,40,2,48,5)SuperResIDWE4K5(40,40,2,80,2)SuperResIDWE6K5(40,128,2,64,3)SuperConvK1BNRELU(128,2048,1,1)
loop_count=1600/10000, time=0.114698h,
max_trainability=-0.133393, min_trainability=-0.916409
max_complexity=4.281e+08, min_complexity=1.33822e+08

SuperConvK3BNRELU(3,8,2,1)SuperResIDWE6K3(8,32,2,16,2)SuperResIDWE4K7(32,40,2,48,5)SuperResIDWE4K5(40,40,2,80,2)SuperResIDWE6K5(40,128,2,64,3)SuperConvK1BNRELU(128,2048,1,1)
loop_count=1700/10000, time=0.121649h,
max_trainability=-0.133393, min_trainability=-0.916409
max_complexity=4.281e+08, min_complexity=1.33822e+08

SuperConvK3BNRELU(3,8,2,1)SuperResIDWE6K3(8,32,2,16,2)SuperResIDWE4K7(32,40,2,48,5)SuperResIDWE4K5(40,40,2,80,2)SuperResIDWE6K5(40,128,2,64,3)SuperConvK1BNRELU(128,2048,1,1)
loop_count=1800/10000, time=0.128626h,
max_trainability=-0.133393, min_trainability=-0.916409
max_complexity=4.281e+08, min_complexity=1.33822e+08

SuperConvK3BNRELU(3,24,2,1)SuperResIDWE2K3(24,48,2,16,2)SuperResIDWE6K3(48,64,2,64,2)SuperResIDWE2K7(64,240,2,32,1)SuperResIDWE6K3(240,128,2,128,3)SuperConvK1BNRELU(128,2048,1,1)
loop_count=1900/10000, time=0.135252h,
max_trainability=-0.0942194, min_trainability=-0.916409
max_complexity=4.33195e+08, min_complexity=1.33822e+08

SuperConvK3BNRELU(3,24,2,1)SuperResIDWE2K3(24,48,2,16,2)SuperResIDWE6K3(48,64,2,64,2)SuperResIDWE2K7(64,240,2,32,1)SuperResIDWE6K3(240,128,2,128,3)SuperConvK1BNRELU(128,2048,1,1)
loop_count=2000/10000, time=0.142433h,
max_trainability=-0.0942194, min_trainability=-0.916409
max_complexity=4.33195e+08, min_complexity=1.33822e+08

SuperConvK3BNRELU(3,24,2,1)SuperResIDWE2K3(24,48,2,16,2)SuperResIDWE6K3(48,64,2,64,2)SuperResIDWE2K7(64,240,2,32,1)SuperResIDWE6K3(240,128,2,128,3)SuperConvK1BNRELU(128,2048,1,1)
loop_count=2100/10000, time=0.148635h,
max_trainability=-0.0942194, min_trainability=-0.916409
max_complexity=4.33195e+08, min_complexity=1.33822e+08

SuperConvK3BNRELU(3,24,2,1)SuperResIDWE2K3(24,48,2,16,2)SuperResIDWE6K3(48,64,2,64,2)SuperResIDWE2K7(64,240,2,32,1)SuperResIDWE6K3(240,128,2,128,3)SuperConvK1BNRELU(128,2048,1,1)
loop_count=2200/10000, time=0.15541h,
max_trainability=-0.0942194, min_trainability=-0.916409
max_complexity=4.33195e+08, min_complexity=1.33822e+08

SuperConvK3BNRELU(3,24,2,1)SuperResIDWE6K5(24,24,2,16,4)SuperResIDWE4K7(24,48,2,16,5)SuperResIDWE4K5(48,48,2,88,2)SuperResIDWE6K5(48,104,2,120,1)SuperConvK1BNRELU(104,2048,1,1)
loop_count=2300/10000, time=0.161599h,
max_trainability=-0.129425, min_trainability=-0.916409
max_complexity=4.47074e+08, min_complexity=1.33822e+08

SuperConvK3BNRELU(3,24,2,1)SuperResIDWE2K3(24,48,2,16,2)SuperResIDWE6K3(48,64,2,64,2)SuperResIDWE2K7(64,240,2,32,1)SuperResIDWE6K3(240,128,2,128,3)SuperConvK1BNRELU(128,2048,1,1)
loop_count=2400/10000, time=0.169153h,
max_trainability=-0.0942194, min_trainability=-0.916409
max_complexity=4.33195e+08, min_complexity=1.33822e+08

SuperConvK3BNRELU(3,24,2,1)SuperResIDWE2K3(24,48,2,16,2)SuperResIDWE6K3(48,64,2,64,2)SuperResIDWE2K7(64,240,2,32,1)SuperResIDWE6K3(240,128,2,128,3)SuperConvK1BNRELU(128,2048,1,1)
loop_count=2500/10000, time=0.176969h,
max_trainability=-0.0942194, min_trainability=-0.916409
max_complexity=4.33195e+08, min_complexity=1.33822e+08

SuperConvK3BNRELU(3,24,2,1)SuperResIDWE2K3(24,48,2,16,2)SuperResIDWE1K7(48,160,2,80,3)SuperResIDWE2K7(160,240,2,32,1)SuperResIDWE6K3(240,128,2,128,3)SuperConvK1BNRELU(128,2048,1,1)
loop_count=2600/10000, time=0.185278h,
max_trainability=-0.0894362, min_trainability=-0.916409
max_complexity=4.48991e+08, min_complexity=1.33822e+08

SuperConvK3BNRELU(3,24,2,1)SuperResIDWE2K3(24,48,2,16,2)SuperResIDWE1K7(48,160,2,80,3)SuperResIDWE2K7(160,240,2,32,1)SuperResIDWE6K3(240,128,2,128,3)SuperConvK1BNRELU(128,2048,1,1)
loop_count=2700/10000, time=0.193327h,
max_trainability=-0.0894362, min_trainability=-0.916409
max_complexity=4.48991e+08, min_complexity=1.33822e+08

SuperConvK3BNRELU(3,24,2,1)SuperResIDWE2K3(24,48,2,16,2)SuperResIDWE1K7(48,160,2,80,3)SuperResIDWE2K7(160,240,2,32,1)SuperResIDWE6K3(240,128,2,128,3)SuperConvK1BNRELU(128,2048,1,1)
loop_count=2800/10000, time=0.200545h,
max_trainability=-0.0894362, min_trainability=-0.916409
max_complexity=4.48991e+08, min_complexity=1.33822e+08

SuperConvK3BNRELU(3,24,2,1)SuperResIDWE2K3(24,48,2,16,2)SuperResIDWE1K7(48,160,2,80,3)SuperResIDWE2K7(160,240,2,32,1)SuperResIDWE6K3(240,128,2,128,3)SuperConvK1BNRELU(128,2048,1,1)
loop_count=2900/10000, time=0.208882h,
max_trainability=-0.0894362, min_trainability=-0.916409
max_complexity=4.48991e+08, min_complexity=1.33822e+08

SuperConvK3BNRELU(3,24,2,1)SuperResIDWE2K3(24,48,2,16,2)SuperResIDWE1K7(48,160,2,80,3)SuperResIDWE2K7(160,240,2,32,1)SuperResIDWE6K3(240,128,2,128,3)SuperConvK1BNRELU(128,2048,1,1)
loop_count=3000/10000, time=0.216645h,
max_trainability=-0.0894362, min_trainability=-0.916409
max_complexity=4.48991e+08, min_complexity=1.33822e+08

SuperConvK3BNRELU(3,24,2,1)SuperResIDWE2K3(24,48,2,16,2)SuperResIDWE1K7(48,160,2,80,3)SuperResIDWE2K7(160,240,2,32,1)SuperResIDWE6K3(240,128,2,128,3)SuperConvK1BNRELU(128,2048,1,1)
loop_count=3100/10000, time=0.224019h,
max_trainability=-0.0894362, min_trainability=-0.916409
max_complexity=4.48991e+08, min_complexity=1.33822e+08

SuperConvK3BNRELU(3,24,2,1)SuperResIDWE2K3(24,48,2,16,2)SuperResIDWE1K7(48,160,2,80,3)SuperResIDWE2K7(160,240,2,32,1)SuperResIDWE6K3(240,128,2,128,3)SuperConvK1BNRELU(128,2048,1,1)
loop_count=3200/10000, time=0.231772h,
max_trainability=-0.0894362, min_trainability=-0.916409
max_complexity=4.48991e+08, min_complexity=1.33822e+08

SuperConvK3BNRELU(3,24,2,1)SuperResIDWE2K3(24,48,2,16,2)SuperResIDWE1K7(48,160,2,80,3)SuperResIDWE2K7(160,240,2,32,1)SuperResIDWE6K3(240,128,2,128,3)SuperConvK1BNRELU(128,2048,1,1)
loop_count=3300/10000, time=0.238205h,
max_trainability=-0.0894362, min_trainability=-0.916409
max_complexity=4.48991e+08, min_complexity=1.33822e+08

SuperConvK3BNRELU(3,24,2,1)SuperResIDWE2K3(24,48,2,16,2)SuperResIDWE1K7(48,160,2,80,3)SuperResIDWE2K7(160,240,2,32,1)SuperResIDWE6K3(240,128,2,128,3)SuperConvK1BNRELU(128,2048,1,1)
loop_count=3400/10000, time=0.244121h,
max_trainability=-0.0894362, min_trainability=-0.916409
max_complexity=4.48991e+08, min_complexity=1.33822e+08

SuperConvK3BNRELU(3,24,2,1)SuperResIDWE2K3(24,48,2,16,2)SuperResIDWE1K7(48,160,2,80,3)SuperResIDWE2K7(160,240,2,32,1)SuperResIDWE6K3(240,128,2,128,3)SuperConvK1BNRELU(128,2048,1,1)
loop_count=3500/10000, time=0.252145h,
max_trainability=-0.0894362, min_trainability=-0.916409
max_complexity=4.48991e+08, min_complexity=1.33822e+08

SuperConvK3BNRELU(3,24,2,1)SuperResIDWE2K3(24,48,2,16,2)SuperResIDWE1K7(48,160,2,80,3)SuperResIDWE2K7(160,240,2,32,1)SuperResIDWE6K3(240,128,2,128,3)SuperConvK1BNRELU(128,2048,1,1)
loop_count=3600/10000, time=0.259285h,
max_trainability=-0.0894362, min_trainability=-0.916409
max_complexity=4.48991e+08, min_complexity=1.33822e+08

SuperConvK3BNRELU(3,24,2,1)SuperResIDWE2K3(24,48,2,16,2)SuperResIDWE1K7(48,160,2,80,3)SuperResIDWE2K7(160,240,2,32,1)SuperResIDWE6K3(240,128,2,128,3)SuperConvK1BNRELU(128,2048,1,1)
loop_count=3700/10000, time=0.266882h,
max_trainability=-0.0894362, min_trainability=-0.916409
max_complexity=4.48991e+08, min_complexity=1.33822e+08

SuperConvK3BNRELU(3,24,2,1)SuperResIDWE2K3(24,48,2,16,2)SuperResIDWE1K7(48,160,2,80,3)SuperResIDWE2K7(160,240,2,32,1)SuperResIDWE6K3(240,128,2,128,3)SuperConvK1BNRELU(128,2048,1,1)
loop_count=3800/10000, time=0.274422h,
max_trainability=-0.0894362, min_trainability=-0.916409
max_complexity=4.48991e+08, min_complexity=1.33822e+08

SuperConvK3BNRELU(3,24,2,1)SuperResIDWE2K3(24,48,2,16,2)SuperResIDWE1K7(48,160,2,80,3)SuperResIDWE2K7(160,240,2,32,1)SuperResIDWE6K3(240,128,2,128,3)SuperConvK1BNRELU(128,2048,1,1)
loop_count=3900/10000, time=0.280326h,
max_trainability=-0.0894362, min_trainability=-0.916409
max_complexity=4.48991e+08, min_complexity=1.33822e+08

SuperConvK3BNRELU(3,24,2,1)SuperResIDWE2K3(24,48,2,16,2)SuperResIDWE1K7(48,160,2,80,3)SuperResIDWE2K7(160,240,2,32,1)SuperResIDWE6K3(240,128,2,128,3)SuperConvK1BNRELU(128,2048,1,1)
loop_count=4000/10000, time=0.285766h,
max_trainability=-0.0894362, min_trainability=-0.916409
max_complexity=4.48991e+08, min_complexity=1.33822e+08

SuperConvK3BNRELU(3,24,2,1)SuperResIDWE2K3(24,48,2,16,2)SuperResIDWE1K7(48,160,2,80,3)SuperResIDWE2K7(160,240,2,32,1)SuperResIDWE6K3(240,128,2,128,3)SuperConvK1BNRELU(128,2048,1,1)
loop_count=4100/10000, time=0.291866h,
max_trainability=-0.0894362, min_trainability=-0.916409
max_complexity=4.48991e+08, min_complexity=1.33822e+08

SuperConvK3BNRELU(3,24,2,1)SuperResIDWE2K3(24,48,2,16,2)SuperResIDWE1K7(48,160,2,80,3)SuperResIDWE2K7(160,240,2,32,1)SuperResIDWE6K3(240,128,2,128,3)SuperConvK1BNRELU(128,2048,1,1)
loop_count=4200/10000, time=0.296212h,
max_trainability=-0.0894362, min_trainability=-0.916409
max_complexity=4.48991e+08, min_complexity=1.33822e+08

SuperConvK3BNRELU(3,24,2,1)SuperResIDWE2K3(24,48,2,16,2)SuperResIDWE1K7(48,160,2,80,3)SuperResIDWE2K7(160,240,2,32,1)SuperResIDWE6K3(240,128,2,128,3)SuperConvK1BNRELU(128,2048,1,1)
loop_count=4300/10000, time=0.302354h,
max_trainability=-0.0894362, min_trainability=-0.916409
max_complexity=4.48991e+08, min_complexity=1.33822e+08

SuperConvK3BNRELU(3,24,2,1)SuperResIDWE2K3(24,48,2,16,2)SuperResIDWE1K7(48,160,2,80,3)SuperResIDWE2K7(160,240,2,32,1)SuperResIDWE6K3(240,128,2,128,3)SuperConvK1BNRELU(128,2048,1,1)
loop_count=4400/10000, time=0.308051h,
max_trainability=-0.0894362, min_trainability=-0.916409
max_complexity=4.48991e+08, min_complexity=1.33822e+08

SuperConvK3BNRELU(3,24,2,1)SuperResIDWE2K3(24,48,2,16,2)SuperResIDWE1K7(48,160,2,80,3)SuperResIDWE2K7(160,240,2,32,1)SuperResIDWE6K3(240,128,2,128,3)SuperConvK1BNRELU(128,2048,1,1)
loop_count=4500/10000, time=0.312842h,
max_trainability=-0.0894362, min_trainability=-0.916409
max_complexity=4.48991e+08, min_complexity=1.33822e+08

SuperConvK3BNRELU(3,24,2,1)SuperResIDWE2K3(24,48,2,16,2)SuperResIDWE1K7(48,160,2,80,3)SuperResIDWE2K7(160,240,2,32,1)SuperResIDWE6K3(240,128,2,128,3)SuperConvK1BNRELU(128,2048,1,1)
loop_count=4600/10000, time=0.318271h,
max_trainability=-0.0894362, min_trainability=-0.916409
max_complexity=4.48991e+08, min_complexity=1.33822e+08

SuperConvK3BNRELU(3,24,2,1)SuperResIDWE2K3(24,48,2,16,2)SuperResIDWE1K7(48,160,2,80,3)SuperResIDWE2K7(160,240,2,32,1)SuperResIDWE6K3(240,128,2,128,3)SuperConvK1BNRELU(128,2048,1,1)
loop_count=4700/10000, time=0.325611h,
max_trainability=-0.0894362, min_trainability=-0.916409
max_complexity=4.48991e+08, min_complexity=1.33822e+08

SuperConvK3BNRELU(3,24,2,1)SuperResIDWE2K3(24,48,2,16,2)SuperResIDWE1K7(48,160,2,80,3)SuperResIDWE2K7(160,240,2,32,1)SuperResIDWE6K3(240,128,2,128,3)SuperConvK1BNRELU(128,2048,1,1)
loop_count=4800/10000, time=0.332363h,
max_trainability=-0.0894362, min_trainability=-0.916409
max_complexity=4.48991e+08, min_complexity=1.33822e+08

SuperConvK3BNRELU(3,24,2,1)SuperResIDWE2K3(24,48,2,16,2)SuperResIDWE1K7(48,160,2,80,3)SuperResIDWE2K7(160,240,2,32,1)SuperResIDWE6K3(240,128,2,128,3)SuperConvK1BNRELU(128,2048,1,1)
loop_count=4900/10000, time=0.338891h,
max_trainability=-0.0894362, min_trainability=-0.916409
max_complexity=4.48991e+08, min_complexity=1.33822e+08

SuperConvK3BNRELU(3,24,2,1)SuperResIDWE2K3(24,48,2,16,2)SuperResIDWE1K7(48,160,2,80,3)SuperResIDWE2K7(160,240,2,32,1)SuperResIDWE6K3(240,128,2,128,3)SuperConvK1BNRELU(128,2048,1,1)
loop_count=5000/10000, time=0.346074h,
max_trainability=-0.0894362, min_trainability=-0.916409
max_complexity=4.48991e+08, min_complexity=1.33822e+08

SuperConvK3BNRELU(3,24,2,1)SuperResIDWE2K3(24,48,2,16,2)SuperResIDWE1K7(48,160,2,80,3)SuperResIDWE2K7(160,240,2,32,1)SuperResIDWE6K3(240,128,2,128,3)SuperConvK1BNRELU(128,2048,1,1)
loop_count=5100/10000, time=0.351951h,
max_trainability=-0.0894362, min_trainability=-0.916409
max_complexity=4.48991e+08, min_complexity=1.33822e+08

SuperConvK3BNRELU(3,24,2,1)SuperResIDWE2K3(24,48,2,16,2)SuperResIDWE1K7(48,160,2,80,3)SuperResIDWE2K7(160,240,2,32,1)SuperResIDWE6K3(240,128,2,128,3)SuperConvK1BNRELU(128,2048,1,1)
loop_count=5200/10000, time=0.358169h,
max_trainability=-0.0894362, min_trainability=-0.916409
max_complexity=4.48991e+08, min_complexity=1.33822e+08

SuperConvK3BNRELU(3,24,2,1)SuperResIDWE2K3(24,48,2,16,2)SuperResIDWE1K7(48,160,2,80,3)SuperResIDWE2K7(160,240,2,32,1)SuperResIDWE6K3(240,128,2,128,3)SuperConvK1BNRELU(128,2048,1,1)
loop_count=5300/10000, time=0.364668h,
max_trainability=-0.0894362, min_trainability=-0.916409
max_complexity=4.48991e+08, min_complexity=1.33822e+08

SuperConvK3BNRELU(3,24,2,1)SuperResIDWE2K3(24,48,2,16,2)SuperResIDWE1K7(48,160,2,80,3)SuperResIDWE2K7(160,240,2,32,1)SuperResIDWE6K3(240,128,2,128,3)SuperConvK1BNRELU(128,2048,1,1)
loop_count=5400/10000, time=0.370964h,
max_trainability=-0.0894362, min_trainability=-0.916409
max_complexity=4.48991e+08, min_complexity=1.33822e+08

SuperConvK3BNRELU(3,24,2,1)SuperResIDWE2K3(24,48,2,16,2)SuperResIDWE1K7(48,160,2,80,3)SuperResIDWE2K7(160,240,2,32,1)SuperResIDWE6K3(240,128,2,128,3)SuperConvK1BNRELU(128,2048,1,1)
loop_count=5500/10000, time=0.377913h,
max_trainability=-0.0894362, min_trainability=-0.916409
max_complexity=4.48991e+08, min_complexity=1.33822e+08

SuperConvK3BNRELU(3,24,2,1)SuperResIDWE2K3(24,48,2,16,2)SuperResIDWE1K7(48,160,2,80,3)SuperResIDWE2K7(160,240,2,32,1)SuperResIDWE6K3(240,128,2,128,3)SuperConvK1BNRELU(128,2048,1,1)
loop_count=5600/10000, time=0.385617h,
max_trainability=-0.0894362, min_trainability=-0.916409
max_complexity=4.48991e+08, min_complexity=1.33822e+08

SuperConvK3BNRELU(3,24,2,1)SuperResIDWE2K3(24,48,2,16,2)SuperResIDWE1K7(48,160,2,80,3)SuperResIDWE2K7(160,240,2,32,1)SuperResIDWE6K3(240,128,2,128,3)SuperConvK1BNRELU(128,2048,1,1)
loop_count=5700/10000, time=0.392607h,
max_trainability=-0.0894362, min_trainability=-0.916409
max_complexity=4.48991e+08, min_complexity=1.33822e+08

SuperConvK3BNRELU(3,24,2,1)SuperResIDWE2K3(24,48,2,16,2)SuperResIDWE1K7(48,160,2,80,3)SuperResIDWE2K7(160,240,2,32,1)SuperResIDWE6K3(240,128,2,128,3)SuperConvK1BNRELU(128,2048,1,1)
loop_count=5800/10000, time=0.398959h,
max_trainability=-0.0894362, min_trainability=-0.916409
max_complexity=4.48991e+08, min_complexity=1.33822e+08

SuperConvK3BNRELU(3,24,2,1)SuperResIDWE2K3(24,48,2,16,2)SuperResIDWE1K7(48,160,2,80,3)SuperResIDWE2K7(160,240,2,32,1)SuperResIDWE6K3(240,128,2,128,3)SuperConvK1BNRELU(128,2048,1,1)
loop_count=5900/10000, time=0.404857h,
max_trainability=-0.0894362, min_trainability=-0.916409
max_complexity=4.48991e+08, min_complexity=1.33822e+08

SuperConvK3BNRELU(3,24,2,1)SuperResIDWE2K3(24,48,2,16,2)SuperResIDWE1K7(48,160,2,80,3)SuperResIDWE2K7(160,240,2,32,1)SuperResIDWE6K3(240,128,2,128,3)SuperConvK1BNRELU(128,2048,1,1)
loop_count=6000/10000, time=0.409888h,
max_trainability=-0.0894362, min_trainability=-0.916409
max_complexity=4.48991e+08, min_complexity=1.33822e+08

SuperConvK3BNRELU(3,24,2,1)SuperResIDWE2K3(24,48,2,16,2)SuperResIDWE1K7(48,160,2,80,3)SuperResIDWE2K7(160,240,2,32,1)SuperResIDWE6K3(240,128,2,128,3)SuperConvK1BNRELU(128,2048,1,1)
loop_count=6100/10000, time=0.415567h,
max_trainability=-0.0894362, min_trainability=-0.916409
max_complexity=4.48991e+08, min_complexity=1.33822e+08

SuperConvK3BNRELU(3,24,2,1)SuperResIDWE2K3(24,48,2,16,2)SuperResIDWE1K7(48,160,2,80,3)SuperResIDWE2K7(160,240,2,32,1)SuperResIDWE6K3(240,128,2,128,3)SuperConvK1BNRELU(128,2048,1,1)
loop_count=6200/10000, time=0.421252h,
max_trainability=-0.0894362, min_trainability=-0.916409
max_complexity=4.48991e+08, min_complexity=1.33822e+08

SuperConvK3BNRELU(3,24,2,1)SuperResIDWE2K3(24,48,2,16,2)SuperResIDWE1K7(48,160,2,80,3)SuperResIDWE2K7(160,240,2,32,1)SuperResIDWE6K3(240,128,2,128,3)SuperConvK1BNRELU(128,2048,1,1)
loop_count=6300/10000, time=0.428285h,
max_trainability=-0.0894362, min_trainability=-0.916409
max_complexity=4.48991e+08, min_complexity=1.33822e+08

SuperConvK3BNRELU(3,24,2,1)SuperResIDWE2K3(24,48,2,16,2)SuperResIDWE1K7(48,160,2,80,3)SuperResIDWE2K7(160,240,2,32,1)SuperResIDWE6K3(240,128,2,128,3)SuperConvK1BNRELU(128,2048,1,1)
loop_count=6400/10000, time=0.434713h,
max_trainability=-0.0894362, min_trainability=-0.916409
max_complexity=4.48991e+08, min_complexity=1.33822e+08

SuperConvK3BNRELU(3,24,2,1)SuperResIDWE2K3(24,48,2,16,2)SuperResIDWE1K7(48,160,2,80,3)SuperResIDWE2K7(160,240,2,32,1)SuperResIDWE6K3(240,128,2,128,3)SuperConvK1BNRELU(128,2048,1,1)
loop_count=6500/10000, time=0.440539h,
max_trainability=-0.0894362, min_trainability=-0.916409
max_complexity=4.48991e+08, min_complexity=1.33822e+08

SuperConvK3BNRELU(3,24,2,1)SuperResIDWE2K3(24,48,2,16,2)SuperResIDWE1K7(48,160,2,80,3)SuperResIDWE2K7(160,240,2,32,1)SuperResIDWE6K3(240,128,2,128,3)SuperConvK1BNRELU(128,2048,1,1)
loop_count=6600/10000, time=0.445989h,
max_trainability=-0.0894362, min_trainability=-0.916409
max_complexity=4.48991e+08, min_complexity=1.33822e+08

SuperConvK3BNRELU(3,24,2,1)SuperResIDWE2K3(24,48,2,16,2)SuperResIDWE1K7(48,160,2,80,3)SuperResIDWE2K7(160,240,2,32,1)SuperResIDWE6K3(240,128,2,128,3)SuperConvK1BNRELU(128,2048,1,1)
loop_count=6700/10000, time=0.452102h,
max_trainability=-0.0894362, min_trainability=-0.916409
max_complexity=4.48991e+08, min_complexity=1.33822e+08

SuperConvK3BNRELU(3,24,2,1)SuperResIDWE2K3(24,48,2,16,2)SuperResIDWE1K7(48,160,2,80,3)SuperResIDWE2K7(160,240,2,32,1)SuperResIDWE6K3(240,128,2,128,3)SuperConvK1BNRELU(128,2048,1,1)
loop_count=6800/10000, time=0.45733h,
max_trainability=-0.0894362, min_trainability=-0.916409
max_complexity=4.48991e+08, min_complexity=1.33822e+08

SuperConvK3BNRELU(3,48,2,1)SuperResIDWE4K3(48,40,2,16,1)SuperResIDWE4K3(40,48,2,64,3)SuperResIDWE1K3(48,96,2,96,5)SuperResIDWE4K3(96,256,2,440,1)SuperConvK1BNRELU(256,2048,1,1)
loop_count=6900/10000, time=0.461772h,
max_trainability=-0.0689581, min_trainability=-0.916409
max_complexity=4.45824e+08, min_complexity=1.33822e+08

SuperConvK3BNRELU(3,48,2,1)SuperResIDWE4K3(48,40,2,16,1)SuperResIDWE4K3(40,48,2,64,3)SuperResIDWE1K3(48,96,2,96,5)SuperResIDWE4K3(96,256,2,440,1)SuperConvK1BNRELU(256,2048,1,1)
loop_count=7000/10000, time=0.467557h,
max_trainability=-0.0689581, min_trainability=-0.916409
max_complexity=4.45824e+08, min_complexity=1.33822e+08

SuperConvK3BNRELU(3,48,2,1)SuperResIDWE4K3(48,40,2,16,1)SuperResIDWE4K3(40,48,2,64,3)SuperResIDWE1K3(48,96,2,96,5)SuperResIDWE4K3(96,256,2,440,1)SuperConvK1BNRELU(256,2048,1,1)
loop_count=7100/10000, time=0.472278h,
max_trainability=-0.0689581, min_trainability=-0.916409
max_complexity=4.45824e+08, min_complexity=1.33822e+08

SuperConvK3BNRELU(3,48,2,1)SuperResIDWE4K3(48,40,2,16,1)SuperResIDWE4K3(40,48,2,64,3)SuperResIDWE1K3(48,96,2,96,5)SuperResIDWE4K3(96,256,2,440,1)SuperConvK1BNRELU(256,2048,1,1)
loop_count=7200/10000, time=0.476862h,
max_trainability=-0.0689581, min_trainability=-0.916409
max_complexity=4.45824e+08, min_complexity=1.33822e+08

SuperConvK3BNRELU(3,48,2,1)SuperResIDWE4K3(48,40,2,16,1)SuperResIDWE4K3(40,48,2,64,3)SuperResIDWE1K3(48,96,2,96,5)SuperResIDWE4K3(96,256,2,440,1)SuperConvK1BNRELU(256,2048,1,1)
loop_count=7300/10000, time=0.482363h,
max_trainability=-0.0689581, min_trainability=-0.916409
max_complexity=4.45824e+08, min_complexity=1.33822e+08

SuperConvK3BNRELU(3,40,2,1)SuperResIDWE6K3(40,64,2,16,2)SuperResIDWE1K3(64,64,2,96,2)SuperResIDWE1K5(64,120,2,48,2)SuperResIDWE1K5(120,128,2,128,3)SuperConvK1BNRELU(128,2048,1,1)
loop_count=7400/10000, time=0.488458h,
max_trainability=-0.0775965, min_trainability=-0.916409
max_complexity=4.48502e+08, min_complexity=1.33822e+08

SuperConvK3BNRELU(3,40,2,1)SuperResIDWE6K3(40,64,2,16,2)SuperResIDWE1K3(64,64,2,96,2)SuperResIDWE1K5(64,120,2,48,2)SuperResIDWE1K5(120,128,2,128,3)SuperConvK1BNRELU(128,2048,1,1)
loop_count=7500/10000, time=0.494686h,
max_trainability=-0.0775965, min_trainability=-0.916409
max_complexity=4.48502e+08, min_complexity=1.33822e+08

SuperConvK3BNRELU(3,40,2,1)SuperResIDWE6K3(40,64,2,16,2)SuperResIDWE1K3(64,64,2,96,2)SuperResIDWE1K5(64,120,2,48,2)SuperResIDWE1K5(120,128,2,128,3)SuperConvK1BNRELU(128,2048,1,1)
loop_count=7600/10000, time=0.501274h,
max_trainability=-0.0775965, min_trainability=-0.916409
max_complexity=4.48502e+08, min_complexity=1.33822e+08

SuperConvK3BNRELU(3,40,2,1)SuperResIDWE6K3(40,64,2,16,2)SuperResIDWE1K3(64,64,2,96,2)SuperResIDWE1K5(64,120,2,48,2)SuperResIDWE1K5(120,128,2,128,3)SuperConvK1BNRELU(128,2048,1,1)
loop_count=7700/10000, time=0.506326h,
max_trainability=-0.0775965, min_trainability=-0.916409
max_complexity=4.48502e+08, min_complexity=1.33822e+08

SuperConvK3BNRELU(3,40,2,1)SuperResIDWE6K3(40,64,2,16,2)SuperResIDWE1K3(64,64,2,96,2)SuperResIDWE1K5(64,120,2,48,2)SuperResIDWE1K5(120,128,2,128,3)SuperConvK1BNRELU(128,2048,1,1)
loop_count=7800/10000, time=0.511671h,
max_trainability=-0.0775965, min_trainability=-0.916409
max_complexity=4.48502e+08, min_complexity=1.33822e+08

SuperConvK3BNRELU(3,40,2,1)SuperResIDWE6K3(40,64,2,16,2)SuperResIDWE1K3(64,64,2,96,2)SuperResIDWE1K5(64,120,2,48,2)SuperResIDWE1K5(120,128,2,128,3)SuperConvK1BNRELU(128,2048,1,1)
loop_count=7900/10000, time=0.51816h,
max_trainability=-0.0775965, min_trainability=-0.916409
max_complexity=4.48502e+08, min_complexity=1.33822e+08

SuperConvK3BNRELU(3,40,2,1)SuperResIDWE6K3(40,64,2,16,2)SuperResIDWE1K3(64,64,2,96,2)SuperResIDWE1K5(64,120,2,48,2)SuperResIDWE1K5(120,128,2,128,3)SuperConvK1BNRELU(128,2048,1,1)
loop_count=8000/10000, time=0.52405h,
max_trainability=-0.0775965, min_trainability=-0.916409
max_complexity=4.48502e+08, min_complexity=1.33822e+08

SuperConvK3BNRELU(3,40,2,1)SuperResIDWE6K3(40,64,2,16,2)SuperResIDWE1K3(64,64,2,96,2)SuperResIDWE1K5(64,120,2,48,2)SuperResIDWE1K5(120,128,2,128,3)SuperConvK1BNRELU(128,2048,1,1)
loop_count=8100/10000, time=0.529806h,
max_trainability=-0.0775965, min_trainability=-0.916409
max_complexity=4.48502e+08, min_complexity=1.33822e+08

SuperConvK3BNRELU(3,40,2,1)SuperResIDWE6K3(40,64,2,16,2)SuperResIDWE1K3(64,64,2,96,2)SuperResIDWE1K5(64,120,2,48,2)SuperResIDWE1K5(120,128,2,128,3)SuperConvK1BNRELU(128,2048,1,1)
loop_count=8200/10000, time=0.535219h,
max_trainability=-0.0775965, min_trainability=-0.916409
max_complexity=4.48502e+08, min_complexity=1.33822e+08

SuperConvK3BNRELU(3,48,2,1)SuperResIDWE6K3(48,48,2,16,3)SuperResIDWE1K3(48,48,2,200,1)SuperResIDWE2K3(48,48,2,32,4)SuperResIDWE1K3(48,24,2,24,4)SuperConvK1BNRELU(24,2048,1,1)
loop_count=8300/10000, time=0.540814h,
max_trainability=-0.0823075, min_trainability=-0.916409
max_complexity=4.49862e+08, min_complexity=1.33822e+08

SuperConvK3BNRELU(3,48,2,1)SuperResIDWE6K3(48,48,2,16,3)SuperResIDWE1K3(48,48,2,200,1)SuperResIDWE2K3(48,48,2,32,4)SuperResIDWE1K3(48,24,2,24,4)SuperConvK1BNRELU(24,2048,1,1)
loop_count=8400/10000, time=0.545718h,
max_trainability=-0.0823075, min_trainability=-0.916409
max_complexity=4.49862e+08, min_complexity=1.33822e+08

SuperConvK3BNRELU(3,48,2,1)SuperResIDWE6K3(48,48,2,16,3)SuperResIDWE1K3(48,48,2,200,1)SuperResIDWE2K3(48,48,2,32,4)SuperResIDWE1K3(48,24,2,24,4)SuperConvK1BNRELU(24,2048,1,1)
loop_count=8500/10000, time=0.552413h,
max_trainability=-0.0823075, min_trainability=-0.916409
max_complexity=4.49862e+08, min_complexity=1.33822e+08

SuperConvK3BNRELU(3,48,2,1)SuperResIDWE6K3(48,48,2,16,3)SuperResIDWE1K3(48,48,2,200,1)SuperResIDWE2K3(48,48,2,32,4)SuperResIDWE1K3(48,24,2,24,4)SuperConvK1BNRELU(24,2048,1,1)
loop_count=8600/10000, time=0.559816h,
max_trainability=-0.0823075, min_trainability=-0.916409
max_complexity=4.49862e+08, min_complexity=1.33822e+08

SuperConvK3BNRELU(3,32,2,1)SuperResIDWE2K3(32,32,2,16,2)SuperResIDWE6K5(32,64,2,48,4)SuperResIDWE1K7(64,48,2,160,2)SuperResIDWE2K3(48,80,2,80,4)SuperConvK1BNRELU(80,2048,1,1)
loop_count=8700/10000, time=0.565967h,
max_trainability=-0.0209417, min_trainability=-0.916409
max_complexity=4.43146e+08, min_complexity=1.33822e+08

SuperConvK3BNRELU(3,48,2,1)SuperResIDWE6K3(48,48,2,16,3)SuperResIDWE1K3(48,48,2,200,1)SuperResIDWE2K3(48,48,2,32,4)SuperResIDWE1K3(48,24,2,24,4)SuperConvK1BNRELU(24,2048,1,1)
loop_count=8800/10000, time=0.57132h,
max_trainability=-0.0823075, min_trainability=-0.916409
max_complexity=4.49862e+08, min_complexity=1.33822e+08

SuperConvK3BNRELU(3,32,2,1)SuperResIDWE2K3(32,32,2,16,2)SuperResIDWE6K5(32,64,2,48,4)SuperResIDWE1K7(64,48,2,160,2)SuperResIDWE2K3(48,80,2,80,4)SuperConvK1BNRELU(80,2048,1,1)
loop_count=8900/10000, time=0.575523h,
max_trainability=-0.0209417, min_trainability=-0.916409
max_complexity=4.43146e+08, min_complexity=1.33822e+08

SuperConvK3BNRELU(3,16,2,1)SuperResIDWE1K3(16,32,2,40,3)SuperResIDWE1K3(32,32,1,32,5)SuperResIDWE2K7(32,80,2,144,2)SuperResIDWE1K5(80,120,2,64,1)SuperResIDWE1K7(120,208,2,192,1)SuperConvK1BNRELU(208,2048,1,1)
loop_count=9000/10000, time=0.58099h,
max_trainability=-0.0778414, min_trainability=-0.916409
max_complexity=4.49648e+08, min_complexity=1.33822e+08

SuperConvK3BNRELU(3,16,2,1)SuperResIDWE1K3(16,32,2,40,3)SuperResIDWE1K3(32,32,1,32,5)SuperResIDWE2K7(32,80,2,144,2)SuperResIDWE1K5(80,120,2,64,1)SuperResIDWE1K7(120,208,2,192,1)SuperConvK1BNRELU(208,2048,1,1)
loop_count=9100/10000, time=0.585942h,
max_trainability=-0.0778414, min_trainability=-0.916409
max_complexity=4.49648e+08, min_complexity=1.33822e+08

SuperConvK3BNRELU(3,16,2,1)SuperResIDWE1K3(16,32,2,40,3)SuperResIDWE1K3(32,32,1,32,5)SuperResIDWE2K7(32,80,2,144,2)SuperResIDWE1K5(80,120,2,64,1)SuperResIDWE1K7(120,208,2,192,1)SuperConvK1BNRELU(208,2048,1,1)
loop_count=9200/10000, time=0.591168h,
max_trainability=-0.0778414, min_trainability=-0.916409
max_complexity=4.49648e+08, min_complexity=1.33822e+08

SuperConvK3BNRELU(3,16,2,1)SuperResIDWE1K3(16,32,2,40,3)SuperResIDWE1K3(32,32,1,32,5)SuperResIDWE2K7(32,80,2,144,2)SuperResIDWE1K5(80,120,2,64,1)SuperResIDWE1K7(120,208,2,192,1)SuperConvK1BNRELU(208,2048,1,1)
loop_count=9300/10000, time=0.596161h,
max_trainability=-0.0778414, min_trainability=-0.916409
max_complexity=4.49648e+08, min_complexity=1.33822e+08

SuperConvK3BNRELU(3,16,2,1)SuperResIDWE1K3(16,32,2,40,3)SuperResIDWE1K3(32,32,1,32,5)SuperResIDWE2K7(32,80,2,144,2)SuperResIDWE1K5(80,120,2,64,1)SuperResIDWE1K7(120,208,2,192,1)SuperConvK1BNRELU(208,2048,1,1)
loop_count=9400/10000, time=0.601944h,
max_trainability=-0.0778414, min_trainability=-0.916409
max_complexity=4.49648e+08, min_complexity=1.33822e+08

SuperConvK3BNRELU(3,16,2,1)SuperResIDWE1K3(16,32,2,40,3)SuperResIDWE1K3(32,32,1,32,5)SuperResIDWE2K7(32,80,2,144,2)SuperResIDWE1K5(80,120,2,64,1)SuperResIDWE1K7(120,208,2,192,1)SuperConvK1BNRELU(208,2048,1,1)
loop_count=9500/10000, time=0.608271h,
max_trainability=-0.0778414, min_trainability=-0.916409
max_complexity=4.49648e+08, min_complexity=1.33822e+08

SuperConvK3BNRELU(3,16,2,1)SuperResIDWE1K3(16,32,2,40,3)SuperResIDWE1K3(32,32,1,32,5)SuperResIDWE2K7(32,80,2,144,2)SuperResIDWE1K5(80,120,2,64,1)SuperResIDWE1K7(120,208,2,192,1)SuperConvK1BNRELU(208,2048,1,1)
loop_count=9600/10000, time=0.614098h,
max_trainability=-0.0778414, min_trainability=-0.916409
max_complexity=4.49648e+08, min_complexity=1.33822e+08

SuperConvK3BNRELU(3,16,2,1)SuperResIDWE1K3(16,32,2,40,3)SuperResIDWE1K3(32,32,1,32,5)SuperResIDWE2K7(32,80,2,144,2)SuperResIDWE1K5(80,120,2,64,1)SuperResIDWE1K7(120,208,2,192,1)SuperConvK1BNRELU(208,2048,1,1)
loop_count=9700/10000, time=0.61943h,
max_trainability=-0.0778414, min_trainability=-0.916409
max_complexity=4.49648e+08, min_complexity=1.33822e+08

SuperConvK3BNRELU(3,16,2,1)SuperResIDWE1K3(16,32,2,40,3)SuperResIDWE1K3(32,32,1,32,5)SuperResIDWE2K7(32,80,2,144,2)SuperResIDWE1K5(80,120,2,64,1)SuperResIDWE1K7(120,208,2,192,1)SuperConvK1BNRELU(208,2048,1,1)
loop_count=9800/10000, time=0.625226h,
max_trainability=-0.0778414, min_trainability=-0.916409
max_complexity=4.49648e+08, min_complexity=1.33822e+08

SuperConvK3BNRELU(3,16,2,1)SuperResIDWE1K3(16,32,2,40,3)SuperResIDWE1K3(32,32,1,32,5)SuperResIDWE2K7(32,80,2,144,2)SuperResIDWE1K5(80,120,2,64,1)SuperResIDWE1K7(120,208,2,192,1)SuperConvK1BNRELU(208,2048,1,1)
loop_count=9900/10000, time=0.631056h,
max_trainability=-0.0778414, min_trainability=-0.916409
max_complexity=4.49648e+08, min_complexity=1.33822e+08

